    <html>
    <head>
<style>
.failure {
background-color: orangered;
}
.success {
background-color: springgreen;
}
</style>
    </head>
    <body>
	<h1>Testing logs for C++</h1>
	<p>Running at Fri Oct  4 05:12:08 AM EDT 2024</p>
  <div id="summary0" class="failure">
    <h2><a href="cxx_logs.html#cxxlog0">Assignment 0</a> </h2>
    <p>
      <ul>
        <li> Build Scaffold : <a href="cxx_logs.html#cxxlog0-buildscaffold">success</a></li>
        <li> Build Answer : <a href="cxx_logs.html#cxxlog0-buildanswer">success</a></li>
        <li> Run Answer : <a href="cxx_logs.html#cxxlog0-runanswer">error</a></li>
      </ul>
    </p>
  </div>
  <div id="summary1" class="failure">
    <h2><a href="cxx_logs.html#cxxlog1">Assignment 1</a> </h2>
    <p>
      <ul>
        <li> Build Scaffold : <a href="cxx_logs.html#cxxlog1-buildscaffold">success</a></li>
        <li> Build Answer : <a href="cxx_logs.html#cxxlog1-buildanswer">success</a></li>
        <li> Run Answer : <a href="cxx_logs.html#cxxlog1-runanswer">error</a></li>
      </ul>
    </p>
  </div>
  <div id="summary2" class="failure">
    <h2><a href="cxx_logs.html#cxxlog2">Assignment 2</a> </h2>
    <p>
      <ul>
        <li> Build Scaffold : <a href="cxx_logs.html#cxxlog2-buildscaffold">success</a></li>
        <li> Build Answer : <a href="cxx_logs.html#cxxlog2-buildanswer">success</a></li>
        <li> Run Answer : <a href="cxx_logs.html#cxxlog2-runanswer">error</a></li>
      </ul>
    </p>
  </div>
  <div id="summary3" class="failure">
    <h2><a href="cxx_logs.html#cxxlog3">Assignment 3</a> </h2>
    <p>
      <ul>
        <li> Build Scaffold : <a href="cxx_logs.html#cxxlog3-buildscaffold">success</a></li>
        <li> Build Answer : <a href="cxx_logs.html#cxxlog3-buildanswer">success</a></li>
        <li> Run Answer : <a href="cxx_logs.html#cxxlog3-runanswer">error</a></li>
      </ul>
    </p>
  </div>
  <div id="summary4" class="failure">
    <h2><a href="cxx_logs.html#cxxlog4">Assignment 4</a> </h2>
    <p>
      <ul>
        <li> Build Scaffold : <a href="cxx_logs.html#cxxlog4-buildscaffold">error</a></li>
        <li> Build Answer : <a href="cxx_logs.html#cxxlog4-buildanswer">success</a></li>
        <li> Run Answer : <a href="cxx_logs.html#cxxlog4-runanswer">success</a></li>
      </ul>
    </p>
  </div>
  <div id="summary5" class="failure">
    <h2><a href="cxx_logs.html#cxxlog5">Assignment 5</a> </h2>
    <p>
      <ul>
        <li> Build Scaffold : <a href="cxx_logs.html#cxxlog5-buildscaffold">success</a></li>
        <li> Build Answer : <a href="cxx_logs.html#cxxlog5-buildanswer">success</a></li>
        <li> Run Answer : <a href="cxx_logs.html#cxxlog5-runanswer">error</a></li>
      </ul>
    </p>
  </div>
  <div id="summary6" class="failure">
    <h2><a href="cxx_logs.html#cxxlog6">Assignment 6</a> </h2>
    <p>
      <ul>
        <li> Build Scaffold : <a href="cxx_logs.html#cxxlog6-buildscaffold">success</a></li>
        <li> Build Answer : <a href="cxx_logs.html#cxxlog6-buildanswer">success</a></li>
        <li> Run Answer : <a href="cxx_logs.html#cxxlog6-runanswer">error</a></li>
      </ul>
    </p>
  </div>
  <div id="summary7" class="failure">
    <h2><a href="cxx_logs.html#cxxlog7">Assignment 7</a> </h2>
    <p>
      <ul>
        <li> Build Scaffold : <a href="cxx_logs.html#cxxlog7-buildscaffold">success</a></li>
        <li> Build Answer : <a href="cxx_logs.html#cxxlog7-buildanswer">success</a></li>
        <li> Run Answer : <a href="cxx_logs.html#cxxlog7-runanswer">error</a></li>
      </ul>
    </p>
  </div>
  <div id="summary8" class="failure">
    <h2><a href="cxx_logs.html#cxxlog8">Assignment 8</a> </h2>
    <p>
      <ul>
        <li> Build Scaffold : <a href="cxx_logs.html#cxxlog8-buildscaffold">success</a></li>
        <li> Build Answer : <a href="cxx_logs.html#cxxlog8-buildanswer">success</a></li>
        <li> Run Answer : <a href="cxx_logs.html#cxxlog8-runanswer">error</a></li>
      </ul>
    </p>
  </div>
  <div id="summary9" class="failure">
    <h2><a href="cxx_logs.html#cxxlog9">Assignment 9</a> </h2>
    <p>
      <ul>
        <li> Build Scaffold : <a href="cxx_logs.html#cxxlog9-buildscaffold">success</a></li>
        <li> Build Answer : <a href="cxx_logs.html#cxxlog9-buildanswer">success</a></li>
        <li> Run Answer : <a href="cxx_logs.html#cxxlog9-runanswer">error</a></li>
      </ul>
    </p>
  </div>
  <div id="summary10" class="failure">
    <h2><a href="cxx_logs.html#cxxlog10">Assignment 10</a> </h2>
    <p>
      <ul>
        <li> Build Scaffold : <a href="cxx_logs.html#cxxlog10-buildscaffold">success</a></li>
        <li> Build Answer : <a href="cxx_logs.html#cxxlog10-buildanswer">error</a></li>
        <li> Run Answer : <a href="cxx_logs.html#cxxlog10-runanswer">error</a></li>
      </ul>
    </p>
  </div>
  <div id="summary11" class="failure">
    <h2><a href="cxx_logs.html#cxxlog11">Assignment 11</a> </h2>
    <p>
      <ul>
        <li> Build Scaffold : <a href="cxx_logs.html#cxxlog11-buildscaffold">success</a></li>
        <li> Build Answer : <a href="cxx_logs.html#cxxlog11-buildanswer">success</a></li>
        <li> Run Answer : <a href="cxx_logs.html#cxxlog11-runanswer">error</a></li>
      </ul>
    </p>
  </div>
  <div id="summary12" class="failure">
    <h2><a href="cxx_logs.html#cxxlog12">Assignment 12</a> </h2>
    <p>
      <ul>
        <li> Build Scaffold : <a href="cxx_logs.html#cxxlog12-buildscaffold">success</a></li>
        <li> Build Answer : <a href="cxx_logs.html#cxxlog12-buildanswer">success</a></li>
        <li> Run Answer : <a href="cxx_logs.html#cxxlog12-runanswer">error</a></li>
      </ul>
    </p>
  </div>
  <div id="summary13" class="failure">
    <h2><a href="cxx_logs.html#cxxlog13">Assignment 13</a> </h2>
    <p>
      <ul>
        <li> Build Scaffold : <a href="cxx_logs.html#cxxlog13-buildscaffold">success</a></li>
        <li> Build Answer : <a href="cxx_logs.html#cxxlog13-buildanswer">success</a></li>
        <li> Run Answer : <a href="cxx_logs.html#cxxlog13-runanswer">error</a></li>
      </ul>
    </p>
  </div>
  <div id="summary14" class="failure">
    <h2><a href="cxx_logs.html#cxxlog14">Assignment 14</a> </h2>
    <p>
      <ul>
        <li> Build Scaffold : <a href="cxx_logs.html#cxxlog14-buildscaffold">success</a></li>
        <li> Build Answer : <a href="cxx_logs.html#cxxlog14-buildanswer">success</a></li>
        <li> Run Answer : <a href="cxx_logs.html#cxxlog14-runanswer">error</a></li>
      </ul>
    </p>
  </div>
  <div id="summary15" class="failure">
    <h2><a href="cxx_logs.html#cxxlog15">Assignment 15</a> </h2>
    <p>
      <ul>
        <li> Build Scaffold : <a href="cxx_logs.html#cxxlog15-buildscaffold">success</a></li>
        <li> Build Answer : <a href="cxx_logs.html#cxxlog15-buildanswer">success</a></li>
        <li> Run Answer : <a href="cxx_logs.html#cxxlog15-runanswer">error</a></li>
      </ul>
    </p>
  </div>
  <div id="summary16" class="failure">
    <h2><a href="cxx_logs.html#cxxlog16">Assignment 16</a> </h2>
    <p>
      <ul>
        <li> Build Scaffold : <a href="cxx_logs.html#cxxlog16-buildscaffold">success</a></li>
        <li> Build Answer : <a href="cxx_logs.html#cxxlog16-buildanswer">success</a></li>
        <li> Run Answer : <a href="cxx_logs.html#cxxlog16-runanswer">error</a></li>
      </ul>
    </p>
  </div>
  <div id="summary17" class="failure">
    <h2><a href="cxx_logs.html#cxxlog17">Assignment 17</a> </h2>
    <p>
      <ul>
        <li> Build Scaffold : <a href="cxx_logs.html#cxxlog17-buildscaffold">success</a></li>
        <li> Build Answer : <a href="cxx_logs.html#cxxlog17-buildanswer">success</a></li>
        <li> Run Answer : <a href="cxx_logs.html#cxxlog17-runanswer">error</a></li>
      </ul>
    </p>
  </div>
  <div id="summary18" class="failure">
    <h2><a href="cxx_logs.html#cxxlog18">Assignment 18</a> </h2>
    <p>
      <ul>
        <li> Build Scaffold : <a href="cxx_logs.html#cxxlog18-buildscaffold">success</a></li>
        <li> Build Answer : <a href="cxx_logs.html#cxxlog18-buildanswer">success</a></li>
        <li> Run Answer : <a href="cxx_logs.html#cxxlog18-runanswer">error</a></li>
      </ul>
    </p>
  </div>
  <div id="summary19" class="failure">
    <h2><a href="cxx_logs.html#cxxlog19">Assignment 19</a> </h2>
    <p>
      <ul>
        <li> Build Scaffold : <a href="cxx_logs.html#cxxlog19-buildscaffold">success</a></li>
        <li> Build Answer : <a href="cxx_logs.html#cxxlog19-buildanswer">success</a></li>
        <li> Run Answer : <a href="cxx_logs.html#cxxlog19-runanswer">error</a></li>
      </ul>
    </p>
  </div>
  <div id="summary20" class="failure">
    <h2><a href="cxx_logs.html#cxxlog20">Assignment 20</a> </h2>
    <p>
      <ul>
        <li> Build Scaffold : <a href="cxx_logs.html#cxxlog20-buildscaffold">success</a></li>
        <li> Build Answer : <a href="cxx_logs.html#cxxlog20-buildanswer">success</a></li>
        <li> Run Answer : <a href="cxx_logs.html#cxxlog20-runanswer">error</a></li>
      </ul>
    </p>
  </div>
  <div id="summary21" class="failure">
    <h2><a href="cxx_logs.html#cxxlog21">Assignment 21</a> </h2>
    <p>
      <ul>
        <li> Build Scaffold : <a href="cxx_logs.html#cxxlog21-buildscaffold">success</a></li>
        <li> Build Answer : <a href="cxx_logs.html#cxxlog21-buildanswer">success</a></li>
        <li> Run Answer : <a href="cxx_logs.html#cxxlog21-runanswer">error</a></li>
      </ul>
    </p>
  </div>
  <div id="summary22" class="failure">
    <h2><a href="cxx_logs.html#cxxlog22">Assignment 22</a> </h2>
    <p>
      <ul>
        <li> Build Scaffold : <a href="cxx_logs.html#cxxlog22-buildscaffold">success</a></li>
        <li> Build Answer : <a href="cxx_logs.html#cxxlog22-buildanswer">success</a></li>
        <li> Run Answer : <a href="cxx_logs.html#cxxlog22-runanswer">error</a></li>
      </ul>
    </p>
  </div>
  <div id="summary23" class="failure">
    <h2><a href="cxx_logs.html#cxxlog23">Assignment 23</a> </h2>
    <p>
      <ul>
        <li> Build Scaffold : <a href="cxx_logs.html#cxxlog23-buildscaffold">success</a></li>
        <li> Build Answer : <a href="cxx_logs.html#cxxlog23-buildanswer">success</a></li>
        <li> Run Answer : <a href="cxx_logs.html#cxxlog23-runanswer">error</a></li>
      </ul>
    </p>
  </div>
  <div id="summary24" class="failure">
    <h2><a href="cxx_logs.html#cxxlog24">Assignment 24</a> </h2>
    <p>
      <ul>
        <li> Build Scaffold : <a href="cxx_logs.html#cxxlog24-buildscaffold">success</a></li>
        <li> Build Answer : <a href="cxx_logs.html#cxxlog24-buildanswer">success</a></li>
        <li> Run Answer : <a href="cxx_logs.html#cxxlog24-runanswer">error</a></li>
      </ul>
    </p>
  </div>
  <div id="summary25" class="failure">
    <h2><a href="cxx_logs.html#cxxlog25">Assignment 25</a> </h2>
    <p>
      <ul>
        <li> Build Scaffold : <a href="cxx_logs.html#cxxlog25-buildscaffold">success</a></li>
        <li> Build Answer : <a href="cxx_logs.html#cxxlog25-buildanswer">success</a></li>
        <li> Run Answer : <a href="cxx_logs.html#cxxlog25-runanswer">error</a></li>
      </ul>
    </p>
  </div>
  <div id="summary26" class="failure">
    <h2><a href="cxx_logs.html#cxxlog26">Assignment 26</a> </h2>
    <p>
      <ul>
        <li> Build Scaffold : <a href="cxx_logs.html#cxxlog26-buildscaffold">success</a></li>
        <li> Build Answer : <a href="cxx_logs.html#cxxlog26-buildanswer">success</a></li>
        <li> Run Answer : <a href="cxx_logs.html#cxxlog26-runanswer">error</a></li>
      </ul>
    </p>
  </div>
  <div id="summary27" class="failure">
    <h2><a href="cxx_logs.html#cxxlog27">Assignment 27</a> </h2>
    <p>
      <ul>
        <li> Build Scaffold : <a href="cxx_logs.html#cxxlog27-buildscaffold">success</a></li>
        <li> Build Answer : <a href="cxx_logs.html#cxxlog27-buildanswer">success</a></li>
        <li> Run Answer : <a href="cxx_logs.html#cxxlog27-runanswer">error</a></li>
      </ul>
    </p>
  </div>
  <div id="summary28" class="failure">
    <h2><a href="cxx_logs.html#cxxlog28">Assignment 28</a> </h2>
    <p>
      <ul>
        <li> Build Scaffold : <a href="cxx_logs.html#cxxlog28-buildscaffold">success</a></li>
        <li> Build Answer : <a href="cxx_logs.html#cxxlog28-buildanswer">success</a></li>
        <li> Run Answer : <a href="cxx_logs.html#cxxlog28-runanswer">error</a></li>
      </ul>
    </p>
  </div>
  <div id="summary29" class="failure">
    <h2><a href="cxx_logs.html#cxxlog29">Assignment 29</a> </h2>
    <p>
      <ul>
        <li> Build Scaffold : <a href="cxx_logs.html#cxxlog29-buildscaffold">success</a></li>
        <li> Build Answer : <a href="cxx_logs.html#cxxlog29-buildanswer">success</a></li>
        <li> Run Answer : <a href="cxx_logs.html#cxxlog29-runanswer">error</a></li>
      </ul>
    </p>
  </div>
  <div id="summary30" class="failure">
    <h2><a href="cxx_logs.html#cxxlog30">Assignment 30</a> </h2>
    <p>
      <ul>
        <li> Build Scaffold : <a href="cxx_logs.html#cxxlog30-buildscaffold">error</a></li>
        <li> Build Answer : <a href="cxx_logs.html#cxxlog30-buildanswer">success</a></li>
        <li> Run Answer : <a href="cxx_logs.html#cxxlog30-runanswer">error</a></li>
      </ul>
    </p>
  </div>
  <div id="summary31" class="failure">
    <h2><a href="cxx_logs.html#cxxlog31">Assignment 31</a> </h2>
    <p>
      <ul>
        <li> Build Scaffold : <a href="cxx_logs.html#cxxlog31-buildscaffold">error</a></li>
        <li> Build Answer : <a href="cxx_logs.html#cxxlog31-buildanswer">success</a></li>
        <li> Run Answer : <a href="cxx_logs.html#cxxlog31-runanswer">success</a></li>
      </ul>
    </p>
  </div>
  <div id="summary32" class="failure">
    <h2><a href="cxx_logs.html#cxxlog32">Assignment 32</a> </h2>
    <p>
      <ul>
        <li> Build Scaffold : <a href="cxx_logs.html#cxxlog32-buildscaffold">success</a></li>
        <li> Build Answer : <a href="cxx_logs.html#cxxlog32-buildanswer">success</a></li>
        <li> Run Answer : <a href="cxx_logs.html#cxxlog32-runanswer">error</a></li>
      </ul>
    </p>
  </div>
  <div id="summary33" class="failure">
    <h2><a href="cxx_logs.html#cxxlog33">Assignment 33</a> </h2>
    <p>
      <ul>
        <li> Build Scaffold : <a href="cxx_logs.html#cxxlog33-buildscaffold">success</a></li>
        <li> Build Answer : <a href="cxx_logs.html#cxxlog33-buildanswer">success</a></li>
        <li> Run Answer : <a href="cxx_logs.html#cxxlog33-runanswer">error</a></li>
      </ul>
    </p>
  </div>
  <div id="summary34" class="failure">
    <h2><a href="cxx_logs.html#cxxlog34">Assignment 34</a> </h2>
    <p>
      <ul>
        <li> Build Scaffold : <a href="cxx_logs.html#cxxlog34-buildscaffold">success</a></li>
        <li> Build Answer : <a href="cxx_logs.html#cxxlog34-buildanswer">success</a></li>
        <li> Run Answer : <a href="cxx_logs.html#cxxlog34-runanswer">error</a></li>
      </ul>
    </p>
  </div>
  <div id="summary35" class="failure">
    <h2><a href="cxx_logs.html#cxxlog35">Assignment 35</a> </h2>
    <p>
      <ul>
        <li> Build Scaffold : <a href="cxx_logs.html#cxxlog35-buildscaffold">success</a></li>
        <li> Build Answer : <a href="cxx_logs.html#cxxlog35-buildanswer">success</a></li>
        <li> Run Answer : <a href="cxx_logs.html#cxxlog35-runanswer">error</a></li>
      </ul>
    </p>
  </div>
  <div id="summary36" class="failure">
    <h2><a href="cxx_logs.html#cxxlog36">Assignment 36</a> </h2>
    <p>
      <ul>
        <li> Build Scaffold : <a href="cxx_logs.html#cxxlog36-buildscaffold">success</a></li>
        <li> Build Answer : <a href="cxx_logs.html#cxxlog36-buildanswer">success</a></li>
        <li> Run Answer : <a href="cxx_logs.html#cxxlog36-runanswer">error</a></li>
      </ul>
    </p>
  </div>
  <div id="summary37" class="failure">
    <h2><a href="cxx_logs.html#cxxlog37">Assignment 37</a> </h2>
    <p>
      <ul>
        <li> Build Scaffold : <a href="cxx_logs.html#cxxlog37-buildscaffold">success</a></li>
        <li> Build Answer : <a href="cxx_logs.html#cxxlog37-buildanswer">success</a></li>
        <li> Run Answer : <a href="cxx_logs.html#cxxlog37-runanswer">error</a></li>
      </ul>
    </p>
  </div>
  <div id="summary38" class="failure">
    <h2><a href="cxx_logs.html#cxxlog38">Assignment 38</a> </h2>
    <p>
      <ul>
        <li> Build Scaffold : <a href="cxx_logs.html#cxxlog38-buildscaffold">error</a></li>
        <li> Build Answer : <a href="cxx_logs.html#cxxlog38-buildanswer">error</a></li>
        <li> Run Answer : <a href="cxx_logs.html#cxxlog38-runanswer">error</a></li>
      </ul>
    </p>
  </div>
  <div id="summary39" class="failure">
    <h2><a href="cxx_logs.html#cxxlog39">Assignment 39</a> </h2>
    <p>
      <ul>
        <li> Build Scaffold : <a href="cxx_logs.html#cxxlog39-buildscaffold">error</a></li>
        <li> Build Answer : <a href="cxx_logs.html#cxxlog39-buildanswer">success</a></li>
        <li> Run Answer : <a href="cxx_logs.html#cxxlog39-runanswer">error</a></li>
      </ul>
    </p>
  </div>
  <div id="summary40" class="failure">
    <h2><a href="cxx_logs.html#cxxlog40">Assignment 40</a> </h2>
    <p>
      <ul>
        <li> Build Scaffold : <a href="cxx_logs.html#cxxlog40-buildscaffold">success</a></li>
        <li> Build Answer : <a href="cxx_logs.html#cxxlog40-buildanswer">success</a></li>
        <li> Run Answer : <a href="cxx_logs.html#cxxlog40-runanswer">error</a></li>
      </ul>
    </p>
  </div>
  <div id="summary41" class="failure">
    <h2><a href="cxx_logs.html#cxxlog41">Assignment 41</a> </h2>
    <p>
      <ul>
        <li> Build Scaffold : <a href="cxx_logs.html#cxxlog41-buildscaffold">success</a></li>
        <li> Build Answer : <a href="cxx_logs.html#cxxlog41-buildanswer">success</a></li>
        <li> Run Answer : <a href="cxx_logs.html#cxxlog41-runanswer">error</a></li>
      </ul>
    </p>
  </div>
  <div id="summary42" class="failure">
    <h2><a href="cxx_logs.html#cxxlog42">Assignment 42</a> </h2>
    <p>
      <ul>
        <li> Build Scaffold : <a href="cxx_logs.html#cxxlog42-buildscaffold">error</a></li>
        <li> Build Answer : <a href="cxx_logs.html#cxxlog42-buildanswer">error</a></li>
        <li> Run Answer : <a href="cxx_logs.html#cxxlog42-runanswer">error</a></li>
      </ul>
    </p>
  </div>
  <div id="summary43" class="failure">
    <h2><a href="cxx_logs.html#cxxlog43">Assignment 43</a> </h2>
    <p>
      <ul>
        <li> Build Scaffold : <a href="cxx_logs.html#cxxlog43-buildscaffold">success</a></li>
        <li> Build Answer : <a href="cxx_logs.html#cxxlog43-buildanswer">success</a></li>
        <li> Run Answer : <a href="cxx_logs.html#cxxlog43-runanswer">error</a></li>
      </ul>
    </p>
  </div>
  <div id="summary44" class="failure">
    <h2><a href="cxx_logs.html#cxxlog44">Assignment 44</a> </h2>
    <p>
      <ul>
        <li> Build Scaffold : <a href="cxx_logs.html#cxxlog44-buildscaffold">error</a></li>
        <li> Build Answer : <a href="cxx_logs.html#cxxlog44-buildanswer">error</a></li>
        <li> Run Answer : <a href="cxx_logs.html#cxxlog44-runanswer">error</a></li>
      </ul>
    </p>
  </div>
  <div id="summary45" class="failure">
    <h2><a href="cxx_logs.html#cxxlog45">Assignment 45</a> </h2>
    <p>
      <ul>
        <li> Build Scaffold : <a href="cxx_logs.html#cxxlog45-buildscaffold">success</a></li>
        <li> Build Answer : <a href="cxx_logs.html#cxxlog45-buildanswer">success</a></li>
        <li> Run Answer : <a href="cxx_logs.html#cxxlog45-runanswer">error</a></li>
      </ul>
    </p>
  </div>
  <div id="summary46" class="failure">
    <h2><a href="cxx_logs.html#cxxlog46">Assignment 46</a> </h2>
    <p>
      <ul>
        <li> Build Scaffold : <a href="cxx_logs.html#cxxlog46-buildscaffold">error</a></li>
        <li> Build Answer : <a href="cxx_logs.html#cxxlog46-buildanswer">error</a></li>
        <li> Run Answer : <a href="cxx_logs.html#cxxlog46-runanswer">error</a></li>
      </ul>
    </p>
  </div>
  <div id="summary47" class="failure">
    <h2><a href="cxx_logs.html#cxxlog47">Assignment 47</a> </h2>
    <p>
      <ul>
        <li> Build Scaffold : <a href="cxx_logs.html#cxxlog47-buildscaffold">error</a></li>
        <li> Build Answer : <a href="cxx_logs.html#cxxlog47-buildanswer">error</a></li>
        <li> Run Answer : <a href="cxx_logs.html#cxxlog47-runanswer">error</a></li>
      </ul>
    </p>
  </div>
  <div id="summary48" class="failure">
    <h2><a href="cxx_logs.html#cxxlog48">Assignment 48</a> </h2>
    <p>
      <ul>
        <li> Build Scaffold : <a href="cxx_logs.html#cxxlog48-buildscaffold">error</a></li>
        <li> Build Answer : <a href="cxx_logs.html#cxxlog48-buildanswer">error</a></li>
        <li> Run Answer : <a href="cxx_logs.html#cxxlog48-runanswer">error</a></li>
      </ul>
    </p>
  </div>
  <div id="summary49" class="failure">
    <h2><a href="cxx_logs.html#cxxlog49">Assignment 49</a> </h2>
    <p>
      <ul>
        <li> Build Scaffold : <a href="cxx_logs.html#cxxlog49-buildscaffold">error</a></li>
        <li> Build Answer : <a href="cxx_logs.html#cxxlog49-buildanswer">error</a></li>
        <li> Run Answer : <a href="cxx_logs.html#cxxlog49-runanswer">error</a></li>
      </ul>
    </p>
  </div>
  <div id="summary50" class="failure">
    <h2><a href="cxx_logs.html#cxxlog50">Assignment 50</a> </h2>
    <p>
      <ul>
        <li> Build Scaffold : <a href="cxx_logs.html#cxxlog50-buildscaffold">error</a></li>
        <li> Build Answer : <a href="cxx_logs.html#cxxlog50-buildanswer">error</a></li>
        <li> Run Answer : <a href="cxx_logs.html#cxxlog50-runanswer">error</a></li>
      </ul>
    </p>
  </div>
  <div id="summary51" class="failure">
    <h2><a href="cxx_logs.html#cxxlog51">Assignment 51</a> </h2>
    <p>
      <ul>
        <li> Build Scaffold : <a href="cxx_logs.html#cxxlog51-buildscaffold">error</a></li>
        <li> Build Answer : <a href="cxx_logs.html#cxxlog51-buildanswer">error</a></li>
        <li> Run Answer : <a href="cxx_logs.html#cxxlog51-runanswer">error</a></li>
      </ul>
    </p>
  </div>
  <div id="summary52" class="failure">
    <h2><a href="cxx_logs.html#cxxlog52">Assignment 52</a> </h2>
    <p>
      <ul>
        <li> Build Scaffold : <a href="cxx_logs.html#cxxlog52-buildscaffold">success</a></li>
        <li> Build Answer : <a href="cxx_logs.html#cxxlog52-buildanswer">success</a></li>
        <li> Run Answer : <a href="cxx_logs.html#cxxlog52-runanswer">error</a></li>
      </ul>
    </p>
  </div>
  <div id="summary53" class="failure">
    <h2><a href="cxx_logs.html#cxxlog53">Assignment 53</a> </h2>
    <p>
      <ul>
        <li> Build Scaffold : <a href="cxx_logs.html#cxxlog53-buildscaffold">error</a></li>
        <li> Build Answer : <a href="cxx_logs.html#cxxlog53-buildanswer">error</a></li>
        <li> Run Answer : <a href="cxx_logs.html#cxxlog53-runanswer">error</a></li>
      </ul>
    </p>
  </div>
  <div id="summary54" class="failure">
    <h2><a href="cxx_logs.html#cxxlog54">Assignment 54</a> </h2>
    <p>
      <ul>
        <li> Build Scaffold : <a href="cxx_logs.html#cxxlog54-buildscaffold">error</a></li>
        <li> Build Answer : <a href="cxx_logs.html#cxxlog54-buildanswer">error</a></li>
        <li> Run Answer : <a href="cxx_logs.html#cxxlog54-runanswer">error</a></li>
      </ul>
    </p>
  </div>
  <div id="summary55" class="failure">
    <h2><a href="cxx_logs.html#cxxlog55">Assignment 55</a> </h2>
    <p>
      <ul>
        <li> Build Scaffold : <a href="cxx_logs.html#cxxlog55-buildscaffold">error</a></li>
        <li> Build Answer : <a href="cxx_logs.html#cxxlog55-buildanswer">error</a></li>
        <li> Run Answer : <a href="cxx_logs.html#cxxlog55-runanswer">error</a></li>
      </ul>
    </p>
  </div>
  <div id="summary56" class="failure">
    <h2><a href="cxx_logs.html#cxxlog56">Assignment 56</a> </h2>
    <p>
      <ul>
        <li> Build Scaffold : <a href="cxx_logs.html#cxxlog56-buildscaffold">success</a></li>
        <li> Build Answer : <a href="cxx_logs.html#cxxlog56-buildanswer">success</a></li>
        <li> Run Answer : <a href="cxx_logs.html#cxxlog56-runanswer">error</a></li>
      </ul>
    </p>
  </div>
  <div id="summary57" class="failure">
    <h2><a href="cxx_logs.html#cxxlog57">Assignment 57</a> </h2>
    <p>
      <ul>
        <li> Build Scaffold : <a href="cxx_logs.html#cxxlog57-buildscaffold">error</a></li>
        <li> Build Answer : <a href="cxx_logs.html#cxxlog57-buildanswer">success</a></li>
        <li> Run Answer : <a href="cxx_logs.html#cxxlog57-runanswer">error</a></li>
      </ul>
    </p>
  </div>
  <div id="summary58" class="failure">
    <h2><a href="cxx_logs.html#cxxlog58">Assignment 58</a> </h2>
    <p>
      <ul>
        <li> Build Scaffold : <a href="cxx_logs.html#cxxlog58-buildscaffold">error</a></li>
        <li> Build Answer : <a href="cxx_logs.html#cxxlog58-buildanswer">error</a></li>
        <li> Run Answer : <a href="cxx_logs.html#cxxlog58-runanswer">error</a></li>
      </ul>
    </p>
  </div>
  <div id="summary59" class="failure">
    <h2><a href="cxx_logs.html#cxxlog59">Assignment 59</a> </h2>
    <p>
      <ul>
        <li> Build Scaffold : <a href="cxx_logs.html#cxxlog59-buildscaffold">success</a></li>
        <li> Build Answer : <a href="cxx_logs.html#cxxlog59-buildanswer">success</a></li>
        <li> Run Answer : <a href="cxx_logs.html#cxxlog59-runanswer">error</a></li>
      </ul>
    </p>
  </div>
  <div id="summary60" class="failure">
    <h2><a href="cxx_logs.html#cxxlog60">Assignment 60</a> </h2>
    <p>
      <ul>
        <li> Build Scaffold : <a href="cxx_logs.html#cxxlog60-buildscaffold">success</a></li>
        <li> Build Answer : <a href="cxx_logs.html#cxxlog60-buildanswer">success</a></li>
        <li> Run Answer : <a href="cxx_logs.html#cxxlog60-runanswer">error</a></li>
      </ul>
    </p>
  </div>
  <div id="summary61" class="failure">
    <h2><a href="cxx_logs.html#cxxlog61">Assignment 61</a> </h2>
    <p>
      <ul>
        <li> Build Scaffold : <a href="cxx_logs.html#cxxlog61-buildscaffold">error</a></li>
        <li> Build Answer : <a href="cxx_logs.html#cxxlog61-buildanswer">success</a></li>
        <li> Run Answer : <a href="cxx_logs.html#cxxlog61-runanswer">error</a></li>
      </ul>
    </p>
  </div>
  <div id="summary62" class="failure">
    <h2><a href="cxx_logs.html#cxxlog62">Assignment 62</a> </h2>
    <p>
      <ul>
        <li> Build Scaffold : <a href="cxx_logs.html#cxxlog62-buildscaffold">error</a></li>
        <li> Build Answer : <a href="cxx_logs.html#cxxlog62-buildanswer">success</a></li>
        <li> Run Answer : <a href="cxx_logs.html#cxxlog62-runanswer">error</a></li>
      </ul>
    </p>
  </div>
  <div id="summary63" class="failure">
    <h2><a href="cxx_logs.html#cxxlog63">Assignment 63</a> </h2>
    <p>
      <ul>
        <li> Build Scaffold : <a href="cxx_logs.html#cxxlog63-buildscaffold">error</a></li>
        <li> Build Answer : <a href="cxx_logs.html#cxxlog63-buildanswer">error</a></li>
        <li> Run Answer : <a href="cxx_logs.html#cxxlog63-runanswer">error</a></li>
      </ul>
    </p>
  </div>
  <div id="summary64" class="failure">
    <h2><a href="cxx_logs.html#cxxlog64">Assignment 64</a> </h2>
    <p>
      <ul>
        <li> Build Scaffold : <a href="cxx_logs.html#cxxlog64-buildscaffold">success</a></li>
        <li> Build Answer : <a href="cxx_logs.html#cxxlog64-buildanswer">success</a></li>
        <li> Run Answer : <a href="cxx_logs.html#cxxlog64-runanswer">error</a></li>
      </ul>
    </p>
  </div>
  <div id="summary65" class="failure">
    <h2><a href="cxx_logs.html#cxxlog65">Assignment 65</a> </h2>
    <p>
      <ul>
        <li> Build Scaffold : <a href="cxx_logs.html#cxxlog65-buildscaffold">success</a></li>
        <li> Build Answer : <a href="cxx_logs.html#cxxlog65-buildanswer">success</a></li>
        <li> Run Answer : <a href="cxx_logs.html#cxxlog65-runanswer">error</a></li>
      </ul>
    </p>
  </div>
  <div id="summary66" class="failure">
    <h2><a href="cxx_logs.html#cxxlog66">Assignment 66</a> </h2>
    <p>
      <ul>
        <li> Build Scaffold : <a href="cxx_logs.html#cxxlog66-buildscaffold">error</a></li>
        <li> Build Answer : <a href="cxx_logs.html#cxxlog66-buildanswer">error</a></li>
        <li> Run Answer : <a href="cxx_logs.html#cxxlog66-runanswer">error</a></li>
      </ul>
    </p>
  </div>
  <div id="summary67" class="failure">
    <h2><a href="cxx_logs.html#cxxlog67">Assignment 67</a> </h2>
    <p>
      <ul>
        <li> Build Scaffold : <a href="cxx_logs.html#cxxlog67-buildscaffold">error</a></li>
        <li> Build Answer : <a href="cxx_logs.html#cxxlog67-buildanswer">success</a></li>
        <li> Run Answer : <a href="cxx_logs.html#cxxlog67-runanswer">error</a></li>
      </ul>
    </p>
  </div>
  <div id="summary68" class="failure">
    <h2><a href="cxx_logs.html#cxxlog68">Assignment 68</a> </h2>
    <p>
      <ul>
        <li> Build Scaffold : <a href="cxx_logs.html#cxxlog68-buildscaffold">error</a></li>
        <li> Build Answer : <a href="cxx_logs.html#cxxlog68-buildanswer">success</a></li>
        <li> Run Answer : <a href="cxx_logs.html#cxxlog68-runanswer">error</a></li>
      </ul>
    </p>
  </div>
  <div id="summary69" class="failure">
    <h2><a href="cxx_logs.html#cxxlog69">Assignment 69</a> </h2>
    <p>
      <ul>
        <li> Build Scaffold : <a href="cxx_logs.html#cxxlog69-buildscaffold">success</a></li>
        <li> Build Answer : <a href="cxx_logs.html#cxxlog69-buildanswer">success</a></li>
        <li> Run Answer : <a href="cxx_logs.html#cxxlog69-runanswer">error</a></li>
      </ul>
    </p>
  </div>
  <div id="summary70" class="failure">
    <h2><a href="cxx_logs.html#cxxlog70">Assignment 70</a> </h2>
    <p>
      <ul>
        <li> Build Scaffold : <a href="cxx_logs.html#cxxlog70-buildscaffold">success</a></li>
        <li> Build Answer : <a href="cxx_logs.html#cxxlog70-buildanswer">success</a></li>
        <li> Run Answer : <a href="cxx_logs.html#cxxlog70-runanswer">error</a></li>
      </ul>
    </p>
  </div>
  <div id="summary71" class="failure">
    <h2><a href="cxx_logs.html#cxxlog71">Assignment 71</a> </h2>
    <p>
      <ul>
        <li> Build Scaffold : <a href="cxx_logs.html#cxxlog71-buildscaffold">success</a></li>
        <li> Build Answer : <a href="cxx_logs.html#cxxlog71-buildanswer">success</a></li>
        <li> Run Answer : <a href="cxx_logs.html#cxxlog71-runanswer">error</a></li>
      </ul>
    </p>
  </div>
  <div id="summary72" class="failure">
    <h2><a href="cxx_logs.html#cxxlog72">Assignment 72</a> </h2>
    <p>
      <ul>
        <li> Build Scaffold : <a href="cxx_logs.html#cxxlog72-buildscaffold">success</a></li>
        <li> Build Answer : <a href="cxx_logs.html#cxxlog72-buildanswer">success</a></li>
        <li> Run Answer : <a href="cxx_logs.html#cxxlog72-runanswer">error</a></li>
      </ul>
    </p>
  </div>
  <div id="summary73" class="failure">
    <h2><a href="cxx_logs.html#cxxlog73">Assignment 73</a> </h2>
    <p>
      <ul>
        <li> Build Scaffold : <a href="cxx_logs.html#cxxlog73-buildscaffold">error</a></li>
        <li> Build Answer : <a href="cxx_logs.html#cxxlog73-buildanswer">success</a></li>
        <li> Run Answer : <a href="cxx_logs.html#cxxlog73-runanswer">error</a></li>
      </ul>
    </p>
  </div>
  <div id="summary74" class="failure">
    <h2><a href="cxx_logs.html#cxxlog74">Assignment 74</a> </h2>
    <p>
      <ul>
        <li> Build Scaffold : <a href="cxx_logs.html#cxxlog74-buildscaffold">error</a></li>
        <li> Build Answer : <a href="cxx_logs.html#cxxlog74-buildanswer">error</a></li>
        <li> Run Answer : <a href="cxx_logs.html#cxxlog74-runanswer">error</a></li>
      </ul>
    </p>
  </div>
  <div id="summary75" class="failure">
    <h2><a href="cxx_logs.html#cxxlog75">Assignment 75</a> </h2>
    <p>
      <ul>
        <li> Build Scaffold : <a href="cxx_logs.html#cxxlog75-buildscaffold">success</a></li>
        <li> Build Answer : <a href="cxx_logs.html#cxxlog75-buildanswer">success</a></li>
        <li> Run Answer : <a href="cxx_logs.html#cxxlog75-runanswer">error</a></li>
      </ul>
    </p>
  </div>
  <div id="summary76" class="failure">
    <h2><a href="cxx_logs.html#cxxlog76">Assignment 76</a> </h2>
    <p>
      <ul>
        <li> Build Scaffold : <a href="cxx_logs.html#cxxlog76-buildscaffold">success</a></li>
        <li> Build Answer : <a href="cxx_logs.html#cxxlog76-buildanswer">success</a></li>
        <li> Run Answer : <a href="cxx_logs.html#cxxlog76-runanswer">error</a></li>
      </ul>
    </p>
  </div>
  <div id="summary77" class="failure">
    <h2><a href="cxx_logs.html#cxxlog77">Assignment 77</a> </h2>
    <p>
      <ul>
        <li> Build Scaffold : <a href="cxx_logs.html#cxxlog77-buildscaffold">error</a></li>
        <li> Build Answer : <a href="cxx_logs.html#cxxlog77-buildanswer">error</a></li>
        <li> Run Answer : <a href="cxx_logs.html#cxxlog77-runanswer">error</a></li>
      </ul>
    </p>
  </div>
  <div id="summary78" class="failure">
    <h2><a href="cxx_logs.html#cxxlog78">Assignment 78</a> </h2>
    <p>
      <ul>
        <li> Build Scaffold : <a href="cxx_logs.html#cxxlog78-buildscaffold">error</a></li>
        <li> Build Answer : <a href="cxx_logs.html#cxxlog78-buildanswer">success</a></li>
        <li> Run Answer : <a href="cxx_logs.html#cxxlog78-runanswer">error</a></li>
      </ul>
    </p>
  </div>
  <div id="summary79" class="failure">
    <h2><a href="cxx_logs.html#cxxlog79">Assignment 79</a> </h2>
    <p>
      <ul>
        <li> Build Scaffold : <a href="cxx_logs.html#cxxlog79-buildscaffold">error</a></li>
        <li> Build Answer : <a href="cxx_logs.html#cxxlog79-buildanswer">error</a></li>
        <li> Run Answer : <a href="cxx_logs.html#cxxlog79-runanswer">error</a></li>
      </ul>
    </p>
  </div>
  <div id="summary80" class="failure">
    <h2><a href="cxx_logs.html#cxxlog80">Assignment 80</a> </h2>
    <p>
      <ul>
        <li> Build Scaffold : <a href="cxx_logs.html#cxxlog80-buildscaffold">error</a></li>
        <li> Build Answer : <a href="cxx_logs.html#cxxlog80-buildanswer">error</a></li>
        <li> Run Answer : <a href="cxx_logs.html#cxxlog80-runanswer">error</a></li>
      </ul>
    </p>
  </div>
  <div id="summary81" class="failure">
    <h2><a href="cxx_logs.html#cxxlog81">Assignment 81</a> </h2>
    <p>
      <ul>
        <li> Build Scaffold : <a href="cxx_logs.html#cxxlog81-buildscaffold">error</a></li>
        <li> Build Answer : <a href="cxx_logs.html#cxxlog81-buildanswer">success</a></li>
        <li> Run Answer : <a href="cxx_logs.html#cxxlog81-runanswer">error</a></li>
      </ul>
    </p>
  </div>
  <div id="summary82" class="failure">
    <h2><a href="cxx_logs.html#cxxlog82">Assignment 82</a> </h2>
    <p>
      <ul>
        <li> Build Scaffold : <a href="cxx_logs.html#cxxlog82-buildscaffold">error</a></li>
        <li> Build Answer : <a href="cxx_logs.html#cxxlog82-buildanswer">error</a></li>
        <li> Run Answer : <a href="cxx_logs.html#cxxlog82-runanswer">error</a></li>
      </ul>
    </p>
  </div>
  <div id="summary83" class="failure">
    <h2><a href="cxx_logs.html#cxxlog83">Assignment 83</a> </h2>
    <p>
      <ul>
        <li> Build Scaffold : <a href="cxx_logs.html#cxxlog83-buildscaffold">error</a></li>
        <li> Build Answer : <a href="cxx_logs.html#cxxlog83-buildanswer">error</a></li>
        <li> Run Answer : <a href="cxx_logs.html#cxxlog83-runanswer">error</a></li>
      </ul>
    </p>
  </div>
  <div id="summary84" class="failure">
    <h2><a href="cxx_logs.html#cxxlog84">Assignment 84</a> </h2>
    <p>
      <ul>
        <li> Build Scaffold : <a href="cxx_logs.html#cxxlog84-buildscaffold">error</a></li>
        <li> Build Answer : <a href="cxx_logs.html#cxxlog84-buildanswer">error</a></li>
        <li> Run Answer : <a href="cxx_logs.html#cxxlog84-runanswer">error</a></li>
      </ul>
    </p>
  </div>
  <div id="summary85" class="failure">
    <h2><a href="cxx_logs.html#cxxlog85">Assignment 85</a> </h2>
    <p>
      <ul>
        <li> Build Scaffold : <a href="cxx_logs.html#cxxlog85-buildscaffold">error</a></li>
        <li> Build Answer : <a href="cxx_logs.html#cxxlog85-buildanswer">error</a></li>
        <li> Run Answer : <a href="cxx_logs.html#cxxlog85-runanswer">error</a></li>
      </ul>
    </p>
  </div>
    <div id="cxxlog0" class="logdetails">
      <h2>Assignment 0 full log</h2>
    
<div class="success">
<h3 id="cxxlog0-buildscaffold">Build Scaffold for Assignment 0</h3>
<pre><code>Compiling c++/ for assignment in ../assignmentdb/0-Setup/c++
rm Setup.o
rm Setup
rm: cannot remove 'Setup': No such file or directory
make: [Makefile:32: clean] Error 1 (ignored)
g++ -g  -std=c++14 -I /home/bridges-testing/bridges-cxx-install/include/ -c Setup.cpp -o Setup.o
g++ -o Setup Setup.o -g -L /home/bridges-testing/bridges-cxx-install/lib/ -pthread -lcurl 
</code></pre>
</div>
<div class="success">
<h3 id="cxxlog0-buildanswer">Build Answer for Assignment 0</h3>
<pre><code>Compiling c++_answer/ for assignment in ../assignmentdb/0-Setup/c++_answer
rm Setup.o
rm Setup
rm: cannot remove 'Setup': No such file or directory
make: [Makefile:32: clean] Error 1 (ignored)
g++ -g  -std=c++14 -I /home/bridges-testing/bridges-cxx-install/include/ -c Setup.cpp -o Setup.o
g++ -o Setup Setup.o -g -L /home/bridges-testing/bridges-cxx-install/lib/ -pthread -lcurl 
</code></pre>
</div>
<div class="failure">
<h3 id="cxxlog0-runanswer">Run Answer for Assignment 0</h3>
<pre><code>Guessing ./Setup is the right binary file where main is

Segmentation fault (core dumped)
could not run c++_answer for assignment in ../assignmentdb/0-Setup/c++_answer
</code></pre>
</div>
    
    </div>
    <div id="cxxlog1" class="logdetails">
      <h2>Assignment 1 full log</h2>
    
<div class="success">
<h3 id="cxxlog1-buildscaffold">Build Scaffold for Assignment 1</h3>
<pre><code>Compiling c++/ for assignment in ../assignmentdb/1-ListIMDB/c++
rm ListIMDB.o
rm ListIMDB
rm: cannot remove 'ListIMDB': No such file or directory
make: [Makefile:33: clean] Error 1 (ignored)
g++ -g  -std=c++14 -I /home/bridges-testing/bridges-cxx-install/include/ -c ListIMDB.cpp -o ListIMDB.o
g++ -o ListIMDB ListIMDB.o -g -L /home/bridges-testing/bridges-cxx-install/lib/ -pthread -lcurl -l bridges 
</code></pre>
</div>
<div class="success">
<h3 id="cxxlog1-buildanswer">Build Answer for Assignment 1</h3>
<pre><code>Compiling c++_answer/ for assignment in ../assignmentdb/1-ListIMDB/c++_answer
rm ListIMDB.o
rm ListIMDB
rm: cannot remove 'ListIMDB': No such file or directory
make: [Makefile:32: clean] Error 1 (ignored)
g++ -g  -std=c++14 -I /home/bridges-testing/bridges-cxx-install/include/ -c ListIMDB.cpp -o ListIMDB.o
g++ -o ListIMDB ListIMDB.o -g -L /home/bridges-testing/bridges-cxx-install/lib/ -pthread -lcurl -l bridges 
</code></pre>
</div>
<div class="failure">
<h3 id="cxxlog1-runanswer">Run Answer for Assignment 1</h3>
<pre><code>Guessing ./ListIMDB is the right binary file where main is

Segmentation fault (core dumped)
could not run c++_answer for assignment in ../assignmentdb/1-ListIMDB/c++_answer
</code></pre>
</div>
    
    </div>
    <div id="cxxlog2" class="logdetails">
      <h2>Assignment 2 full log</h2>
    
<div class="success">
<h3 id="cxxlog2-buildscaffold">Build Scaffold for Assignment 2</h3>
<pre><code>Compiling c++/ for assignment in ../assignmentdb/2-ListEQ/c++
rm ListEQ.o
rm ListEQ
rm: cannot remove 'ListEQ': No such file or directory
make: [Makefile:32: clean] Error 1 (ignored)
g++ -g  -std=c++14 -I /home/bridges-testing/bridges-cxx-install/include/ -c ListEQ.cpp -o ListEQ.o
g++ -o ListEQ ListEQ.o -g -L /home/bridges-testing/bridges-cxx-install/lib/ -pthread -lcurl -l bridges 
</code></pre>
</div>
<div class="success">
<h3 id="cxxlog2-buildanswer">Build Answer for Assignment 2</h3>
<pre><code>Compiling c++_answer/ for assignment in ../assignmentdb/2-ListEQ/c++_answer
rm ListEQ.o
rm ListEQ
rm: cannot remove 'ListEQ': No such file or directory
make: [Makefile:32: clean] Error 1 (ignored)
g++ -g  -std=c++14 -I /home/bridges-testing/bridges-cxx-install/include/ -c ListEQ.cpp -o ListEQ.o
g++ -o ListEQ ListEQ.o -g -L /home/bridges-testing/bridges-cxx-install/lib/ -pthread -lcurl -l bridges 
</code></pre>
</div>
<div class="failure">
<h3 id="cxxlog2-runanswer">Run Answer for Assignment 2</h3>
<pre><code>Guessing ./ListEQ is the right binary file where main is

Segmentation fault (core dumped)
could not run c++_answer for assignment in ../assignmentdb/2-ListEQ/c++_answer
</code></pre>
</div>
    
    </div>
    <div id="cxxlog3" class="logdetails">
      <h2>Assignment 3 full log</h2>
    
<div class="success">
<h3 id="cxxlog3-buildscaffold">Build Scaffold for Assignment 3</h3>
<pre><code>Compiling c++/ for assignment in ../assignmentdb/3-GraphBaconNumber/c++
rm GraphBaconNumber.o
rm GraphBaconNumber
rm: cannot remove 'GraphBaconNumber': No such file or directory
make: [Makefile:32: clean] Error 1 (ignored)
g++ -g  -std=c++14 -I /home/bridges-testing/bridges-cxx-install/include/ -c GraphBaconNumber.cpp -o GraphBaconNumber.o
g++ -o GraphBaconNumber GraphBaconNumber.o -g -L /home/bridges-testing/bridges-cxx-install/lib/ -pthread -lcurl -l bridges 
</code></pre>
</div>
<div class="success">
<h3 id="cxxlog3-buildanswer">Build Answer for Assignment 3</h3>
<pre><code>Compiling c++_answer/ for assignment in ../assignmentdb/3-GraphBaconNumber/c++_answer
rm GraphBaconNumber.o
rm GraphBaconNumber
rm: cannot remove 'GraphBaconNumber': No such file or directory
make: [Makefile:32: clean] Error 1 (ignored)
g++ -g  -std=c++14 -I /home/bridges-testing/bridges-cxx-install/include/ -c GraphBaconNumber.cpp -o GraphBaconNumber.o
g++ -o GraphBaconNumber GraphBaconNumber.o -g -L /home/bridges-testing/bridges-cxx-install/lib/ -pthread -lcurl -l bridges 
</code></pre>
</div>
<div class="failure">
<h3 id="cxxlog3-runanswer">Run Answer for Assignment 3</h3>
<pre><code>Guessing ./GraphBaconNumber is the right binary file where main is

Segmentation fault (core dumped)
could not run c++_answer for assignment in ../assignmentdb/3-GraphBaconNumber/c++_answer
</code></pre>
</div>
    
    </div>
    <div id="cxxlog4" class="logdetails">
      <h2>Assignment 4 full log</h2>
    
<div class="failure">
<h3 id="cxxlog4-buildscaffold">Build Scaffold for Assignment 4</h3>
<pre><code>Compiling c++/ for assignment in ../assignmentdb/4-GraphEQ/c++
rm GraphEQ.o
rm: cannot remove 'GraphEQ.o': No such file or directory
make: [Makefile:31: clean] Error 1 (ignored)
rm GraphEQ
rm: cannot remove 'GraphEQ': No such file or directory
make: [Makefile:32: clean] Error 1 (ignored)
g++ -g  -std=c++14 -I /home/bridges-testing/bridges-cxx-install/include/ -c GraphEQ.cpp -o GraphEQ.o
GraphEQ.cpp: In function ‘int main()’:
GraphEQ.cpp:58:17: error: no matching function for call to ‘bridges::Bridges::setMap(const char [6], const char [4])’
   58 |   bridges.setMap(&quot;world&quot;, &quot;all&quot;);
      |   ~~~~~~~~~~~~~~^~~~~~~~~~~~~~~~
In file included from GraphEQ.cpp:1:
/home/bridges-testing/bridges-cxx-install/include/Bridges.h:409:30: note: candidate: ‘void bridges::Bridges::setMap(std::vector&lt;std::__cxx11::basic_string&lt;char&gt; &gt;)’
  409 |                         void setMap(vector&lt;string&gt; map_info) {
      |                              ^~~~~~
/home/bridges-testing/bridges-cxx-install/include/Bridges.h:409:30: note:   candidate expects 1 argument, 2 provided
make: *** [Makefile:26: GraphEQ.o] Error 1
could not compile c++/ for assignment in ../assignmentdb/4-GraphEQ/c++
</code></pre>
</div>
<div class="success">
<h3 id="cxxlog4-buildanswer">Build Answer for Assignment 4</h3>
<pre><code>Compiling c++_answer/ for assignment in ../assignmentdb/4-GraphEQ/c++_answer
rm GraphEQ.o
rm GraphEQ
rm: cannot remove 'GraphEQ': No such file or directory
make: [Makefile:32: clean] Error 1 (ignored)
g++ -g  -std=c++14 -I /home/bridges-testing/bridges-cxx-install/include/ -c GraphEQ.cpp -o GraphEQ.o
g++ -o GraphEQ GraphEQ.o -g -L /home/bridges-testing/bridges-cxx-install/lib/ -pthread -lcurl -l bridges 
</code></pre>
</div>
<div class="success">
<h3 id="cxxlog4-runanswer">Run Answer for Assignment 4</h3>
<pre><code>Guessing ./GraphEQ is the right binary file where main is



Json Header{&quot;visual&quot;:&quot;GraphAdjacencyList&quot;,&quot;title&quot;:&quot;Graph EQ&quot;,&quot;description&quot;:&quot;&quot;,&quot;map_overlay&quot;:true,&quot;map&quot;:&quot;all&quot;,&quot;element_label_flag&quot;:false,&quot;link_label_flag&quot;:false,&quot;coord_system_type&quot;:&quot;equirectangular&quot;,
JSON[GraphAdjacencyList]:	{&quot;visual&quot;:&quot;GraphAdjacencyList&quot;,&quot;title&quot;:&quot;Graph EQ&quot;,&quot;description&quot;:&quot;&quot;,&quot;map_overlay&quot;:true,&quot;map&quot;:&quot;all&quot;,&quot;element_label_flag&quot;:false,&quot;link_label_flag&quot;:false,&quot;coord_system_type&quot;:&quot;equirectangular&quot;,&quot;nodes&quot;:[{&quot;color&quot;:[0,54,247,1.0],&quot;location&quot;:[-174.86920166015626,-19.37689971923828],&quot;shape&quot;:&quot;circle&quot;,&quot;size&quot;:6.6,&quot;name&quot;:&quot;M 6.6 - 70 km NW of Fangale’ounga, Tonga\n  May 26  2024  20:47:9&quot;},{&quot;color&quot;:[0,55,247,1.0],&quot;location&quot;:[-174.5,-19.5],&quot;shape&quot;:&quot;circle&quot;,&quot;size&quot;:6.6,&quot;name&quot;:&quot;M 6.6 - 33 km NNW of Fangale’ounga, Tonga\n  May 26  2024  20:47:13&quot;},{&quot;color&quot;:[0,55,247,1.0],&quot;location&quot;:[-175.04110717773438,-19.754499435424806],&quot;shape&quot;:&quot;circle&quot;,&quot;size&quot;:6.9,&quot;name&quot;:&quot;M 6.9 - 72 km W of Pangai, Tonga\n  Aug. 25  2024  23:29:8&quot;},{&quot;color&quot;:[226,150,0,1.0],&quot;location&quot;:[159.9658966064453,52.949100494384769],&quot;shape&quot;:&quot;circle&quot;,&quot;size&quot;:7.0,&quot;name&quot;:&quot;M 7.0 - 90 km E of Petropavlovsk-Kamchatsky, Russia\n  Aug. 17  2024  19:10:28&quot;},{&quot;color&quot;:[226,149,0,1.0],&quot;location&quot;:[160.10000610351563,52.70000076293945],&quot;shape&quot;:&quot;circle&quot;,&quot;size&quot;:7.4,&quot;name&quot;:&quot;M 7.4 - 107 km ESE of Petropavlovsk-Kamchatsky, Russia\n  Aug. 17  2024  19:10:29&quot;}],&quot;links&quot;:[]}
Success: Assignment posted to the server. 
Check out your visualization at:

http://bridges-cs.herokuapp.com/assignments/104/bridges_testing



Json Header{&quot;visual&quot;:&quot;GraphAdjacencyList&quot;,&quot;title&quot;:&quot;Graph EQ&quot;,&quot;description&quot;:&quot;&quot;,&quot;map_overlay&quot;:true,&quot;map&quot;:&quot;all&quot;,&quot;element_label_flag&quot;:false,&quot;link_label_flag&quot;:false,&quot;coord_system_type&quot;:&quot;equirectangular&quot;,
JSON[GraphAdjacencyList]:	{&quot;visual&quot;:&quot;GraphAdjacencyList&quot;,&quot;title&quot;:&quot;Graph EQ&quot;,&quot;description&quot;:&quot;&quot;,&quot;map_overlay&quot;:true,&quot;map&quot;:&quot;all&quot;,&quot;element_label_flag&quot;:false,&quot;link_label_flag&quot;:false,&quot;coord_system_type&quot;:&quot;equirectangular&quot;,&quot;nodes&quot;:[{&quot;color&quot;:[0,54,247,1.0],&quot;location&quot;:[-174.86920166015626,-19.37689971923828],&quot;shape&quot;:&quot;circle&quot;,&quot;size&quot;:6.6,&quot;name&quot;:&quot;M 6.6 - 70 km NW of Fangale’ounga, Tonga\n  May 26  2024  20:47:9&quot;},{&quot;color&quot;:[0,55,247,1.0],&quot;location&quot;:[-174.5,-19.5],&quot;shape&quot;:&quot;circle&quot;,&quot;size&quot;:6.6,&quot;name&quot;:&quot;M 6.6 - 33 km NNW of Fangale’ounga, Tonga\n  May 26  2024  20:47:13&quot;},{&quot;color&quot;:[0,55,247,1.0],&quot;location&quot;:[-175.04110717773438,-19.754499435424806],&quot;shape&quot;:&quot;circle&quot;,&quot;size&quot;:6.9,&quot;name&quot;:&quot;M 6.9 - 72 km W of Pangai, Tonga\n  Aug. 25  2024  23:29:8&quot;},{&quot;color&quot;:[226,150,0,1.0],&quot;location&quot;:[159.9658966064453,52.949100494384769],&quot;shape&quot;:&quot;circle&quot;,&quot;size&quot;:7.0,&quot;name&quot;:&quot;M 7.0 - 90 km E of Petropavlovsk-Kamchatsky, Russia\n  Aug. 17  2024  19:10:28&quot;},{&quot;color&quot;:[226,149,0,1.0],&quot;location&quot;:[160.10000610351563,52.70000076293945],&quot;shape&quot;:&quot;circle&quot;,&quot;size&quot;:7.4,&quot;name&quot;:&quot;M 7.4 - 107 km ESE of Petropavlovsk-Kamchatsky, Russia\n  Aug. 17  2024  19:10:29&quot;}],&quot;links&quot;:[{&quot;color&quot;:[70,130,180,1.0],&quot;label&quot;:&quot;41.0619 km&quot;,&quot;thickness&quot;:1.0,&quot;source&quot;:&quot;0&quot;,&quot;target&quot;:&quot;1&quot;},{&quot;color&quot;:[70,130,180,1.0],&quot;label&quot;:&quot;45.6873 km&quot;,&quot;thickness&quot;:1.0,&quot;source&quot;:&quot;0&quot;,&quot;target&quot;:&quot;2&quot;},{&quot;color&quot;:[70,130,180,1.0],&quot;label&quot;:&quot;41.0619 km&quot;,&quot;thickness&quot;:1.0,&quot;source&quot;:&quot;1&quot;,&quot;target&quot;:&quot;0&quot;},{&quot;color&quot;:[70,130,180,1.0],&quot;label&quot;:&quot;63.345 km&quot;,&quot;thickness&quot;:1.0,&quot;source&quot;:&quot;1&quot;,&quot;target&quot;:&quot;2&quot;},{&quot;color&quot;:[70,130,180,1.0],&quot;label&quot;:&quot;45.6873 km&quot;,&quot;thickness&quot;:1.0,&quot;source&quot;:&quot;2&quot;,&quot;target&quot;:&quot;0&quot;},{&quot;color&quot;:[70,130,180,1.0],&quot;label&quot;:&quot;63.345 km&quot;,&quot;thickness&quot;:1.0,&quot;source&quot;:&quot;2&quot;,&quot;target&quot;:&quot;1&quot;},{&quot;color&quot;:[70,130,180,1.0],&quot;label&quot;:&quot;29.1275 km&quot;,&quot;thickness&quot;:1.0,&quot;source&quot;:&quot;3&quot;,&quot;target&quot;:&quot;4&quot;},{&quot;color&quot;:[70,130,180,1.0],&quot;label&quot;:&quot;29.1275 km&quot;,&quot;thickness&quot;:1.0,&quot;source&quot;:&quot;4&quot;,&quot;target&quot;:&quot;3&quot;}]}
Success: Assignment posted to the server. 
Check out your visualization at:

http://bridges-cs.herokuapp.com/assignments/104/bridges_testing



Json Header{&quot;visual&quot;:&quot;GraphAdjacencyList&quot;,&quot;title&quot;:&quot;Graph EQ&quot;,&quot;description&quot;:&quot;&quot;,&quot;map_overlay&quot;:false,&quot;map&quot;:&quot;all&quot;,&quot;element_label_flag&quot;:false,&quot;link_label_flag&quot;:false,&quot;coord_system_type&quot;:&quot;equirectangular&quot;,
JSON[GraphAdjacencyList]:	{&quot;visual&quot;:&quot;GraphAdjacencyList&quot;,&quot;title&quot;:&quot;Graph EQ&quot;,&quot;description&quot;:&quot;&quot;,&quot;map_overlay&quot;:false,&quot;map&quot;:&quot;all&quot;,&quot;element_label_flag&quot;:false,&quot;link_label_flag&quot;:false,&quot;coord_system_type&quot;:&quot;equirectangular&quot;,&quot;nodes&quot;:[{&quot;color&quot;:[0,54,247,1.0],&quot;shape&quot;:&quot;circle&quot;,&quot;size&quot;:6.6,&quot;name&quot;:&quot;M 6.6 - 70 km NW of Fangale’ounga, Tonga\n  May 26  2024  20:47:9&quot;},{&quot;color&quot;:[0,55,247,1.0],&quot;shape&quot;:&quot;circle&quot;,&quot;size&quot;:6.6,&quot;name&quot;:&quot;M 6.6 - 33 km NNW of Fangale’ounga, Tonga\n  May 26  2024  20:47:13&quot;},{&quot;color&quot;:[0,55,247,1.0],&quot;shape&quot;:&quot;circle&quot;,&quot;size&quot;:6.9,&quot;name&quot;:&quot;M 6.9 - 72 km W of Pangai, Tonga\n  Aug. 25  2024  23:29:8&quot;},{&quot;color&quot;:[226,150,0,1.0],&quot;shape&quot;:&quot;circle&quot;,&quot;size&quot;:7.0,&quot;name&quot;:&quot;M 7.0 - 90 km E of Petropavlovsk-Kamchatsky, Russia\n  Aug. 17  2024  19:10:28&quot;},{&quot;color&quot;:[226,149,0,1.0],&quot;shape&quot;:&quot;circle&quot;,&quot;size&quot;:7.4,&quot;name&quot;:&quot;M 7.4 - 107 km ESE of Petropavlovsk-Kamchatsky, Russia\n  Aug. 17  2024  19:10:29&quot;}],&quot;links&quot;:[{&quot;color&quot;:[70,130,180,1.0],&quot;label&quot;:&quot;41.0619 km&quot;,&quot;thickness&quot;:1.0,&quot;source&quot;:&quot;0&quot;,&quot;target&quot;:&quot;1&quot;},{&quot;color&quot;:[70,130,180,1.0],&quot;label&quot;:&quot;45.6873 km&quot;,&quot;thickness&quot;:1.0,&quot;source&quot;:&quot;0&quot;,&quot;target&quot;:&quot;2&quot;},{&quot;color&quot;:[70,130,180,1.0],&quot;label&quot;:&quot;41.0619 km&quot;,&quot;thickness&quot;:1.0,&quot;source&quot;:&quot;1&quot;,&quot;target&quot;:&quot;0&quot;},{&quot;color&quot;:[70,130,180,1.0],&quot;label&quot;:&quot;63.345 km&quot;,&quot;thickness&quot;:1.0,&quot;source&quot;:&quot;1&quot;,&quot;target&quot;:&quot;2&quot;},{&quot;color&quot;:[70,130,180,1.0],&quot;label&quot;:&quot;45.6873 km&quot;,&quot;thickness&quot;:1.0,&quot;source&quot;:&quot;2&quot;,&quot;target&quot;:&quot;0&quot;},{&quot;color&quot;:[70,130,180,1.0],&quot;label&quot;:&quot;63.345 km&quot;,&quot;thickness&quot;:1.0,&quot;source&quot;:&quot;2&quot;,&quot;target&quot;:&quot;1&quot;},{&quot;color&quot;:[70,130,180,1.0],&quot;label&quot;:&quot;29.1275 km&quot;,&quot;thickness&quot;:1.0,&quot;source&quot;:&quot;3&quot;,&quot;target&quot;:&quot;4&quot;},{&quot;color&quot;:[70,130,180,1.0],&quot;label&quot;:&quot;29.1275 km&quot;,&quot;thickness&quot;:1.0,&quot;source&quot;:&quot;4&quot;,&quot;target&quot;:&quot;3&quot;}]}
Success: Assignment posted to the server. 
Check out your visualization at:

http://bridges-cs.herokuapp.com/assignments/104/bridges_testing



Json Header{&quot;visual&quot;:&quot;GraphAdjacencyList&quot;,&quot;title&quot;:&quot;Graph EQ&quot;,&quot;description&quot;:&quot;&quot;,&quot;map_overlay&quot;:false,&quot;map&quot;:&quot;all&quot;,&quot;element_label_flag&quot;:false,&quot;link_label_flag&quot;:false,&quot;coord_system_type&quot;:&quot;equirectangular&quot;,
JSON[GraphAdjacencyList]:	{&quot;visual&quot;:&quot;GraphAdjacencyList&quot;,&quot;title&quot;:&quot;Graph EQ&quot;,&quot;description&quot;:&quot;&quot;,&quot;map_overlay&quot;:false,&quot;map&quot;:&quot;all&quot;,&quot;element_label_flag&quot;:false,&quot;link_label_flag&quot;:false,&quot;coord_system_type&quot;:&quot;equirectangular&quot;,&quot;nodes&quot;:[{&quot;color&quot;:[50,232,203,1.0],&quot;shape&quot;:&quot;circle&quot;,&quot;size&quot;:6.6,&quot;name&quot;:&quot;M 6.6 - 70 km NW of Fangale’ounga, Tonga\n  May 26  2024  20:47:9&quot;},{&quot;color&quot;:[50,232,203,1.0],&quot;shape&quot;:&quot;circle&quot;,&quot;size&quot;:6.6,&quot;name&quot;:&quot;M 6.6 - 33 km NNW of Fangale’ounga, Tonga\n  May 26  2024  20:47:13&quot;},{&quot;color&quot;:[50,232,203,1.0],&quot;shape&quot;:&quot;circle&quot;,&quot;size&quot;:6.9,&quot;name&quot;:&quot;M 6.9 - 72 km W of Pangai, Tonga\n  Aug. 25  2024  23:29:8&quot;},{&quot;color&quot;:[199,100,214,1.0],&quot;shape&quot;:&quot;circle&quot;,&quot;size&quot;:7.0,&quot;name&quot;:&quot;M 7.0 - 90 km E of Petropavlovsk-Kamchatsky, Russia\n  Aug. 17  2024  19:10:28&quot;},{&quot;color&quot;:[199,100,214,1.0],&quot;shape&quot;:&quot;circle&quot;,&quot;size&quot;:7.4,&quot;name&quot;:&quot;M 7.4 - 107 km ESE of Petropavlovsk-Kamchatsky, Russia\n  Aug. 17  2024  19:10:29&quot;}],&quot;links&quot;:[{&quot;color&quot;:[70,130,180,1.0],&quot;label&quot;:&quot;41.0619 km&quot;,&quot;thickness&quot;:1.0,&quot;source&quot;:&quot;0&quot;,&quot;target&quot;:&quot;1&quot;},{&quot;color&quot;:[70,130,180,1.0],&quot;label&quot;:&quot;45.6873 km&quot;,&quot;thickness&quot;:1.0,&quot;source&quot;:&quot;0&quot;,&quot;target&quot;:&quot;2&quot;},{&quot;color&quot;:[70,130,180,1.0],&quot;label&quot;:&quot;41.0619 km&quot;,&quot;thickness&quot;:1.0,&quot;source&quot;:&quot;1&quot;,&quot;target&quot;:&quot;0&quot;},{&quot;color&quot;:[70,130,180,1.0],&quot;label&quot;:&quot;63.345 km&quot;,&quot;thickness&quot;:1.0,&quot;source&quot;:&quot;1&quot;,&quot;target&quot;:&quot;2&quot;},{&quot;color&quot;:[70,130,180,1.0],&quot;label&quot;:&quot;45.6873 km&quot;,&quot;thickness&quot;:1.0,&quot;source&quot;:&quot;2&quot;,&quot;target&quot;:&quot;0&quot;},{&quot;color&quot;:[70,130,180,1.0],&quot;label&quot;:&quot;63.345 km&quot;,&quot;thickness&quot;:1.0,&quot;source&quot;:&quot;2&quot;,&quot;target&quot;:&quot;1&quot;},{&quot;color&quot;:[70,130,180,1.0],&quot;label&quot;:&quot;29.1275 km&quot;,&quot;thickness&quot;:1.0,&quot;source&quot;:&quot;3&quot;,&quot;target&quot;:&quot;4&quot;},{&quot;color&quot;:[70,130,180,1.0],&quot;label&quot;:&quot;29.1275 km&quot;,&quot;thickness&quot;:1.0,&quot;source&quot;:&quot;4&quot;,&quot;target&quot;:&quot;3&quot;}]}
Success: Assignment posted to the server. 
Check out your visualization at:

http://bridges-cs.herokuapp.com/assignments/104/bridges_testing

</code></pre>
</div>
    
    </div>
    <div id="cxxlog5" class="logdetails">
      <h2>Assignment 5 full log</h2>
    
<div class="success">
<h3 id="cxxlog5-buildscaffold">Build Scaffold for Assignment 5</h3>
<pre><code>Compiling c++/ for assignment in ../assignmentdb/5-BST_Earthquakes/c++
rm bst_eq.o
rm bst_eq
rm: cannot remove 'bst_eq': No such file or directory
make: [Makefile:32: clean] Error 1 (ignored)
g++ -g  -std=c++14 -I /home/bridges-testing/bridges-cxx-install/include/ -c bst_eq.cpp -o bst_eq.o
g++ -o bst_eq bst_eq.o -g -L /home/bridges-testing/bridges-cxx-install/lib/ -pthread -lcurl -l bridges 
</code></pre>
</div>
<div class="success">
<h3 id="cxxlog5-buildanswer">Build Answer for Assignment 5</h3>
<pre><code>Compiling c++_answer/ for assignment in ../assignmentdb/5-BST_Earthquakes/c++_answer
rm bst_eq.o
rm bst_eq
rm: cannot remove 'bst_eq': No such file or directory
make: [Makefile:32: clean] Error 1 (ignored)
g++ -g  -std=c++14 -I /home/bridges-testing/bridges-cxx-install/include/ -c bst_eq.cpp -o bst_eq.o
g++ -o bst_eq bst_eq.o -g -L /home/bridges-testing/bridges-cxx-install/lib/ -pthread -lcurl -l bridges 
</code></pre>
</div>
<div class="failure">
<h3 id="cxxlog5-runanswer">Run Answer for Assignment 5</h3>
<pre><code>Guessing ./bst_eq is the right binary file where main is

Segmentation fault (core dumped)
could not run c++_answer for assignment in ../assignmentdb/5-BST_Earthquakes/c++_answer
</code></pre>
</div>
    
    </div>
    <div id="cxxlog6" class="logdetails">
      <h2>Assignment 6 full log</h2>
    
<div class="success">
<h3 id="cxxlog6-buildscaffold">Build Scaffold for Assignment 6</h3>
<pre><code>Compiling c++/ for assignment in ../assignmentdb/6-GridSquareFill/c++
rm GridSquareFillSimple.o
rm SquareFill
rm: cannot remove 'SquareFill': No such file or directory
make: [Makefile:32: clean] Error 1 (ignored)
g++ -g  -std=c++14 -I /home/bridges-testing/bridges-cxx-install/include/ -c GridSquareFillSimple.cpp -o GridSquareFillSimple.o
g++ -o SquareFill GridSquareFillSimple.o -g -L /home/bridges-testing/bridges-cxx-install/lib/ -pthread -lcurl -l bridges 
</code></pre>
</div>
<div class="success">
<h3 id="cxxlog6-buildanswer">Build Answer for Assignment 6</h3>
<pre><code>Compiling c++_answer/ for assignment in ../assignmentdb/6-GridSquareFill/c++_answer
rm GridSquareFillSimple.o
rm SquareFill
rm: cannot remove 'SquareFill': No such file or directory
make: [Makefile:32: clean] Error 1 (ignored)
g++ -g  -std=c++14 -I /home/bridges-testing/bridges-cxx-install/include/ -c GridSquareFillSimple.cpp -o GridSquareFillSimple.o
g++ -o SquareFill GridSquareFillSimple.o -g -L /home/bridges-testing/bridges-cxx-install/lib/ -pthread -lcurl -l bridges 
</code></pre>
</div>
<div class="failure">
<h3 id="cxxlog6-runanswer">Run Answer for Assignment 6</h3>
<pre><code>Guessing ./SquareFill is the right binary file where main is

Segmentation fault (core dumped)
could not run c++_answer for assignment in ../assignmentdb/6-GridSquareFill/c++_answer
</code></pre>
</div>
    
    </div>
    <div id="cxxlog7" class="logdetails">
      <h2>Assignment 7 full log</h2>
    
<div class="success">
<h3 id="cxxlog7-buildscaffold">Build Scaffold for Assignment 7</h3>
<pre><code>Compiling c++/ for assignment in ../assignmentdb/7-GridLyrics/c++
rm GridLyrics.o
rm GridLyrics
rm: cannot remove 'GridLyrics': No such file or directory
make: [Makefile:32: clean] Error 1 (ignored)
g++ -g  -std=c++14 -I /home/bridges-testing/bridges-cxx-install/include/ -c GridLyrics.cpp -o GridLyrics.o
g++ -o GridLyrics GridLyrics.o -g -L /home/bridges-testing/bridges-cxx-install/lib/ -pthread -lcurl -l bridges 
</code></pre>
</div>
<div class="success">
<h3 id="cxxlog7-buildanswer">Build Answer for Assignment 7</h3>
<pre><code>Compiling c++_answer/ for assignment in ../assignmentdb/7-GridLyrics/c++_answer
rm GridLyrics.o
rm GridLyrics
rm: cannot remove 'GridLyrics': No such file or directory
make: [Makefile:32: clean] Error 1 (ignored)
g++ -g  -std=c++14 -I /home/bridges-testing/bridges-cxx-install/include/ -c GridLyrics.cpp -o GridLyrics.o
g++ -o GridLyrics GridLyrics.o -g -L /home/bridges-testing/bridges-cxx-install/lib/ -pthread -lcurl -l bridges 
</code></pre>
</div>
<div class="failure">
<h3 id="cxxlog7-runanswer">Run Answer for Assignment 7</h3>
<pre><code>Guessing ./GridLyrics is the right binary file where main is

Work
it
make
it
Do
it
makes
us
Harder
better
Faster
stronger
More
than
hour
Hour
never
Ever
after
Work
Segmentation fault (core dumped)
could not run c++_answer for assignment in ../assignmentdb/7-GridLyrics/c++_answer
</code></pre>
</div>
    
    </div>
    <div id="cxxlog8" class="logdetails">
      <h2>Assignment 8 full log</h2>
    
<div class="success">
<h3 id="cxxlog8-buildscaffold">Build Scaffold for Assignment 8</h3>
<pre><code>Compiling c++/ for assignment in ../assignmentdb/8-PQBook/c++
rm PQBook.o
rm PQBook
rm: cannot remove 'PQBook': No such file or directory
make: [Makefile:32: clean] Error 1 (ignored)
g++ -g  -std=c++14 -I /home/bridges-testing/bridges-cxx-install/include/ -c PQBook.cpp -o PQBook.o
g++ -o PQBook PQBook.o -g -L /home/bridges-testing/bridges-cxx-install/lib/ -pthread -lcurl -l bridges 
</code></pre>
</div>
<div class="success">
<h3 id="cxxlog8-buildanswer">Build Answer for Assignment 8</h3>
<pre><code>Compiling c++_answer/ for assignment in ../assignmentdb/8-PQBook/c++_answer
rm PQBook.o
rm PQBook
rm: cannot remove 'PQBook': No such file or directory
make: [Makefile:32: clean] Error 1 (ignored)
g++ -g  -std=c++14 -I /home/bridges-testing/bridges-cxx-install/include/ -c PQBook.cpp -o PQBook.o
g++ -o PQBook PQBook.o -g -L /home/bridges-testing/bridges-cxx-install/lib/ -pthread -lcurl -l bridges 
</code></pre>
</div>
<div class="failure">
<h3 id="cxxlog8-runanswer">Run Answer for Assignment 8</h3>
<pre><code>Guessing ./PQBook is the right binary file where main is

Within 1
fairest 1
foe 1
lies 1
with 1
thou 1
famine 1
beauty's 1
glutton 1
this 1
else 1
art 1
Feed'st 1
be 1
herald 1
now 1
cruel 1
die 1
too 1
we 1
to 3
to 3
to 2
should 1
And 2
thine 2
And 2
a 1
eyes 1
thine 2
world 1
niggarding 1
sweet 1
fuel 1
light's 1
content 1
ornament 1
bright 1
abundance 1
flame 1
increase 1
and 1
Making 1
decease 1
in 1
thy 4
thy 4
thy 3
thy 2
But 2
But 2
own 2
own 2
time 1
grave 1
only 1
bear 1
riper 1
never 1
due 1
churl 1
contracted 1
waste 1
memory 1
fresh 1
thereby 1
by 2
or 1
self 2
self 2
self-substantial 1
by 2
buriest 1
Thy 1
From 1
tender 2
that 1
tender 2
To 1
as 1
rose 1
creatures 1
world's 2
mak'st 1
world's 2
the 6
the 6
the 5
Pity 1
the 4
the 3
heir 1
the 2
eat 1
bud 1
where 1
His 1
thee 1
spring 1
gaudy 1
might 2
might 2
That 1
Thou 1
his 1
desire 1
Segmentation fault (core dumped)
could not run c++_answer for assignment in ../assignmentdb/8-PQBook/c++_answer
</code></pre>
</div>
    
    </div>
    <div id="cxxlog9" class="logdetails">
      <h2>Assignment 9 full log</h2>
    
<div class="success">
<h3 id="cxxlog9-buildscaffold">Build Scaffold for Assignment 9</h3>
<pre><code>Compiling c++/ for assignment in ../assignmentdb/9-ShortestPathOSM/c++
rm osm.o
rm ShortestPathOSM
rm: cannot remove 'ShortestPathOSM': No such file or directory
make: [Makefile:33: clean] Error 1 (ignored)
g++ -g  -std=c++14 -I /home/bridges-testing/bridges-cxx-install/include/ -c osm.cpp -o osm.o
g++ -o ShortestPathOSM osm.o -g -L /home/bridges-testing/bridges-cxx-install/lib/ -pthread -lcurl -l bridges 
</code></pre>
</div>
<div class="success">
<h3 id="cxxlog9-buildanswer">Build Answer for Assignment 9</h3>
<pre><code>Compiling c++_answer/ for assignment in ../assignmentdb/9-ShortestPathOSM/c++_answer
rm osm.o
rm ShortestPathOSM
rm: cannot remove 'ShortestPathOSM': No such file or directory
make: [Makefile:34: clean] Error 1 (ignored)
g++ -g  -std=c++14 -I /home/bridges-testing/bridges-cxx-install/include/ -c osm.cpp -o osm.o
g++ -o ShortestPathOSM osm.o -g -L /home/bridges-testing/bridges-cxx-install/lib/ -pthread -lcurl -l bridges 
</code></pre>
</div>
<div class="failure">
<h3 id="cxxlog9-runanswer">Run Answer for Assignment 9</h3>
<pre><code>Guessing ./ShortestPathOSM is the right binary file where main is

terminate called after throwing an instance of 'rapidjson_exception'
Aborted (core dumped)
could not run c++_answer for assignment in ../assignmentdb/9-ShortestPathOSM/c++_answer
</code></pre>
</div>
    
    </div>
    <div id="cxxlog10" class="logdetails">
      <h2>Assignment 10 full log</h2>
    
<div class="success">
<h3 id="cxxlog10-buildscaffold">Build Scaffold for Assignment 10</h3>
<pre><code>Compiling c++/ for assignment in ../assignmentdb/10-HurricaneTracker/c++
rm hurricane.o main.o
rm Hurricane
rm: cannot remove 'Hurricane': No such file or directory
make: [Makefile:32: clean] Error 1 (ignored)
g++ -g  -std=c++14 -I /home/bridges-testing/bridges-cxx-install/include/ -c hurricane.cpp -o hurricane.o
hurricane.cpp: In member function ‘int Hurricane::getCategory()’:
hurricane.cpp:24:1: warning: no return statement in function returning non-void [-Wreturn-type]
   24 | }
      | ^
g++ -g  -std=c++14 -I /home/bridges-testing/bridges-cxx-install/include/ -c main.cpp -o main.o
g++ -o Hurricane hurricane.o main.o -g -L /home/bridges-testing/bridges-cxx-install/lib/ -pthread -lcurl -l bridges 
</code></pre>
</div>
<div class="failure">
<h3 id="cxxlog10-buildanswer">Build Answer for Assignment 10</h3>
<pre><code>Compiling c++_answer/ for assignment in ../assignmentdb/10-HurricaneTracker/c++_answer
rm hurricane.o main.o
rm: cannot remove 'main.o': No such file or directory
make: [Makefile:31: clean] Error 1 (ignored)
rm Hurricane
rm: cannot remove 'Hurricane': No such file or directory
make: [Makefile:32: clean] Error 1 (ignored)
g++ -g  -std=c++14 -I /home/bridges-testing/bridges-cxx-install/include/ -c hurricane.cpp -o hurricane.o
g++ -g  -std=c++14 -I /home/bridges-testing/bridges-cxx-install/include/ -c main.cpp -o main.o
main.cpp: In function ‘int main()’:
main.cpp:62:17: error: no matching function for call to ‘bridges::Bridges::setMap(const char [6], const char [4])’
   62 |   bridges.setMap(&quot;world&quot;, &quot;all&quot;);
      |   ~~~~~~~~~~~~~~^~~~~~~~~~~~~~~~
In file included from hurricane.h:6,
                 from main.cpp:3:
/home/bridges-testing/bridges-cxx-install/include/Bridges.h:409:30: note: candidate: ‘void bridges::Bridges::setMap(std::vector&lt;std::__cxx11::basic_string&lt;char&gt; &gt;)’
  409 |                         void setMap(vector&lt;string&gt; map_info) {
      |                              ^~~~~~
/home/bridges-testing/bridges-cxx-install/include/Bridges.h:409:30: note:   candidate expects 1 argument, 2 provided
make: *** [Makefile:26: main.o] Error 1
could not compile c++_answer/ for assignment in ../assignmentdb/10-HurricaneTracker/c++_answer
</code></pre>
</div>
<div class="failure">
<h3 id="cxxlog10-runanswer">Run Answer for Assignment 10</h3>
<pre><code>can't guess a binary file to run
could not run c++_answer for assignment in ../assignmentdb/10-HurricaneTracker/c++_answer
</code></pre>
</div>
    
    </div>
    <div id="cxxlog11" class="logdetails">
      <h2>Assignment 11 full log</h2>
    
<div class="success">
<h3 id="cxxlog11-buildscaffold">Build Scaffold for Assignment 11</h3>
<pre><code>Compiling c++/ for assignment in ../assignmentdb/11-2048Game/c++
rm 2048.o
rm 2048
rm: cannot remove '2048': No such file or directory
make: [Makefile:32: clean] Error 1 (ignored)
g++ -g  -std=c++14 -I /home/bridges-testing/bridges-cxx-install/include/ -c 2048.cpp -o 2048.o
2048.cpp: In member function ‘Vector2 Game2048::randomOpenTile()’:
2048.cpp:69:5: warning: no return statement in function returning non-void [-Wreturn-type]
   69 |     }
      |     ^
2048.cpp: In member function ‘Tile* Game2048::tileAt(Vector2)’:
2048.cpp:74:5: warning: no return statement in function returning non-void [-Wreturn-type]
   74 |     }
      |     ^
g++ -o 2048 2048.o -g -L /home/bridges-testing/bridges-cxx-install/lib/ -pthread -lcurl -l bridges 
</code></pre>
</div>
<div class="success">
<h3 id="cxxlog11-buildanswer">Build Answer for Assignment 11</h3>
<pre><code>Compiling c++_answer/ for assignment in ../assignmentdb/11-2048Game/c++_answer
rm 2048.o
rm 2048
rm: cannot remove '2048': No such file or directory
make: [Makefile:32: clean] Error 1 (ignored)
g++ -g  -std=c++14 -I /home/bridges-testing/bridges-cxx-install/include/ -c 2048.cpp -o 2048.o
g++ -o 2048 2048.o -g -L /home/bridges-testing/bridges-cxx-install/lib/ -pthread -lcurl -l bridges 
</code></pre>
</div>
<div class="failure">
<h3 id="cxxlog11-runanswer">Run Answer for Assignment 11</h3>
<pre><code>Guessing ./2048 is the right binary file where main is

[2024-10-04 05:14:03] [connect] Successful connection
[2024-10-04 05:14:03] [connect] WebSocket Connection 174.129.128.48:80 v-2 &quot;WebSocket++/0.8.2&quot; /socket.io/?EIO=4&amp;transport=websocket&amp;t=1728033243 101
sockopen on namespace /
Setting framelimit to 10
Segmentation fault (core dumped)
could not run c++_answer for assignment in ../assignmentdb/11-2048Game/c++_answer
</code></pre>
</div>
    
    </div>
    <div id="cxxlog12" class="logdetails">
      <h2>Assignment 12 full log</h2>
    
<div class="success">
<h3 id="cxxlog12-buildscaffold">Build Scaffold for Assignment 12</h3>
<pre><code>Compiling c++/ for assignment in ../assignmentdb/12-AStarMaze/c++
rm pathfinder.o
rm AStarMaze
rm: cannot remove 'AStarMaze': No such file or directory
make: [Makefile:32: clean] Error 1 (ignored)
g++ -g  -std=c++14 -I /home/bridges-testing/bridges-cxx-install/include/ -c pathfinder.cpp -o pathfinder.o
g++ -o AStarMaze pathfinder.o -g -L /home/bridges-testing/bridges-cxx-install/lib/ -pthread -lcurl -l bridges 
</code></pre>
</div>
<div class="success">
<h3 id="cxxlog12-buildanswer">Build Answer for Assignment 12</h3>
<pre><code>Compiling c++_answer/ for assignment in ../assignmentdb/12-AStarMaze/c++_answer
rm pathfinder.o
rm AStarMaze
rm: cannot remove 'AStarMaze': No such file or directory
make: [Makefile:32: clean] Error 1 (ignored)
g++ -g  -std=c++14 -I /home/bridges-testing/bridges-cxx-install/include/ -c pathfinder.cpp -o pathfinder.o
g++ -o AStarMaze pathfinder.o -g -L /home/bridges-testing/bridges-cxx-install/lib/ -pthread -lcurl -l bridges 
</code></pre>
</div>
<div class="failure">
<h3 id="cxxlog12-runanswer">Run Answer for Assignment 12</h3>
<pre><code>Guessing ./AStarMaze is the right binary file where main is

[2024-10-04 05:14:10] [connect] Successful connection
[2024-10-04 05:14:10] [connect] WebSocket Connection 54.235.77.118:80 v-2 &quot;WebSocket++/0.8.2&quot; /socket.io/?EIO=4&amp;transport=websocket&amp;t=1728033250 101
sockopen on namespace /
Setting framelimit to 10
Segmentation fault (core dumped)
could not run c++_answer for assignment in ../assignmentdb/12-AStarMaze/c++_answer
</code></pre>
</div>
    
    </div>
    <div id="cxxlog13" class="logdetails">
      <h2>Assignment 13 full log</h2>
    
<div class="success">
<h3 id="cxxlog13-buildscaffold">Build Scaffold for Assignment 13</h3>
<pre><code>Compiling c++/ for assignment in ../assignmentdb/13-InfiniteRunner/c++
rm runner.o
rm InfiniteRunner
rm: cannot remove 'InfiniteRunner': No such file or directory
make: [Makefile:32: clean] Error 1 (ignored)
g++ -g  -std=c++14 -I /home/bridges-testing/bridges-cxx-install/include/ -c runner.cpp -o runner.o
g++ -o InfiniteRunner runner.o -g -L /home/bridges-testing/bridges-cxx-install/lib/ -pthread -lcurl -l bridges 
</code></pre>
</div>
<div class="success">
<h3 id="cxxlog13-buildanswer">Build Answer for Assignment 13</h3>
<pre><code>Compiling c++_answer/ for assignment in ../assignmentdb/13-InfiniteRunner/c++_answer
rm runner.o
rm InfiniteRunner
rm: cannot remove 'InfiniteRunner': No such file or directory
make: [Makefile:32: clean] Error 1 (ignored)
g++ -g  -std=c++14 -I /home/bridges-testing/bridges-cxx-install/include/ -c runner.cpp -o runner.o
g++ -o InfiniteRunner runner.o -g -L /home/bridges-testing/bridges-cxx-install/lib/ -pthread -lcurl -l bridges 
</code></pre>
</div>
<div class="failure">
<h3 id="cxxlog13-runanswer">Run Answer for Assignment 13</h3>
<pre><code>Guessing ./InfiniteRunner is the right binary file where main is

[2024-10-04 05:14:17] [connect] Successful connection
[2024-10-04 05:14:17] [connect] WebSocket Connection 174.129.128.48:80 v-2 &quot;WebSocket++/0.8.2&quot; /socket.io/?EIO=4&amp;transport=websocket&amp;t=1728033257 101
sockopen on namespace /
Setting framelimit to 10
Segmentation fault (core dumped)
could not run c++_answer for assignment in ../assignmentdb/13-InfiniteRunner/c++_answer
</code></pre>
</div>
    
    </div>
    <div id="cxxlog14" class="logdetails">
      <h2>Assignment 14 full log</h2>
    
<div class="success">
<h3 id="cxxlog14-buildscaffold">Build Scaffold for Assignment 14</h3>
<pre><code>Compiling c++/ for assignment in ../assignmentdb/14-SpreadingFire/c++
rm SpreadingFire.o
rm SpreadingFire
rm: cannot remove 'SpreadingFire': No such file or directory
make: [Makefile:32: clean] Error 1 (ignored)
g++ -g  -std=c++14 -I /home/bridges-testing/bridges-cxx-install/include/ -c SpreadingFire.cpp -o SpreadingFire.o
g++ -o SpreadingFire SpreadingFire.o -g -L /home/bridges-testing/bridges-cxx-install/lib/ -pthread -lcurl -l bridges 
</code></pre>
</div>
<div class="success">
<h3 id="cxxlog14-buildanswer">Build Answer for Assignment 14</h3>
<pre><code>Compiling c++_answer/ for assignment in ../assignmentdb/14-SpreadingFire/c++_answer
rm SpreadingFire.o
rm SpreadingFire
rm: cannot remove 'SpreadingFire': No such file or directory
make: [Makefile:32: clean] Error 1 (ignored)
g++ -g  -std=c++14 -I /home/bridges-testing/bridges-cxx-install/include/ -c SpreadingFire.cpp -o SpreadingFire.o
g++ -o SpreadingFire SpreadingFire.o -g -L /home/bridges-testing/bridges-cxx-install/lib/ -pthread -lcurl -l bridges 
</code></pre>
</div>
<div class="failure">
<h3 id="cxxlog14-runanswer">Run Answer for Assignment 14</h3>
<pre><code>Guessing ./SpreadingFire is the right binary file where main is

[2024-10-04 05:14:24] [connect] Successful connection
[2024-10-04 05:14:24] [connect] WebSocket Connection 174.129.128.48:80 v-2 &quot;WebSocket++/0.8.2&quot; /socket.io/?EIO=4&amp;transport=websocket&amp;t=1728033264 101
sockopen on namespace /
Setting framelimit to 10
Segmentation fault (core dumped)
could not run c++_answer for assignment in ../assignmentdb/14-SpreadingFire/c++_answer
</code></pre>
</div>
    
    </div>
    <div id="cxxlog15" class="logdetails">
      <h2>Assignment 15 full log</h2>
    
<div class="success">
<h3 id="cxxlog15-buildscaffold">Build Scaffold for Assignment 15</h3>
<pre><code>Compiling c++/ for assignment in ../assignmentdb/15-FallingSand/c++
rm FallingSand.o
rm FallingSand
rm: cannot remove 'FallingSand': No such file or directory
make: [Makefile:32: clean] Error 1 (ignored)
g++ -g  -std=c++14 -I /home/bridges-testing/bridges-cxx-install/include/ -c FallingSand.cpp -o FallingSand.o
g++ -o FallingSand FallingSand.o -g -L /home/bridges-testing/bridges-cxx-install/lib/ -pthread -lcurl -l bridges 
</code></pre>
</div>
<div class="success">
<h3 id="cxxlog15-buildanswer">Build Answer for Assignment 15</h3>
<pre><code>Compiling c++_answer/ for assignment in ../assignmentdb/15-FallingSand/c++_answer
rm FallingSand.o
rm FallingSand
rm: cannot remove 'FallingSand': No such file or directory
make: [Makefile:32: clean] Error 1 (ignored)
g++ -g  -std=c++14 -I /home/bridges-testing/bridges-cxx-install/include/ -c FallingSand.cpp -o FallingSand.o
g++ -o FallingSand FallingSand.o -g -L /home/bridges-testing/bridges-cxx-install/lib/ -pthread -lcurl -l bridges 
</code></pre>
</div>
<div class="failure">
<h3 id="cxxlog15-runanswer">Run Answer for Assignment 15</h3>
<pre><code>Guessing ./FallingSand is the right binary file where main is

[2024-10-04 05:14:30] [connect] Successful connection
[2024-10-04 05:14:30] [connect] WebSocket Connection 54.235.77.118:80 v-2 &quot;WebSocket++/0.8.2&quot; /socket.io/?EIO=4&amp;transport=websocket&amp;t=1728033270 101
sockopen on namespace /
Setting framelimit to 10
Segmentation fault (core dumped)
could not run c++_answer for assignment in ../assignmentdb/15-FallingSand/c++_answer
</code></pre>
</div>
    
    </div>
    <div id="cxxlog16" class="logdetails">
      <h2>Assignment 16 full log</h2>
    
<div class="success">
<h3 id="cxxlog16-buildscaffold">Build Scaffold for Assignment 16</h3>
<pre><code>Compiling c++/ for assignment in ../assignmentdb/16-ImagePuzzle/c++
rm whodunit.o image.o
rm ImagePuzzle
rm: cannot remove 'ImagePuzzle': No such file or directory
make: [Makefile:32: clean] Error 1 (ignored)
g++ -g  -std=c++14 -I /home/bridges-testing/bridges-cxx-install/include/ -c whodunit.cpp -o whodunit.o
g++ -g  -std=c++14 -I /home/bridges-testing/bridges-cxx-install/include/ -c image.cpp -o image.o
g++ -o ImagePuzzle whodunit.o image.o -g -L /home/bridges-testing/bridges-cxx-install/lib/ -pthread -lcurl -l bridges 
</code></pre>
</div>
<div class="success">
<h3 id="cxxlog16-buildanswer">Build Answer for Assignment 16</h3>
<pre><code>Compiling c++_answer/ for assignment in ../assignmentdb/16-ImagePuzzle/c++_answer
rm ImagePuzzle.o image.o
rm ImagePuzzle
rm: cannot remove 'ImagePuzzle': No such file or directory
make: [Makefile:32: clean] Error 1 (ignored)
g++ -g  -std=c++14 -I /home/bridges-testing/bridges-cxx-install/include/ -c ImagePuzzle.cpp -o ImagePuzzle.o
g++ -g  -std=c++14 -I /home/bridges-testing/bridges-cxx-install/include/ -c image.cpp -o image.o
g++ -o ImagePuzzle ImagePuzzle.o image.o -g -L /home/bridges-testing/bridges-cxx-install/lib/ -pthread -lcurl -l bridges 
</code></pre>
</div>
<div class="failure">
<h3 id="cxxlog16-runanswer">Run Answer for Assignment 16</h3>
<pre><code>Guessing ./ImagePuzzle is the right binary file where main is

Segmentation fault (core dumped)
could not run c++_answer for assignment in ../assignmentdb/16-ImagePuzzle/c++_answer
</code></pre>
</div>
    
    </div>
    <div id="cxxlog17" class="logdetails">
      <h2>Assignment 17 full log</h2>
    
<div class="success">
<h3 id="cxxlog17-buildscaffold">Build Scaffold for Assignment 17</h3>
<pre><code>Compiling c++/ for assignment in ../assignmentdb/17-ControlsTutorial/c++
rm Controls_Tutorial.o
rm ControlsTutorial
rm: cannot remove 'ControlsTutorial': No such file or directory
make: [Makefile:32: clean] Error 1 (ignored)
g++ -g  -std=c++14 -I /home/bridges-testing/bridges-cxx-install/include/ -c Controls_Tutorial.cpp -o Controls_Tutorial.o
g++ -o ControlsTutorial Controls_Tutorial.o -g -L /home/bridges-testing/bridges-cxx-install/lib/ -pthread -lcurl -l bridges 
</code></pre>
</div>
<div class="success">
<h3 id="cxxlog17-buildanswer">Build Answer for Assignment 17</h3>
<pre><code>Compiling c++_answer/ for assignment in ../assignmentdb/17-ControlsTutorial/c++_answer
rm Controls_Tutorial.o
rm ControlsTutorial
rm: cannot remove 'ControlsTutorial': No such file or directory
make: [Makefile:32: clean] Error 1 (ignored)
g++ -g  -std=c++14 -I /home/bridges-testing/bridges-cxx-install/include/ -c Controls_Tutorial.cpp -o Controls_Tutorial.o
g++ -o ControlsTutorial Controls_Tutorial.o -g -L /home/bridges-testing/bridges-cxx-install/lib/ -pthread -lcurl -l bridges 
</code></pre>
</div>
<div class="failure">
<h3 id="cxxlog17-runanswer">Run Answer for Assignment 17</h3>
<pre><code>Guessing ./ControlsTutorial is the right binary file where main is

[2024-10-04 05:14:44] [connect] Successful connection
[2024-10-04 05:14:44] [connect] WebSocket Connection 54.205.8.205:80 v-2 &quot;WebSocket++/0.8.2&quot; /socket.io/?EIO=4&amp;transport=websocket&amp;t=1728033284 101
sockopen on namespace /
Setting framelimit to 10
Segmentation fault (core dumped)
could not run c++_answer for assignment in ../assignmentdb/17-ControlsTutorial/c++_answer
</code></pre>
</div>
    
    </div>
    <div id="cxxlog18" class="logdetails">
      <h2>Assignment 18 full log</h2>
    
<div class="success">
<h3 id="cxxlog18-buildscaffold">Build Scaffold for Assignment 18</h3>
<pre><code>Compiling c++/ for assignment in ../assignmentdb/18-ControlsTutorialTwo/c++
rm Controls_Tutorial2.o
rm ControlTutorial2
rm: cannot remove 'ControlTutorial2': No such file or directory
make: [Makefile:32: clean] Error 1 (ignored)
g++ -g  -std=c++14 -I /home/bridges-testing/bridges-cxx-install/include/ -c Controls_Tutorial2.cpp -o Controls_Tutorial2.o
g++ -o ControlTutorial2 Controls_Tutorial2.o -g -L /home/bridges-testing/bridges-cxx-install/lib/ -pthread -lcurl -l bridges 
</code></pre>
</div>
<div class="success">
<h3 id="cxxlog18-buildanswer">Build Answer for Assignment 18</h3>
<pre><code>Compiling c++_answer/ for assignment in ../assignmentdb/18-ControlsTutorialTwo/c++_answer
rm Controls_Tutorial2.o
rm ControlsTutorial2
rm: cannot remove 'ControlsTutorial2': No such file or directory
make: [Makefile:32: clean] Error 1 (ignored)
g++ -g  -std=c++14 -I /home/bridges-testing/bridges-cxx-install/include/ -c Controls_Tutorial2.cpp -o Controls_Tutorial2.o
g++ -o ControlsTutorial2 Controls_Tutorial2.o -g -L /home/bridges-testing/bridges-cxx-install/lib/ -pthread -lcurl -l bridges 
</code></pre>
</div>
<div class="failure">
<h3 id="cxxlog18-runanswer">Run Answer for Assignment 18</h3>
<pre><code>Guessing ./ControlsTutorial2 is the right binary file where main is

[2024-10-04 05:14:50] [connect] Successful connection
[2024-10-04 05:14:50] [connect] WebSocket Connection 174.129.128.48:80 v-2 &quot;WebSocket++/0.8.2&quot; /socket.io/?EIO=4&amp;transport=websocket&amp;t=1728033290 101
sockopen on namespace /
Setting framelimit to 10
Segmentation fault (core dumped)
could not run c++_answer for assignment in ../assignmentdb/18-ControlsTutorialTwo/c++_answer
</code></pre>
</div>
    
    </div>
    <div id="cxxlog19" class="logdetails">
      <h2>Assignment 19 full log</h2>
    
<div class="success">
<h3 id="cxxlog19-buildscaffold">Build Scaffold for Assignment 19</h3>
<pre><code>Compiling c++/ for assignment in ../assignmentdb/19-Bugstomp/c++
rm BugStomp.o
rm BugStomp
rm: cannot remove 'BugStomp': No such file or directory
make: [Makefile:32: clean] Error 1 (ignored)
g++ -g  -std=c++14 -I /home/bridges-testing/bridges-cxx-install/include/ -c BugStomp.cpp -o BugStomp.o
BugStomp.cpp: In member function ‘bool my_game::overlap(int*, int*)’:
BugStomp.cpp:44:3: warning: no return statement in function returning non-void [-Wreturn-type]
   44 |   }
      |   ^
g++ -o BugStomp BugStomp.o -g -L /home/bridges-testing/bridges-cxx-install/lib/ -pthread -lcurl -l bridges 
</code></pre>
</div>
<div class="success">
<h3 id="cxxlog19-buildanswer">Build Answer for Assignment 19</h3>
<pre><code>Compiling c++_answer/ for assignment in ../assignmentdb/19-Bugstomp/c++_answer
rm BugStomp.o
rm BugStomp
rm: cannot remove 'BugStomp': No such file or directory
make: [Makefile:32: clean] Error 1 (ignored)
g++ -g  -std=c++14 -I /home/bridges-testing/bridges-cxx-install/include/ -c BugStomp.cpp -o BugStomp.o
g++ -o BugStomp BugStomp.o -g -L /home/bridges-testing/bridges-cxx-install/lib/ -pthread -lcurl -l bridges 
</code></pre>
</div>
<div class="failure">
<h3 id="cxxlog19-runanswer">Run Answer for Assignment 19</h3>
<pre><code>Guessing ./BugStomp is the right binary file where main is

[2024-10-04 05:14:56] [connect] Successful connection
[2024-10-04 05:14:56] [connect] WebSocket Connection 174.129.128.48:80 v-2 &quot;WebSocket++/0.8.2&quot; /socket.io/?EIO=4&amp;transport=websocket&amp;t=1728033296 101
sockopen on namespace /
Setting framelimit to 10
Segmentation fault (core dumped)
could not run c++_answer for assignment in ../assignmentdb/19-Bugstomp/c++_answer
</code></pre>
</div>
    
    </div>
    <div id="cxxlog20" class="logdetails">
      <h2>Assignment 20 full log</h2>
    
<div class="success">
<h3 id="cxxlog20-buildscaffold">Build Scaffold for Assignment 20</h3>
<pre><code>Compiling c++/ for assignment in ../assignmentdb/20-Minesweeper/c++
rm minesweeper.o
rm Minesweeper
rm: cannot remove 'Minesweeper': No such file or directory
make: [Makefile:32: clean] Error 1 (ignored)
g++ -g  -std=c++14 -I /home/bridges-testing/bridges-cxx-install/include/ -c minesweeper.cpp -o minesweeper.o
g++ -o Minesweeper minesweeper.o -g -L /home/bridges-testing/bridges-cxx-install/lib/ -pthread -lcurl -l bridges 
</code></pre>
</div>
<div class="success">
<h3 id="cxxlog20-buildanswer">Build Answer for Assignment 20</h3>
<pre><code>Compiling c++_answer/ for assignment in ../assignmentdb/20-Minesweeper/c++_answer
rm minesweeper.o
rm Minesweeper
rm: cannot remove 'Minesweeper': No such file or directory
make: [Makefile:32: clean] Error 1 (ignored)
g++ -g  -std=c++14 -I /home/bridges-testing/bridges-cxx-install/include/ -c minesweeper.cpp -o minesweeper.o
g++ -o Minesweeper minesweeper.o -g -L /home/bridges-testing/bridges-cxx-install/lib/ -pthread -lcurl -l bridges 
</code></pre>
</div>
<div class="failure">
<h3 id="cxxlog20-runanswer">Run Answer for Assignment 20</h3>
<pre><code>Guessing ./Minesweeper is the right binary file where main is

[2024-10-04 05:15:03] [connect] Successful connection
[2024-10-04 05:15:03] [connect] WebSocket Connection 54.205.8.205:80 v-2 &quot;WebSocket++/0.8.2&quot; /socket.io/?EIO=4&amp;transport=websocket&amp;t=1728033303 101
sockopen on namespace /
Setting framelimit to 10
Segmentation fault (core dumped)
could not run c++_answer for assignment in ../assignmentdb/20-Minesweeper/c++_answer
</code></pre>
</div>
    
    </div>
    <div id="cxxlog21" class="logdetails">
      <h2>Assignment 21 full log</h2>
    
<div class="success">
<h3 id="cxxlog21-buildscaffold">Build Scaffold for Assignment 21</h3>
<pre><code>Compiling c++/ for assignment in ../assignmentdb/21-RaceCar/c++
rm RaceCar.o
rm RaceCar
rm: cannot remove 'RaceCar': No such file or directory
make: [Makefile:32: clean] Error 1 (ignored)
g++ -g  -std=c++14 -I /home/bridges-testing/bridges-cxx-install/include/ -c RaceCar.cpp -o RaceCar.o
g++ -o RaceCar RaceCar.o -g -L /home/bridges-testing/bridges-cxx-install/lib/ -pthread -lcurl -l bridges 
</code></pre>
</div>
<div class="success">
<h3 id="cxxlog21-buildanswer">Build Answer for Assignment 21</h3>
<pre><code>Compiling c++_answer/ for assignment in ../assignmentdb/21-RaceCar/c++_answer
rm RaceCar.o
rm RaceCar
rm: cannot remove 'RaceCar': No such file or directory
make: [Makefile:32: clean] Error 1 (ignored)
g++ -g  -std=c++14 -I /home/bridges-testing/bridges-cxx-install/include/ -c RaceCar.cpp -o RaceCar.o
g++ -o RaceCar RaceCar.o -g -L /home/bridges-testing/bridges-cxx-install/lib/ -pthread -lcurl -l bridges 
</code></pre>
</div>
<div class="failure">
<h3 id="cxxlog21-runanswer">Run Answer for Assignment 21</h3>
<pre><code>Guessing ./RaceCar is the right binary file where main is

[2024-10-04 05:15:10] [connect] Successful connection
[2024-10-04 05:15:10] [connect] WebSocket Connection 174.129.128.48:80 v-2 &quot;WebSocket++/0.8.2&quot; /socket.io/?EIO=4&amp;transport=websocket&amp;t=1728033310 101
sockopen on namespace /
Setting framelimit to 10
Segmentation fault (core dumped)
could not run c++_answer for assignment in ../assignmentdb/21-RaceCar/c++_answer
</code></pre>
</div>
    
    </div>
    <div id="cxxlog22" class="logdetails">
      <h2>Assignment 22 full log</h2>
    
<div class="success">
<h3 id="cxxlog22-buildscaffold">Build Scaffold for Assignment 22</h3>
<pre><code>Compiling c++/ for assignment in ../assignmentdb/22-Snake/c++
rm Snake.o
rm Snake
rm: cannot remove 'Snake': No such file or directory
make: [Makefile:32: clean] Error 1 (ignored)
g++ -g  -std=c++14 -I /home/bridges-testing/bridges-cxx-install/include/ -c Snake.cpp -o Snake.o
g++ -o Snake Snake.o -g -L /home/bridges-testing/bridges-cxx-install/lib/ -pthread -lcurl -l bridges 
</code></pre>
</div>
<div class="success">
<h3 id="cxxlog22-buildanswer">Build Answer for Assignment 22</h3>
<pre><code>Compiling c++_answer/ for assignment in ../assignmentdb/22-Snake/c++_answer
rm Snake.o
rm Snake
rm: cannot remove 'Snake': No such file or directory
make: [Makefile:32: clean] Error 1 (ignored)
g++ -g  -std=c++14 -I /home/bridges-testing/bridges-cxx-install/include/ -c Snake.cpp -o Snake.o
g++ -o Snake Snake.o -g -L /home/bridges-testing/bridges-cxx-install/lib/ -pthread -lcurl -l bridges 
</code></pre>
</div>
<div class="failure">
<h3 id="cxxlog22-runanswer">Run Answer for Assignment 22</h3>
<pre><code>Guessing ./Snake is the right binary file where main is

[2024-10-04 05:15:17] [connect] Successful connection
[2024-10-04 05:15:17] [connect] WebSocket Connection 174.129.128.48:80 v-2 &quot;WebSocket++/0.8.2&quot; /socket.io/?EIO=4&amp;transport=websocket&amp;t=1728033317 101
sockopen on namespace /
Setting framelimit to 10
Segmentation fault (core dumped)
could not run c++_answer for assignment in ../assignmentdb/22-Snake/c++_answer
</code></pre>
</div>
    
    </div>
    <div id="cxxlog23" class="logdetails">
      <h2>Assignment 23 full log</h2>
    
<div class="success">
<h3 id="cxxlog23-buildscaffold">Build Scaffold for Assignment 23</h3>
<pre><code>Compiling c++/ for assignment in ../assignmentdb/23-MountainPaths/c++
rm mnt_path.o
rm MountainPath
rm: cannot remove 'MountainPath': No such file or directory
make: [Makefile:32: clean] Error 1 (ignored)
g++ -g  -std=c++14 -I /home/bridges-testing/bridges-cxx-install/include/ -c mnt_path.cpp -o mnt_path.o
g++ -o MountainPath mnt_path.o -g -L /home/bridges-testing/bridges-cxx-install/lib/ -pthread -lcurl -l bridges 
</code></pre>
</div>
<div class="success">
<h3 id="cxxlog23-buildanswer">Build Answer for Assignment 23</h3>
<pre><code>Compiling c++_answer/ for assignment in ../assignmentdb/23-MountainPaths/c++_answer
rm mnt_path.o
rm MountainPath
rm: cannot remove 'MountainPath': No such file or directory
make: [Makefile:33: clean] Error 1 (ignored)
g++ -g  -std=c++14 -I /home/bridges-testing/bridges-cxx-install/include/ -c mnt_path.cpp -o mnt_path.o
g++ -o MountainPath mnt_path.o -g -L /home/bridges-testing/bridges-cxx-install/lib/ -pthread -lcurl -lbridges 
</code></pre>
</div>
<div class="failure">
<h3 id="cxxlog23-runanswer">Run Answer for Assignment 23</h3>
<pre><code>Guessing ./MountainPath is the right binary file where main is

terminate called after throwing an instance of 'bridges::HTTPException'
  what():  HTTPException raised when hitting http://bridges-data-server-elevation.bridgesuncc.org/elevation?minLon=86.000000&amp;minLat=28.000000&amp;maxLon=92.000000&amp;maxLat=24.000000&amp;resX=0.000000&amp;resY=0.000000
HTTP code: 500
HTTP/1.1 500 INTERNAL SERVER ERROR
Server: nginx/1.18.0 (Ubuntu)
Date: Fri, 04 Oct 2024 09:15:28 GMT
Content-Type: text/html; charset=utf-8
Content-Length: 82
Connection: keep-alive
Content-Security-Policy: default-src 'self'
X-Frame-Options: SAMEORIGIN


Server Error occured while attempting to process your request. Please try again...
Aborted (core dumped)
could not run c++_answer for assignment in ../assignmentdb/23-MountainPaths/c++_answer
</code></pre>
</div>
    
    </div>
    <div id="cxxlog24" class="logdetails">
      <h2>Assignment 24 full log</h2>
    
<div class="success">
<h3 id="cxxlog24-buildscaffold">Build Scaffold for Assignment 24</h3>
<pre><code>Compiling c++/ for assignment in ../assignmentdb/24-ImageCompressionKdTree/c++
rm kdt_image.o
rm KdTree
rm: cannot remove 'KdTree': No such file or directory
make: [Makefile:32: clean] Error 1 (ignored)
g++ -g  -std=c++14 -I /home/bridges-testing/bridges-cxx-install/include/ -c kdt_image.cpp -o kdt_image.o
g++ -o KdTree kdt_image.o -g -L /home/bridges-testing/bridges-cxx-install/lib/ -pthread -lcurl -l bridges 
</code></pre>
</div>
<div class="success">
<h3 id="cxxlog24-buildanswer">Build Answer for Assignment 24</h3>
<pre><code>Compiling c++_answer/ for assignment in ../assignmentdb/24-ImageCompressionKdTree/c++_answer
rm kdt_image.o
rm KdTree
rm: cannot remove 'KdTree': No such file or directory
make: [Makefile:32: clean] Error 1 (ignored)
g++ -g  -std=c++14 -I /home/bridges-testing/bridges-cxx-install/include/ -c kdt_image.cpp -o kdt_image.o
g++ -o KdTree kdt_image.o -g -L /home/bridges-testing/bridges-cxx-install/lib/ -pthread -lcurl -l bridges 
</code></pre>
</div>
<div class="failure">
<h3 id="cxxlog24-runanswer">Run Answer for Assignment 24</h3>
<pre><code>Guessing ./KdTree is the right binary file where main is

Segmentation fault (core dumped)
could not run c++_answer for assignment in ../assignmentdb/24-ImageCompressionKdTree/c++_answer
</code></pre>
</div>
    
    </div>
    <div id="cxxlog25" class="logdetails">
      <h2>Assignment 25 full log</h2>
    
<div class="success">
<h3 id="cxxlog25-buildscaffold">Build Scaffold for Assignment 25</h3>
<pre><code>Compiling c++/ for assignment in ../assignmentdb/25-Patterns/c++
rm pattern.o
rm Patterns
rm: cannot remove 'Patterns': No such file or directory
make: [Makefile:33: clean] Error 1 (ignored)
g++ -g  -std=c++14 -I /home/bridges-testing/bridges-cxx-install/include/ -c pattern.cpp -o pattern.o
g++ -o Patterns pattern.o -g -L /home/bridges-testing/bridges-cxx-install/lib/ -pthread -lcurl -l bridges 
</code></pre>
</div>
<div class="success">
<h3 id="cxxlog25-buildanswer">Build Answer for Assignment 25</h3>
<pre><code>Compiling c++_answer/ for assignment in ../assignmentdb/25-Patterns/c++_answer
rm pattern.o
rm Patterns
rm: cannot remove 'Patterns': No such file or directory
make: [Makefile:33: clean] Error 1 (ignored)
g++ -g  -std=c++14 -I /home/bridges-testing/bridges-cxx-install/include/ -c pattern.cpp -o pattern.o
g++ -o Patterns pattern.o -g -L /home/bridges-testing/bridges-cxx-install/lib/ -pthread -lcurl -l bridges 
</code></pre>
</div>
<div class="failure">
<h3 id="cxxlog25-runanswer">Run Answer for Assignment 25</h3>
<pre><code>Guessing ./Patterns is the right binary file where main is

Segmentation fault (core dumped)
could not run c++_answer for assignment in ../assignmentdb/25-Patterns/c++_answer
</code></pre>
</div>
    
    </div>
    <div id="cxxlog26" class="logdetails">
      <h2>Assignment 26 full log</h2>
    
<div class="success">
<h3 id="cxxlog26-buildscaffold">Build Scaffold for Assignment 26</h3>
<pre><code>Compiling c++/ for assignment in ../assignmentdb/26-TowersOfHanoi/c++
rm toh.o
rm TowersOfHanoi
rm: cannot remove 'TowersOfHanoi': No such file or directory
make: [Makefile:32: clean] Error 1 (ignored)
g++ -g  -std=c++14 -I /home/bridges-testing/bridges-cxx-install/include/ -c toh.cpp -o toh.o
g++ -o TowersOfHanoi toh.o -g -L /home/bridges-testing/bridges-cxx-install/lib/ -pthread -lcurl -l bridges 
</code></pre>
</div>
<div class="success">
<h3 id="cxxlog26-buildanswer">Build Answer for Assignment 26</h3>
<pre><code>Compiling c++_answer/ for assignment in ../assignmentdb/26-TowersOfHanoi/c++_answer
rm toh.o
rm TowersOfHanoi
rm: cannot remove 'TowersOfHanoi': No such file or directory
make: [Makefile:32: clean] Error 1 (ignored)
g++ -g  -std=c++14 -I /home/bridges-testing/bridges-cxx-install/include/ -c toh.cpp -o toh.o
g++ -o TowersOfHanoi toh.o -g -L /home/bridges-testing/bridges-cxx-install/lib/ -pthread -lcurl -l bridges 
</code></pre>
</div>
<div class="failure">
<h3 id="cxxlog26-runanswer">Run Answer for Assignment 26</h3>
<pre><code>Guessing ./TowersOfHanoi is the right binary file where main is

Segmentation fault (core dumped)
could not run c++_answer for assignment in ../assignmentdb/26-TowersOfHanoi/c++_answer
</code></pre>
</div>
    
    </div>
    <div id="cxxlog27" class="logdetails">
      <h2>Assignment 27 full log</h2>
    
<div class="success">
<h3 id="cxxlog27-buildscaffold">Build Scaffold for Assignment 27</h3>
<pre><code>Compiling c++/ for assignment in ../assignmentdb/27-GameGridBasic/c++
rm SmileyFace.o
rm SmileyFace
rm: cannot remove 'SmileyFace': No such file or directory
make: [Makefile:32: clean] Error 1 (ignored)
g++ -g  -std=c++14 -I /home/bridges-testing/bridges-cxx-install/include/ -c SmileyFace.cpp -o SmileyFace.o
g++ -o SmileyFace SmileyFace.o -g -L /home/bridges-testing/bridges-cxx-install/lib/ -pthread -lcurl -l bridges 
</code></pre>
</div>
<div class="success">
<h3 id="cxxlog27-buildanswer">Build Answer for Assignment 27</h3>
<pre><code>Compiling c++_answer/ for assignment in ../assignmentdb/27-GameGridBasic/c++_answer
rm SmileyFace.o
rm SmileyFace
rm: cannot remove 'SmileyFace': No such file or directory
make: [Makefile:32: clean] Error 1 (ignored)
g++ -g  -std=c++14 -I /home/bridges-testing/bridges-cxx-install/include/ -c SmileyFace.cpp -o SmileyFace.o
g++ -o SmileyFace SmileyFace.o -g -L /home/bridges-testing/bridges-cxx-install/lib/ -pthread -lcurl -l bridges 
</code></pre>
</div>
<div class="failure">
<h3 id="cxxlog27-runanswer">Run Answer for Assignment 27</h3>
<pre><code>Guessing ./SmileyFace is the right binary file where main is

[2024-10-04 05:15:53] [connect] Successful connection
[2024-10-04 05:15:53] [connect] WebSocket Connection 54.205.8.205:80 v-2 &quot;WebSocket++/0.8.2&quot; /socket.io/?EIO=4&amp;transport=websocket&amp;t=1728033353 101
sockopen on namespace /
Setting framelimit to 10
Segmentation fault (core dumped)
could not run c++_answer for assignment in ../assignmentdb/27-GameGridBasic/c++_answer
</code></pre>
</div>
    
    </div>
    <div id="cxxlog28" class="logdetails">
      <h2>Assignment 28 full log</h2>
    
<div class="success">
<h3 id="cxxlog28-buildscaffold">Build Scaffold for Assignment 28</h3>
<pre><code>Compiling c++/ for assignment in ../assignmentdb/28-BigOhMatters/c++
rm Complexity.o
rm BigOhMatters
rm: cannot remove 'BigOhMatters': No such file or directory
make: [Makefile:32: clean] Error 1 (ignored)
g++ -g  -std=c++14 -I /home/bridges-testing/bridges-cxx-install/include/ -c Complexity.cpp -o Complexity.o
g++ -o BigOhMatters Complexity.o -g -L /home/bridges-testing/bridges-cxx-install/lib/ -pthread -lcurl -l bridges 
</code></pre>
</div>
<div class="success">
<h3 id="cxxlog28-buildanswer">Build Answer for Assignment 28</h3>
<pre><code>Compiling c++_answer/ for assignment in ../assignmentdb/28-BigOhMatters/c++_answer
rm Complexity.o
rm BigOhMatters
rm: cannot remove 'BigOhMatters': No such file or directory
make: [Makefile:32: clean] Error 1 (ignored)
g++ -g  -std=c++14 -I /home/bridges-testing/bridges-cxx-install/include/ -c Complexity.cpp -o Complexity.o
g++ -o BigOhMatters Complexity.o -g -L /home/bridges-testing/bridges-cxx-install/lib/ -pthread -lcurl -l bridges 
</code></pre>
</div>
<div class="failure">
<h3 id="cxxlog28-runanswer">Run Answer for Assignment 28</h3>
<pre><code>Guessing ./BigOhMatters is the right binary file where main is

Segmentation fault (core dumped)
could not run c++_answer for assignment in ../assignmentdb/28-BigOhMatters/c++_answer
</code></pre>
</div>
    
    </div>
    <div id="cxxlog29" class="logdetails">
      <h2>Assignment 29 full log</h2>
    
<div class="success">
<h3 id="cxxlog29-buildscaffold">Build Scaffold for Assignment 29</h3>
<pre><code>Compiling c++/ for assignment in ../assignmentdb/29-SortingBenchmark/c++
rm SortingBenchmark.o
rm SortingBenchmark
rm: cannot remove 'SortingBenchmark': No such file or directory
make: [Makefile:32: clean] Error 1 (ignored)
g++ -g  -std=c++14 -I /home/bridges-testing/bridges-cxx-install/include/ -c SortingBenchmark.cpp -o SortingBenchmark.o
g++ -o SortingBenchmark SortingBenchmark.o -g -L /home/bridges-testing/bridges-cxx-install/lib/ -pthread -lcurl -l bridges 
</code></pre>
</div>
<div class="success">
<h3 id="cxxlog29-buildanswer">Build Answer for Assignment 29</h3>
<pre><code>Compiling c++_answer/ for assignment in ../assignmentdb/29-SortingBenchmark/c++_answer
rm SortingBenchmark.o
rm SortingBenchmark
rm: cannot remove 'SortingBenchmark': No such file or directory
make: [Makefile:32: clean] Error 1 (ignored)
g++ -g  -std=c++14 -I /home/bridges-testing/bridges-cxx-install/include/ -O3 -c SortingBenchmark.cpp -o SortingBenchmark.o
g++ -o SortingBenchmark SortingBenchmark.o -g -L /home/bridges-testing/bridges-cxx-install/lib/ -pthread -lcurl -l bridges 
</code></pre>
</div>
<div class="failure">
<h3 id="cxxlog29-runanswer">Run Answer for Assignment 29</h3>
<pre><code>Guessing ./SortingBenchmark is the right binary file where main is

Segmentation fault (core dumped)
could not run c++_answer for assignment in ../assignmentdb/29-SortingBenchmark/c++_answer
</code></pre>
</div>
    
    </div>
    <div id="cxxlog30" class="logdetails">
      <h2>Assignment 30 full log</h2>
    
<div class="failure">
<h3 id="cxxlog30-buildscaffold">Build Scaffold for Assignment 30</h3>
<pre><code>assignment 30 has no c++ directory
</code></pre>
</div>
<div class="success">
<h3 id="cxxlog30-buildanswer">Build Answer for Assignment 30</h3>
<pre><code>Compiling c++_answer/ for assignment in ../assignmentdb/30-TemporalBaconNumber/c++_answer
rm wikidata_actor.o
rm TemporalBaconNumber
rm: cannot remove 'TemporalBaconNumber': No such file or directory
make: [Makefile:31: clean] Error 1 (ignored)
g++ -g  -std=c++14 -I /home/bridges-testing/bridges-cxx-install/include/ -c wikidata_actor.cpp -o wikidata_actor.o
g++ -o TemporalBaconNumber wikidata_actor.o -g -L /home/bridges-testing/bridges-cxx-install/lib/ -pthread -lcurl -l bridges 
</code></pre>
</div>
<div class="failure">
<h3 id="cxxlog30-runanswer">Run Answer for Assignment 30</h3>
<pre><code>Guessing ./TemporalBaconNumber is the right binary file where main is

****Alarm clock
could not run c++_answer for assignment in ../assignmentdb/30-TemporalBaconNumber/c++_answer
</code></pre>
</div>
    
    </div>
    <div id="cxxlog31" class="logdetails">
      <h2>Assignment 31 full log</h2>
    
<div class="failure">
<h3 id="cxxlog31-buildscaffold">Build Scaffold for Assignment 31</h3>
<pre><code>assignment 31 has no c++ directory
</code></pre>
</div>
<div class="success">
<h3 id="cxxlog31-buildanswer">Build Answer for Assignment 31</h3>
<pre><code>Compiling c++_answer/ for assignment in ../assignmentdb/31-TemporalPageRank/c++_answer
rm wikidata_actor.o
rm TemporalPageRank
rm: cannot remove 'TemporalPageRank': No such file or directory
make: [Makefile:32: clean] Error 1 (ignored)
g++ -g  -std=c++14 -I /home/bridges-testing/bridges-cxx-install/include/ -c wikidata_actor.cpp -o wikidata_actor.o
g++ -o TemporalPageRank wikidata_actor.o -g -L /home/bridges-testing/bridges-cxx-install/lib/ -pthread -lcurl -l bridges 
</code></pre>
</div>
<div class="success">
<h3 id="cxxlog31-runanswer">Run Answer for Assignment 31</h3>
<pre><code>Guessing ./TemporalPageRank is the right binary file where main is

Malformed JSON
</code></pre>
</div>
    
    </div>
    <div id="cxxlog32" class="logdetails">
      <h2>Assignment 32 full log</h2>
    
<div class="success">
<h3 id="cxxlog32-buildscaffold">Build Scaffold for Assignment 32</h3>
<pre><code>Compiling c++/ for assignment in ../assignmentdb/32-TicTacToe/c++
rm tic_tac_toe_scaffold.o
rm TicTacToe
rm: cannot remove 'TicTacToe': No such file or directory
make: [Makefile:32: clean] Error 1 (ignored)
g++ -g  -std=c++14 -I /home/bridges-testing/bridges-cxx-install/include/ -c tic_tac_toe_scaffold.cpp -o tic_tac_toe_scaffold.o
tic_tac_toe_scaffold.cpp: In member function ‘bool my_game::legalMove(int)’:
tic_tac_toe_scaffold.cpp:71:3: warning: no return statement in function returning non-void [-Wreturn-type]
   71 |   }
      |   ^
tic_tac_toe_scaffold.cpp: In member function ‘bool my_game::gameOver()’:
tic_tac_toe_scaffold.cpp:81:3: warning: no return statement in function returning non-void [-Wreturn-type]
   81 |   }
      |   ^
g++ -o TicTacToe tic_tac_toe_scaffold.o -g -L /home/bridges-testing/bridges-cxx-install/lib/ -pthread -lcurl -l bridges 
</code></pre>
</div>
<div class="success">
<h3 id="cxxlog32-buildanswer">Build Answer for Assignment 32</h3>
<pre><code>Compiling c++_answer/ for assignment in ../assignmentdb/32-TicTacToe/c++_answer
rm tic_tac_toe.o
rm TicTacToe
rm: cannot remove 'TicTacToe': No such file or directory
make: [Makefile:32: clean] Error 1 (ignored)
g++ -g  -std=c++14 -I /home/bridges-testing/bridges-cxx-install/include/ -c tic_tac_toe.cpp -o tic_tac_toe.o
g++ -o TicTacToe tic_tac_toe.o -g -L /home/bridges-testing/bridges-cxx-install/lib/ -pthread -lcurl -l bridges 
</code></pre>
</div>
<div class="failure">
<h3 id="cxxlog32-runanswer">Run Answer for Assignment 32</h3>
<pre><code>Guessing ./TicTacToe is the right binary file where main is

[2024-10-04 05:19:59] [connect] Successful connection
[2024-10-04 05:19:59] [connect] WebSocket Connection 54.235.77.118:80 v-2 &quot;WebSocket++/0.8.2&quot; /socket.io/?EIO=4&amp;transport=websocket&amp;t=1728033599 101
sockopen on namespace /
Setting framelimit to 10
Segmentation fault (core dumped)
could not run c++_answer for assignment in ../assignmentdb/32-TicTacToe/c++_answer
</code></pre>
</div>
    
    </div>
    <div id="cxxlog33" class="logdetails">
      <h2>Assignment 33 full log</h2>
    
<div class="success">
<h3 id="cxxlog33-buildscaffold">Build Scaffold for Assignment 33</h3>
<pre><code>Compiling c++/ for assignment in ../assignmentdb/33-AudioMixing/c++
rm AudioMixing.o
rm AudioMixing
rm: cannot remove 'AudioMixing': No such file or directory
make: [Makefile:32: clean] Error 1 (ignored)
g++ -g  -std=c++14 -I /home/bridges-testing/bridges-cxx-install/include/ -c AudioMixing.cpp -o AudioMixing.o
g++ -o AudioMixing AudioMixing.o -g -L /home/bridges-testing/bridges-cxx-install/lib/ -pthread -lcurl -l bridges 
</code></pre>
</div>
<div class="success">
<h3 id="cxxlog33-buildanswer">Build Answer for Assignment 33</h3>
<pre><code>Compiling c++_answer/ for assignment in ../assignmentdb/33-AudioMixing/c++_answer
rm AudioMixing.o
rm AudioMixing
rm: cannot remove 'AudioMixing': No such file or directory
make: [Makefile:32: clean] Error 1 (ignored)
g++ -g  -std=c++14 -I /home/bridges-testing/bridges-cxx-install/include/ -c AudioMixing.cpp -o AudioMixing.o
g++ -o AudioMixing AudioMixing.o -g -L /home/bridges-testing/bridges-cxx-install/lib/ -pthread -lcurl -l bridges 
</code></pre>
</div>
<div class="failure">
<h3 id="cxxlog33-runanswer">Run Answer for Assignment 33</h3>
<pre><code>Guessing ./AudioMixing is the right binary file where main is

Segmentation fault (core dumped)
could not run c++_answer for assignment in ../assignmentdb/33-AudioMixing/c++_answer
</code></pre>
</div>
    
    </div>
    <div id="cxxlog34" class="logdetails">
      <h2>Assignment 34 full log</h2>
    
<div class="success">
<h3 id="cxxlog34-buildscaffold">Build Scaffold for Assignment 34</h3>
<pre><code>Compiling c++/ for assignment in ../assignmentdb/34-GameTutorials/c++
rm GameTutorial.o
rm GameTutorial
rm: cannot remove 'GameTutorial': No such file or directory
make: [Makefile:32: clean] Error 1 (ignored)
g++ -g  -std=c++14 -I /home/bridges-testing/bridges-cxx-install/include/ -c GameTutorial.cpp -o GameTutorial.o
g++ -o GameTutorial GameTutorial.o -g -L /home/bridges-testing/bridges-cxx-install/lib/ -pthread -lcurl -l bridges 
</code></pre>
</div>
<div class="success">
<h3 id="cxxlog34-buildanswer">Build Answer for Assignment 34</h3>
<pre><code>Compiling c++_answer/ for assignment in ../assignmentdb/34-GameTutorials/c++_answer
rm GameTutorial.o
rm GameTutorial
rm: cannot remove 'GameTutorial': No such file or directory
make: [Makefile:32: clean] Error 1 (ignored)
g++ -g  -std=c++14 -I /home/bridges-testing/bridges-cxx-install/include/ -c GameTutorial.cpp -o GameTutorial.o
g++ -o GameTutorial GameTutorial.o -g -L /home/bridges-testing/bridges-cxx-install/lib/ -pthread -lcurl -l bridges 
</code></pre>
</div>
<div class="failure">
<h3 id="cxxlog34-runanswer">Run Answer for Assignment 34</h3>
<pre><code>Guessing ./GameTutorial is the right binary file where main is

[2024-10-04 05:20:09] [connect] Successful connection
[2024-10-04 05:20:09] [connect] WebSocket Connection 174.129.128.48:80 v-2 &quot;WebSocket++/0.8.2&quot; /socket.io/?EIO=4&amp;transport=websocket&amp;t=1728033609 101
sockopen on namespace /
Size:10,10
Setting framelimit to 10
Segmentation fault (core dumped)
could not run c++_answer for assignment in ../assignmentdb/34-GameTutorials/c++_answer
</code></pre>
</div>
    
    </div>
    <div id="cxxlog35" class="logdetails">
      <h2>Assignment 35 full log</h2>
    
<div class="success">
<h3 id="cxxlog35-buildscaffold">Build Scaffold for Assignment 35</h3>
<pre><code>Compiling c++/ for assignment in ../assignmentdb/35-ConnectFour/c++
rm connect4.o
rm connect4
rm: cannot remove 'connect4': No such file or directory
make: [Makefile:32: clean] Error 1 (ignored)
g++ -g  -std=c++14 -I /home/bridges-testing/bridges-cxx-install/include/ -c connect4.cpp -o connect4.o
g++ -o connect4 connect4.o -g -L /home/bridges-testing/bridges-cxx-install/lib/ -pthread -lcurl -l bridges 
</code></pre>
</div>
<div class="success">
<h3 id="cxxlog35-buildanswer">Build Answer for Assignment 35</h3>
<pre><code>Compiling c++_answer/ for assignment in ../assignmentdb/35-ConnectFour/c++_answer
rm connect4.o
rm connect4
rm: cannot remove 'connect4': No such file or directory
make: [Makefile:32: clean] Error 1 (ignored)
g++ -g  -std=c++14 -I /home/bridges-testing/bridges-cxx-install/include/ -c connect4.cpp -o connect4.o
g++ -o connect4 connect4.o -g -L /home/bridges-testing/bridges-cxx-install/lib/ -pthread -lcurl -l bridges 
</code></pre>
</div>
<div class="failure">
<h3 id="cxxlog35-runanswer">Run Answer for Assignment 35</h3>
<pre><code>Guessing ./connect4 is the right binary file where main is

[2024-10-04 05:20:15] [connect] Successful connection
[2024-10-04 05:20:15] [connect] WebSocket Connection 54.205.8.205:80 v-2 &quot;WebSocket++/0.8.2&quot; /socket.io/?EIO=4&amp;transport=websocket&amp;t=1728033615 101
sockopen on namespace /
Setting framelimit to 10
Segmentation fault (core dumped)
could not run c++_answer for assignment in ../assignmentdb/35-ConnectFour/c++_answer
</code></pre>
</div>
    
    </div>
    <div id="cxxlog36" class="logdetails">
      <h2>Assignment 36 full log</h2>
    
<div class="success">
<h3 id="cxxlog36-buildscaffold">Build Scaffold for Assignment 36</h3>
<pre><code>Compiling c++/ for assignment in ../assignmentdb/36-Pong/c++
rm pong.o
rm pong
rm: cannot remove 'pong': No such file or directory
make: [Makefile:32: clean] Error 1 (ignored)
g++ -g  -std=c++14 -I /home/bridges-testing/bridges-cxx-install/include/ -c pong.cpp -o pong.o
g++ -o pong pong.o -g -L /home/bridges-testing/bridges-cxx-install/lib/ -pthread -lcurl -l bridges 
</code></pre>
</div>
<div class="success">
<h3 id="cxxlog36-buildanswer">Build Answer for Assignment 36</h3>
<pre><code>Compiling c++_answer/ for assignment in ../assignmentdb/36-Pong/c++_answer
rm pong.o
rm pong
rm: cannot remove 'pong': No such file or directory
make: [Makefile:32: clean] Error 1 (ignored)
g++ -g  -std=c++14 -I /home/bridges-testing/bridges-cxx-install/include/ -c pong.cpp -o pong.o
g++ -o pong pong.o -g -L /home/bridges-testing/bridges-cxx-install/lib/ -pthread -lcurl -l bridges 
</code></pre>
</div>
<div class="failure">
<h3 id="cxxlog36-runanswer">Run Answer for Assignment 36</h3>
<pre><code>Guessing ./pong is the right binary file where main is

[2024-10-04 05:20:22] [connect] Successful connection
[2024-10-04 05:20:22] [connect] WebSocket Connection 54.235.77.118:80 v-2 &quot;WebSocket++/0.8.2&quot; /socket.io/?EIO=4&amp;transport=websocket&amp;t=1728033622 101
sockopen on namespace /
Setting framelimit to 10
Segmentation fault (core dumped)
could not run c++_answer for assignment in ../assignmentdb/36-Pong/c++_answer
</code></pre>
</div>
    
    </div>
    <div id="cxxlog37" class="logdetails">
      <h2>Assignment 37 full log</h2>
    
<div class="success">
<h3 id="cxxlog37-buildscaffold">Build Scaffold for Assignment 37</h3>
<pre><code>Compiling c++/ for assignment in ../assignmentdb/37-SubsamplingBitdepth/c++
rm bitDepth.o
rm bitDepth
rm: cannot remove 'bitDepth': No such file or directory
make: [Makefile:32: clean] Error 1 (ignored)
g++ -g  -std=c++14 -I /home/bridges-testing/bridges-cxx-install/include/ -c bitDepth.cpp -o bitDepth.o
g++ -o bitDepth bitDepth.o -g -L /home/bridges-testing/bridges-cxx-install/lib/ -pthread -lcurl -l bridges 
</code></pre>
</div>
<div class="success">
<h3 id="cxxlog37-buildanswer">Build Answer for Assignment 37</h3>
<pre><code>Compiling c++_answer/ for assignment in ../assignmentdb/37-SubsamplingBitdepth/c++_answer
rm bitDepth.o
rm bitDepth
rm: cannot remove 'bitDepth': No such file or directory
make: [Makefile:32: clean] Error 1 (ignored)
g++ -g  -std=c++14 -I /home/bridges-testing/bridges-cxx-install/include/ -c bitDepth.cpp -o bitDepth.o
g++ -o bitDepth bitDepth.o -g -L /home/bridges-testing/bridges-cxx-install/lib/ -pthread -lcurl -l bridges 
</code></pre>
</div>
<div class="failure">
<h3 id="cxxlog37-runanswer">Run Answer for Assignment 37</h3>
<pre><code>Guessing ./bitDepth is the right binary file where main is

Segmentation fault (core dumped)
could not run c++_answer for assignment in ../assignmentdb/37-SubsamplingBitdepth/c++_answer
</code></pre>
</div>
    
    </div>
    <div id="cxxlog38" class="logdetails">
      <h2>Assignment 38 full log</h2>
    
<div class="failure">
<h3 id="cxxlog38-buildscaffold">Build Scaffold for Assignment 38</h3>
<pre><code>Compiling c++/ for assignment in ../assignmentdb/38-GeologicalSurvey/c++
rm geological_survey.o
rm: cannot remove 'geological_survey.o': No such file or directory
make: [Makefile:31: clean] Error 1 (ignored)
rm geological_survey
rm: cannot remove 'geological_survey': No such file or directory
make: [Makefile:32: clean] Error 1 (ignored)
g++ -g  -std=c++14 -I /home/bridges-testing/bridges-cxx-install/include/ -c geological_survey.cpp -o geological_survey.o
geological_survey.cpp: In function ‘int main(int, char**)’:
geological_survey.cpp:28:23: error: no matching function for call to ‘bridges::Bridges::setMap(const char [6], const char [4])’
   28 |         bridges.setMap(&quot;world&quot;, &quot;all&quot;);
      |         ~~~~~~~~~~~~~~^~~~~~~~~~~~~~~~
In file included from geological_survey.cpp:2:
/home/bridges-testing/bridges-cxx-install/include/Bridges.h:409:30: note: candidate: ‘void bridges::Bridges::setMap(std::vector&lt;std::__cxx11::basic_string&lt;char&gt; &gt;)’
  409 |                         void setMap(vector&lt;string&gt; map_info) {
      |                              ^~~~~~
/home/bridges-testing/bridges-cxx-install/include/Bridges.h:409:30: note:   candidate expects 1 argument, 2 provided
make: *** [Makefile:26: geological_survey.o] Error 1
could not compile c++/ for assignment in ../assignmentdb/38-GeologicalSurvey/c++
</code></pre>
</div>
<div class="failure">
<h3 id="cxxlog38-buildanswer">Build Answer for Assignment 38</h3>
<pre><code>Compiling c++_answer/ for assignment in ../assignmentdb/38-GeologicalSurvey/c++_answer
rm geological_survey.o
rm: cannot remove 'geological_survey.o': No such file or directory
make: [Makefile:31: clean] Error 1 (ignored)
rm geological_survey
rm: cannot remove 'geological_survey': No such file or directory
make: [Makefile:32: clean] Error 1 (ignored)
g++ -g  -std=c++14 -I /home/bridges-testing/bridges-cxx-install/include/ -c geological_survey.cpp -o geological_survey.o
geological_survey.cpp: In function ‘int main(int, char**)’:
geological_survey.cpp:28:23: error: no matching function for call to ‘bridges::Bridges::setMap(const char [6], const char [4])’
   28 |         bridges.setMap(&quot;world&quot;, &quot;all&quot;);
      |         ~~~~~~~~~~~~~~^~~~~~~~~~~~~~~~
In file included from geological_survey.cpp:2:
/home/bridges-testing/bridges-cxx-install/include/Bridges.h:409:30: note: candidate: ‘void bridges::Bridges::setMap(std::vector&lt;std::__cxx11::basic_string&lt;char&gt; &gt;)’
  409 |                         void setMap(vector&lt;string&gt; map_info) {
      |                              ^~~~~~
/home/bridges-testing/bridges-cxx-install/include/Bridges.h:409:30: note:   candidate expects 1 argument, 2 provided
make: *** [Makefile:26: geological_survey.o] Error 1
could not compile c++_answer/ for assignment in ../assignmentdb/38-GeologicalSurvey/c++_answer
</code></pre>
</div>
<div class="failure">
<h3 id="cxxlog38-runanswer">Run Answer for Assignment 38</h3>
<pre><code>can't guess a binary file to run
could not run c++_answer for assignment in ../assignmentdb/38-GeologicalSurvey/c++_answer
</code></pre>
</div>
    
    </div>
    <div id="cxxlog39" class="logdetails">
      <h2>Assignment 39 full log</h2>
    
<div class="failure">
<h3 id="cxxlog39-buildscaffold">Build Scaffold for Assignment 39</h3>
<pre><code>assignment 39 has no c++ directory
</code></pre>
</div>
<div class="success">
<h3 id="cxxlog39-buildanswer">Build Answer for Assignment 39</h3>
<pre><code>Compiling c++_answer/ for assignment in ../assignmentdb/39-BookDistance/c++_answer
rm BookDistance.o
rm book_analysis
rm: cannot remove 'book_analysis': No such file or directory
make: [Makefile:32: clean] Error 1 (ignored)
g++ -g  -std=c++14 -I /home/bridges-testing/bridges-cxx-install/include/ -c BookDistance.cpp -o BookDistance.o
g++ -o book_analysis BookDistance.o -g -L /home/bridges-testing/bridges-cxx-install/lib/ -pthread -lcurl -l bridges 
</code></pre>
</div>
<div class="failure">
<h3 id="cxxlog39-runanswer">Run Answer for Assignment 39</h3>
<pre><code>Guessing ./book_analysis is the right binary file where main is

Querying Mark Twain
http://bridges-data-server-gutenberg.bridgesuncc.org//search?search=Mark%20Twain&amp;type=author
Querying Shakespeare, William
http://bridges-data-server-gutenberg.bridgesuncc.org//search?search=Shakespeare%2C%20William&amp;type=author
Querying Dickens, Charles
http://bridges-data-server-gutenberg.bridgesuncc.org//search?search=Dickens%2C%20Charles&amp;type=author
Querying Homer
http://bridges-data-server-gutenberg.bridgesuncc.org//search?search=Homer&amp;type=author
terminate called after throwing an instance of 'bridges::HTTPException'
  what():  HTTPException raised when hitting http://bridges-data-server-gutenberg.bridgesuncc.org//book?id=102
HTTP code: 500
HTTP/1.1 500 INTERNAL SERVER ERROR
Server: nginx/1.18.0 (Ubuntu)
Date: Fri, 04 Oct 2024 09:20:41 GMT
Content-Type: text/html; charset=utf-8
Content-Length: 290
Connection: keep-alive


&lt;!DOCTYPE HTML PUBLIC &quot;-//W3C//DTD HTML 3.2 Final//EN&quot;&gt;
&lt;title&gt;500 Internal Server Error&lt;/title&gt;
&lt;h1&gt;Internal Server Error&lt;/h1&gt;
&lt;p&gt;The server encountered an internal error and was unable to complete your request. Either the server is overloaded or there is an error in the application.&lt;/p&gt;

Aborted (core dumped)
could not run c++_answer for assignment in ../assignmentdb/39-BookDistance/c++_answer
</code></pre>
</div>
    
    </div>
    <div id="cxxlog40" class="logdetails">
      <h2>Assignment 40 full log</h2>
    
<div class="success">
<h3 id="cxxlog40-buildscaffold">Build Scaffold for Assignment 40</h3>
<pre><code>Compiling c++/ for assignment in ../assignmentdb/40-ImageProcessing/c++
rm ImageProcess.o
rm ImageProcess
rm: cannot remove 'ImageProcess': No such file or directory
make: [Makefile:32: clean] Error 1 (ignored)
g++ -g  -std=c++14 -I /home/bridges-testing/bridges-cxx-install/include/ -c ImageProcess.cpp -o ImageProcess.o
g++ -o ImageProcess ImageProcess.o -g -L /home/bridges-testing/bridges-cxx-install/lib/ -pthread -lcurl -l bridges 
</code></pre>
</div>
<div class="success">
<h3 id="cxxlog40-buildanswer">Build Answer for Assignment 40</h3>
<pre><code>Compiling c++_answer/ for assignment in ../assignmentdb/40-ImageProcessing/c++_answer
rm ImageProcess.o
rm ImageProcess
rm: cannot remove 'ImageProcess': No such file or directory
make: [Makefile:32: clean] Error 1 (ignored)
g++ -g  -std=c++14 -I /home/bridges-testing/bridges-cxx-install/include/ -c ImageProcess.cpp -o ImageProcess.o
g++ -o ImageProcess ImageProcess.o -g -L /home/bridges-testing/bridges-cxx-install/lib/ -pthread -lcurl -l bridges 
</code></pre>
</div>
<div class="failure">
<h3 id="cxxlog40-runanswer">Run Answer for Assignment 40</h3>
<pre><code>Guessing ./ImageProcess is the right binary file where main is

width,height, maxval:1038,807,255
Segmentation fault (core dumped)
could not run c++_answer for assignment in ../assignmentdb/40-ImageProcessing/c++_answer
</code></pre>
</div>
    
    </div>
    <div id="cxxlog41" class="logdetails">
      <h2>Assignment 41 full log</h2>
    
<div class="success">
<h3 id="cxxlog41-buildscaffold">Build Scaffold for Assignment 41</h3>
<pre><code>Compiling c++/ for assignment in ../assignmentdb/41-SpaceInvaders/c++
rm SpaceInvaders.o
rm SpaceInvaders
rm: cannot remove 'SpaceInvaders': No such file or directory
make: [Makefile:32: clean] Error 1 (ignored)
g++ -g  -std=c++14 -I /home/bridges-testing/bridges-cxx-install/include/ -c SpaceInvaders.cpp -o SpaceInvaders.o
g++ -o SpaceInvaders SpaceInvaders.o -g -L /home/bridges-testing/bridges-cxx-install/lib/ -pthread -lcurl -l bridges 
</code></pre>
</div>
<div class="success">
<h3 id="cxxlog41-buildanswer">Build Answer for Assignment 41</h3>
<pre><code>Compiling c++_answer/ for assignment in ../assignmentdb/41-SpaceInvaders/c++_answer
rm SpaceInvaders.o
rm SpaceInvaders
rm: cannot remove 'SpaceInvaders': No such file or directory
make: [Makefile:32: clean] Error 1 (ignored)
g++ -g  -std=c++14 -I /home/bridges-testing/bridges-cxx-install/include/ -c SpaceInvaders.cpp -o SpaceInvaders.o
g++ -o SpaceInvaders SpaceInvaders.o -g -L /home/bridges-testing/bridges-cxx-install/lib/ -pthread -lcurl -l bridges 
</code></pre>
</div>
<div class="failure">
<h3 id="cxxlog41-runanswer">Run Answer for Assignment 41</h3>
<pre><code>Guessing ./SpaceInvaders is the right binary file where main is

[2024-10-04 05:20:53] [connect] Successful connection
[2024-10-04 05:20:53] [connect] WebSocket Connection 18.211.231.38:80 v-2 &quot;WebSocket++/0.8.2&quot; /socket.io/?EIO=4&amp;transport=websocket&amp;t=1728033653 101
sockopen on namespace /
Setting framelimit to 10
Segmentation fault (core dumped)
could not run c++_answer for assignment in ../assignmentdb/41-SpaceInvaders/c++_answer
</code></pre>
</div>
    
    </div>
    <div id="cxxlog42" class="logdetails">
      <h2>Assignment 42 full log</h2>
    
<div class="failure">
<h3 id="cxxlog42-buildscaffold">Build Scaffold for Assignment 42</h3>
<pre><code>assignment 42 has no c++ directory
</code></pre>
</div>
<div class="failure">
<h3 id="cxxlog42-buildanswer">Build Answer for Assignment 42</h3>
<pre><code>assignment 42 has no c++_answer directory
</code></pre>
</div>
<div class="failure">
<h3 id="cxxlog42-runanswer">Run Answer for Assignment 42</h3>
<pre><code>assignment 42 has no c++_answer directory
</code></pre>
</div>
    
    </div>
    <div id="cxxlog43" class="logdetails">
      <h2>Assignment 43 full log</h2>
    
<div class="success">
<h3 id="cxxlog43-buildscaffold">Build Scaffold for Assignment 43</h3>
<pre><code>Compiling c++/ for assignment in ../assignmentdb/43-SpatialIndexing/c++
rm spatialindexing.o
rm SpatialIndexing
rm: cannot remove 'SpatialIndexing': No such file or directory
make: [Makefile:34: clean] Error 1 (ignored)
g++ -g  -std=c++14 -I /home/bridges-testing/bridges-cxx-install/include/ -c spatialindexing.cpp -o spatialindexing.o
g++ -o SpatialIndexing spatialindexing.o -g -L /home/bridges-testing/bridges-cxx-install/lib/ -pthread -lcurl -l bridges 
</code></pre>
</div>
<div class="success">
<h3 id="cxxlog43-buildanswer">Build Answer for Assignment 43</h3>
<pre><code>Compiling c++_answer/ for assignment in ../assignmentdb/43-SpatialIndexing/c++_answer
rm closestPoint.o
rm closestPoint
rm: cannot remove 'closestPoint': No such file or directory
make: [Makefile:34: clean] Error 1 (ignored)
g++ -g  -std=c++14 -I /home/bridges-testing/bridges-cxx-install/include/ -c closestPoint.cpp -o closestPoint.o
g++ -o closestPoint closestPoint.o -g -L /home/bridges-testing/bridges-cxx-install/lib/ -pthread -lcurl -l bridges 
</code></pre>
</div>
<div class="failure">
<h3 id="cxxlog43-runanswer">Run Answer for Assignment 43</h3>
<pre><code>Guessing ./closestPoint is the right binary file where main is

terminate called after throwing an instance of 'rapidjson_exception'
Aborted (core dumped)
could not run c++_answer for assignment in ../assignmentdb/43-SpatialIndexing/c++_answer
</code></pre>
</div>
    
    </div>
    <div id="cxxlog44" class="logdetails">
      <h2>Assignment 44 full log</h2>
    
<div class="failure">
<h3 id="cxxlog44-buildscaffold">Build Scaffold for Assignment 44</h3>
<pre><code>Compiling c++/ for assignment in ../assignmentdb/44-MST-Cities/c++
rm prim_mst_cities.o
rm: cannot remove 'prim_mst_cities.o': No such file or directory
make: [Makefile:31: clean] Error 1 (ignored)
rm prim_mst
rm: cannot remove 'prim_mst': No such file or directory
make: [Makefile:32: clean] Error 1 (ignored)
g++ -g  -std=c++14 -I /home/bridges-testing/bridges-cxx-install/include/ -c prim_mst_cities.cpp -o prim_mst_cities.o
prim_mst_cities.cpp: In function ‘int main()’:
prim_mst_cities.cpp:49:23: error: no matching function for call to ‘bridges::Bridges::setMap(const char [3], const char [4])’
   49 |         bridges.setMap(&quot;us&quot;, &quot;all&quot;);
      |         ~~~~~~~~~~~~~~^~~~~~~~~~~~~
In file included from prim_mst_cities.cpp:11:
/home/bridges-testing/bridges-cxx-install/include/Bridges.h:409:30: note: candidate: ‘void bridges::Bridges::setMap(std::vector&lt;std::__cxx11::basic_string&lt;char&gt; &gt;)’
  409 |                         void setMap(vector&lt;string&gt; map_info) {
      |                              ^~~~~~
/home/bridges-testing/bridges-cxx-install/include/Bridges.h:409:30: note:   candidate expects 1 argument, 2 provided
make: *** [Makefile:26: prim_mst_cities.o] Error 1
could not compile c++/ for assignment in ../assignmentdb/44-MST-Cities/c++
</code></pre>
</div>
<div class="failure">
<h3 id="cxxlog44-buildanswer">Build Answer for Assignment 44</h3>
<pre><code>Compiling c++_answer/ for assignment in ../assignmentdb/44-MST-Cities/c++_answer
rm prim_mst.o
rm: cannot remove 'prim_mst.o': No such file or directory
make: [Makefile:31: clean] Error 1 (ignored)
rm prim_mst
rm: cannot remove 'prim_mst': No such file or directory
make: [Makefile:32: clean] Error 1 (ignored)
g++ -g  -std=c++14 -I /home/bridges-testing/bridges-cxx-install/include/ -c prim_mst.cpp -o prim_mst.o
prim_mst.cpp: In function ‘int main()’:
prim_mst.cpp:49:23: error: no matching function for call to ‘bridges::Bridges::setMap(const char [3], const char [4])’
   49 |         bridges.setMap(&quot;us&quot;, &quot;all&quot;);
      |         ~~~~~~~~~~~~~~^~~~~~~~~~~~~
In file included from prim_mst.cpp:11:
/home/bridges-testing/bridges-cxx-install/include/Bridges.h:409:30: note: candidate: ‘void bridges::Bridges::setMap(std::vector&lt;std::__cxx11::basic_string&lt;char&gt; &gt;)’
  409 |                         void setMap(vector&lt;string&gt; map_info) {
      |                              ^~~~~~
/home/bridges-testing/bridges-cxx-install/include/Bridges.h:409:30: note:   candidate expects 1 argument, 2 provided
make: *** [Makefile:26: prim_mst.o] Error 1
could not compile c++_answer/ for assignment in ../assignmentdb/44-MST-Cities/c++_answer
</code></pre>
</div>
<div class="failure">
<h3 id="cxxlog44-runanswer">Run Answer for Assignment 44</h3>
<pre><code>can't guess a binary file to run
could not run c++_answer for assignment in ../assignmentdb/44-MST-Cities/c++_answer
</code></pre>
</div>
    
    </div>
    <div id="cxxlog45" class="logdetails">
      <h2>Assignment 45 full log</h2>
    
<div class="success">
<h3 id="cxxlog45-buildscaffold">Build Scaffold for Assignment 45</h3>
<pre><code>Compiling c++/ for assignment in ../assignmentdb/45-ExplorerRobot/c++
rm ExplorerRobot.o
rm ExplorerRobot
rm: cannot remove 'ExplorerRobot': No such file or directory
make: [Makefile:32: clean] Error 1 (ignored)
g++ -g  -std=c++14 -I /home/bridges-testing/bridges-cxx-install/include/ -c ExplorerRobot.cpp -o ExplorerRobot.o
g++ -o ExplorerRobot ExplorerRobot.o -g -L /home/bridges-testing/bridges-cxx-install/lib/ -pthread -lcurl -l bridges 
</code></pre>
</div>
<div class="success">
<h3 id="cxxlog45-buildanswer">Build Answer for Assignment 45</h3>
<pre><code>Compiling c++_answer/ for assignment in ../assignmentdb/45-ExplorerRobot/c++_answer
rm ExplorerRobot.o
rm ExplorerRobot
rm: cannot remove 'ExplorerRobot': No such file or directory
make: [Makefile:32: clean] Error 1 (ignored)
g++ -g  -std=c++14 -I /home/bridges-testing/bridges-cxx-install/include/ -c ExplorerRobot.cpp -o ExplorerRobot.o
g++ -o ExplorerRobot ExplorerRobot.o -g -L /home/bridges-testing/bridges-cxx-install/lib/ -pthread -lcurl -l bridges 
</code></pre>
</div>
<div class="failure">
<h3 id="cxxlog45-runanswer">Run Answer for Assignment 45</h3>
<pre><code>Guessing ./ExplorerRobot is the right binary file where main is

[2024-10-04 05:21:16] [connect] Successful connection
[2024-10-04 05:21:16] [connect] WebSocket Connection 54.205.8.205:80 v-2 &quot;WebSocket++/0.8.2&quot; /socket.io/?EIO=4&amp;transport=websocket&amp;t=1728033676 101
sockopen on namespace /
Setting framelimit to 10
Segmentation fault (core dumped)
could not run c++_answer for assignment in ../assignmentdb/45-ExplorerRobot/c++_answer
</code></pre>
</div>
    
    </div>
    <div id="cxxlog46" class="logdetails">
      <h2>Assignment 46 full log</h2>
    
<div class="failure">
<h3 id="cxxlog46-buildscaffold">Build Scaffold for Assignment 46</h3>
<pre><code>assignment 46 has no c++ directory
</code></pre>
</div>
<div class="failure">
<h3 id="cxxlog46-buildanswer">Build Answer for Assignment 46</h3>
<pre><code>assignment 46 has no c++_answer directory
</code></pre>
</div>
<div class="failure">
<h3 id="cxxlog46-runanswer">Run Answer for Assignment 46</h3>
<pre><code>assignment 46 has no c++_answer directory
</code></pre>
</div>
    
    </div>
    <div id="cxxlog47" class="logdetails">
      <h2>Assignment 47 full log</h2>
    
<div class="failure">
<h3 id="cxxlog47-buildscaffold">Build Scaffold for Assignment 47</h3>
<pre><code>assignment 47 has no c++ directory
</code></pre>
</div>
<div class="failure">
<h3 id="cxxlog47-buildanswer">Build Answer for Assignment 47</h3>
<pre><code>assignment 47 has no c++_answer directory
</code></pre>
</div>
<div class="failure">
<h3 id="cxxlog47-runanswer">Run Answer for Assignment 47</h3>
<pre><code>assignment 47 has no c++_answer directory
</code></pre>
</div>
    
    </div>
    <div id="cxxlog48" class="logdetails">
      <h2>Assignment 48 full log</h2>
    
<div class="failure">
<h3 id="cxxlog48-buildscaffold">Build Scaffold for Assignment 48</h3>
<pre><code>assignment 48 has no c++ directory
</code></pre>
</div>
<div class="failure">
<h3 id="cxxlog48-buildanswer">Build Answer for Assignment 48</h3>
<pre><code>assignment 48 has no c++_answer directory
</code></pre>
</div>
<div class="failure">
<h3 id="cxxlog48-runanswer">Run Answer for Assignment 48</h3>
<pre><code>assignment 48 has no c++_answer directory
</code></pre>
</div>
    
    </div>
    <div id="cxxlog49" class="logdetails">
      <h2>Assignment 49 full log</h2>
    
<div class="failure">
<h3 id="cxxlog49-buildscaffold">Build Scaffold for Assignment 49</h3>
<pre><code>assignment 49 has no c++ directory
</code></pre>
</div>
<div class="failure">
<h3 id="cxxlog49-buildanswer">Build Answer for Assignment 49</h3>
<pre><code>assignment 49 has no c++_answer directory
</code></pre>
</div>
<div class="failure">
<h3 id="cxxlog49-runanswer">Run Answer for Assignment 49</h3>
<pre><code>assignment 49 has no c++_answer directory
</code></pre>
</div>
    
    </div>
    <div id="cxxlog50" class="logdetails">
      <h2>Assignment 50 full log</h2>
    
<div class="failure">
<h3 id="cxxlog50-buildscaffold">Build Scaffold for Assignment 50</h3>
<pre><code>assignment 50 has no c++ directory
</code></pre>
</div>
<div class="failure">
<h3 id="cxxlog50-buildanswer">Build Answer for Assignment 50</h3>
<pre><code>assignment 50 has no c++_answer directory
</code></pre>
</div>
<div class="failure">
<h3 id="cxxlog50-runanswer">Run Answer for Assignment 50</h3>
<pre><code>assignment 50 has no c++_answer directory
</code></pre>
</div>
    
    </div>
    <div id="cxxlog51" class="logdetails">
      <h2>Assignment 51 full log</h2>
    
<div class="failure">
<h3 id="cxxlog51-buildscaffold">Build Scaffold for Assignment 51</h3>
<pre><code>assignment 51 has no c++ directory
</code></pre>
</div>
<div class="failure">
<h3 id="cxxlog51-buildanswer">Build Answer for Assignment 51</h3>
<pre><code>assignment 51 has no c++_answer directory
</code></pre>
</div>
<div class="failure">
<h3 id="cxxlog51-runanswer">Run Answer for Assignment 51</h3>
<pre><code>assignment 51 has no c++_answer directory
</code></pre>
</div>
    
    </div>
    <div id="cxxlog52" class="logdetails">
      <h2>Assignment 52 full log</h2>
    
<div class="success">
<h3 id="cxxlog52-buildscaffold">Build Scaffold for Assignment 52</h3>
<pre><code>Compiling c++/ for assignment in ../assignmentdb/52-AudioWave/c++
rm audioWave.o
rm audio_wave
rm: cannot remove 'audio_wave': No such file or directory
make: [Makefile:32: clean] Error 1 (ignored)
g++ -g  -std=c++14 -I /home/bridges-testing/bridges-cxx-install/include/ -c audioWave.cpp -o audioWave.o
g++ -o audio_wave audioWave.o -g -L /home/bridges-testing/bridges-cxx-install/lib/ -pthread -lcurl -l bridges 
</code></pre>
</div>
<div class="success">
<h3 id="cxxlog52-buildanswer">Build Answer for Assignment 52</h3>
<pre><code>Compiling c++_answer/ for assignment in ../assignmentdb/52-AudioWave/c++_answer
rm audioWave.o
rm audioWave
rm: cannot remove 'audioWave': No such file or directory
make: [Makefile:32: clean] Error 1 (ignored)
g++ -g  -std=c++14 -I /home/bridges-testing/bridges-cxx-install/include/ -c audioWave.cpp -o audioWave.o
g++ -o audioWave audioWave.o -g -L /home/bridges-testing/bridges-cxx-install/lib/ -pthread -lcurl -l bridges 
</code></pre>
</div>
<div class="failure">
<h3 id="cxxlog52-runanswer">Run Answer for Assignment 52</h3>
<pre><code>Guessing ./audioWave is the right binary file where main is

Segmentation fault (core dumped)
could not run c++_answer for assignment in ../assignmentdb/52-AudioWave/c++_answer
</code></pre>
</div>
    
    </div>
    <div id="cxxlog53" class="logdetails">
      <h2>Assignment 53 full log</h2>
    
<div class="failure">
<h3 id="cxxlog53-buildscaffold">Build Scaffold for Assignment 53</h3>
<pre><code>assignment 53 has no c++ directory
</code></pre>
</div>
<div class="failure">
<h3 id="cxxlog53-buildanswer">Build Answer for Assignment 53</h3>
<pre><code>Compiling c++_answer/ for assignment in ../assignmentdb/53-DNA_Splicing/c++_answer
make: *** No rule to make target 'clean'.  Stop.
make: *** No targets specified and no makefile found.  Stop.
could not compile c++_answer/ for assignment in ../assignmentdb/53-DNA_Splicing/c++_answer
</code></pre>
</div>
<div class="failure">
<h3 id="cxxlog53-runanswer">Run Answer for Assignment 53</h3>
<pre><code>can't guess a binary file to run
could not run c++_answer for assignment in ../assignmentdb/53-DNA_Splicing/c++_answer
</code></pre>
</div>
    
    </div>
    <div id="cxxlog54" class="logdetails">
      <h2>Assignment 54 full log</h2>
    
<div class="failure">
<h3 id="cxxlog54-buildscaffold">Build Scaffold for Assignment 54</h3>
<pre><code>assignment 54 has no c++ directory
</code></pre>
</div>
<div class="failure">
<h3 id="cxxlog54-buildanswer">Build Answer for Assignment 54</h3>
<pre><code>assignment 54 has no c++_answer directory
</code></pre>
</div>
<div class="failure">
<h3 id="cxxlog54-runanswer">Run Answer for Assignment 54</h3>
<pre><code>assignment 54 has no c++_answer directory
</code></pre>
</div>
    
    </div>
    <div id="cxxlog55" class="logdetails">
      <h2>Assignment 55 full log</h2>
    
<div class="failure">
<h3 id="cxxlog55-buildscaffold">Build Scaffold for Assignment 55</h3>
<pre><code>./testassignment_cxx.sh: 197: [: ../assignmentdb/55-FreqencyPlayer: unexpected operator
assignment 55 has no c++ directory
</code></pre>
</div>
<div class="failure">
<h3 id="cxxlog55-buildanswer">Build Answer for Assignment 55</h3>
<pre><code>./testassignment_cxx.sh: 221: [: ../assignmentdb/55-FreqencyPlayer: unexpected operator
assignment 55 has no c++_answer directory
</code></pre>
</div>
<div class="failure">
<h3 id="cxxlog55-runanswer">Run Answer for Assignment 55</h3>
<pre><code>./testassignment_cxx.sh: 296: [: ../assignmentdb/55-FreqencyPlayer: unexpected operator
assignment 55 has no c++_answer directory
</code></pre>
</div>
    
    </div>
    <div id="cxxlog56" class="logdetails">
      <h2>Assignment 56 full log</h2>
    
<div class="success">
<h3 id="cxxlog56-buildscaffold">Build Scaffold for Assignment 56</h3>
<pre><code>Compiling c++/ for assignment in ../assignmentdb/56-2DIndexing/c++
rm layers.o
rm layers
rm: cannot remove 'layers': No such file or directory
make: [Makefile:32: clean] Error 1 (ignored)
g++ -g  -std=c++14 -I /home/bridges-testing/bridges-cxx-install/include/ -c layers.cpp -o layers.o
g++ -o layers layers.o -g -L /home/bridges-testing/bridges-cxx-install/lib/ -pthread -lcurl -l bridges 
</code></pre>
</div>
<div class="success">
<h3 id="cxxlog56-buildanswer">Build Answer for Assignment 56</h3>
<pre><code>Compiling c++_answer/ for assignment in ../assignmentdb/56-2DIndexing/c++_answer
rm layers.o
rm layers
rm: cannot remove 'layers': No such file or directory
make: [Makefile:32: clean] Error 1 (ignored)
g++ -g  -std=c++14 -I /home/bridges-testing/bridges-cxx-install/include/ -c layers.cpp -o layers.o
g++ -o layers layers.o -g -L /home/bridges-testing/bridges-cxx-install/lib/ -pthread -lcurl -l bridges 
</code></pre>
</div>
<div class="failure">
<h3 id="cxxlog56-runanswer">Run Answer for Assignment 56</h3>
<pre><code>Guessing ./layers is the right binary file where main is

Segmentation fault (core dumped)
could not run c++_answer for assignment in ../assignmentdb/56-2DIndexing/c++_answer
</code></pre>
</div>
    
    </div>
    <div id="cxxlog57" class="logdetails">
      <h2>Assignment 57 full log</h2>
    
<div class="failure">
<h3 id="cxxlog57-buildscaffold">Build Scaffold for Assignment 57</h3>
<pre><code>assignment 57 has no c++ directory
</code></pre>
</div>
<div class="success">
<h3 id="cxxlog57-buildanswer">Build Answer for Assignment 57</h3>
<pre><code>Compiling c++_answer/ for assignment in ../assignmentdb/57-BookAnalysis/c++_answer
rm book_analysis.o
rm book_analysis
rm: cannot remove 'book_analysis': No such file or directory
make: [Makefile:32: clean] Error 1 (ignored)
g++ -g  -std=c++14 -I /home/bridges-testing/bridges-cxx-install/include/ -c book_analysis.cpp -o book_analysis.o
g++ -o book_analysis book_analysis.o -g -L /home/bridges-testing/bridges-cxx-install/lib/ -pthread -lcurl -l bridges 
</code></pre>
</div>
<div class="failure">
<h3 id="cxxlog57-runanswer">Run Answer for Assignment 57</h3>
<pre><code>Guessing ./book_analysis is the right binary file where main is

Querying Mark Twain
http://bridges-data-server-gutenberg.bridgesuncc.org//search?search=Mark%20Twain&amp;type=author
Querying Shakespeare, William
http://bridges-data-server-gutenberg.bridgesuncc.org//search?search=Shakespeare%2C%20William&amp;type=author
Querying Dickens, Charles
http://bridges-data-server-gutenberg.bridgesuncc.org//search?search=Dickens%2C%20Charles&amp;type=author
Querying Homer
http://bridges-data-server-gutenberg.bridgesuncc.org//search?search=Homer&amp;type=author
Retrieved books:
terminate called after throwing an instance of 'bridges::HTTPException'
  what():  HTTPException raised when hitting http://bridges-data-server-gutenberg.bridgesuncc.org//book?id=102
HTTP code: 500
HTTP/1.1 500 INTERNAL SERVER ERROR
Server: nginx/1.18.0 (Ubuntu)
Date: Fri, 04 Oct 2024 09:21:44 GMT
Content-Type: text/html; charset=utf-8
Content-Length: 290
Connection: keep-alive


&lt;!DOCTYPE HTML PUBLIC &quot;-//W3C//DTD HTML 3.2 Final//EN&quot;&gt;
&lt;title&gt;500 Internal Server Error&lt;/title&gt;
&lt;h1&gt;Internal Server Error&lt;/h1&gt;
&lt;p&gt;The server encountered an internal error and was unable to complete your request. Either the server is overloaded or there is an error in the application.&lt;/p&gt;

Aborted (core dumped)
could not run c++_answer for assignment in ../assignmentdb/57-BookAnalysis/c++_answer
</code></pre>
</div>
    
    </div>
    <div id="cxxlog58" class="logdetails">
      <h2>Assignment 58 full log</h2>
    
<div class="failure">
<h3 id="cxxlog58-buildscaffold">Build Scaffold for Assignment 58</h3>
<pre><code>assignment 58 has no c++ directory
</code></pre>
</div>
<div class="failure">
<h3 id="cxxlog58-buildanswer">Build Answer for Assignment 58</h3>
<pre><code>Compiling c++_answer/ for assignment in ../assignmentdb/58-WordCloud/c++_answer
make: *** No rule to make target 'clean'.  Stop.
make: *** No targets specified and no makefile found.  Stop.
could not compile c++_answer/ for assignment in ../assignmentdb/58-WordCloud/c++_answer
</code></pre>
</div>
<div class="failure">
<h3 id="cxxlog58-runanswer">Run Answer for Assignment 58</h3>
<pre><code>can't guess a binary file to run
could not run c++_answer for assignment in ../assignmentdb/58-WordCloud/c++_answer
</code></pre>
</div>
    
    </div>
    <div id="cxxlog59" class="logdetails">
      <h2>Assignment 59 full log</h2>
    
<div class="success">
<h3 id="cxxlog59-buildscaffold">Build Scaffold for Assignment 59</h3>
<pre><code>Compiling c++/ for assignment in ../assignmentdb/59-ConvexHull_CityData/c++
rm cvh.o
rm cvh
rm: cannot remove 'cvh': No such file or directory
make: [Makefile:32: clean] Error 1 (ignored)
g++ -g  -std=c++14 -I /home/bridges-testing/bridges-cxx-install/include/ -c cvh.cpp -o cvh.o
g++ -o cvh cvh.o -g -L /home/bridges-testing/bridges-cxx-install/lib/ -pthread -lcurl -l bridges 
</code></pre>
</div>
<div class="success">
<h3 id="cxxlog59-buildanswer">Build Answer for Assignment 59</h3>
<pre><code>Compiling c++_answer/ for assignment in ../assignmentdb/59-ConvexHull_CityData/c++_answer
rm cvh.o
rm cvh
rm: cannot remove 'cvh': No such file or directory
make: [Makefile:32: clean] Error 1 (ignored)
g++ -g  -std=c++14 -I /home/bridges-testing/bridges-cxx-install/include/ -c cvh.cpp -o cvh.o
g++ -o cvh cvh.o -g -L /home/bridges-testing/bridges-cxx-install/lib/ -pthread -lcurl -l bridges 
</code></pre>
</div>
<div class="failure">
<h3 id="cxxlog59-runanswer">Run Answer for Assignment 59</h3>
<pre><code>Guessing ./cvh is the right binary file where main is

Segmentation fault (core dumped)
could not run c++_answer for assignment in ../assignmentdb/59-ConvexHull_CityData/c++_answer
</code></pre>
</div>
    
    </div>
    <div id="cxxlog60" class="logdetails">
      <h2>Assignment 60 full log</h2>
    
<div class="success">
<h3 id="cxxlog60-buildscaffold">Build Scaffold for Assignment 60</h3>
<pre><code>Compiling c++/ for assignment in ../assignmentdb/60-Quadtree-CityData/c++
rm quadtree.o
rm quadtree
rm: cannot remove 'quadtree': No such file or directory
make: [Makefile:33: clean] Error 1 (ignored)
g++ -g  -std=c++14 -I /home/bridges-testing/bridges-cxx-install/include/ -c quadtree.cpp -o quadtree.o
g++ -o quadtree quadtree.o -g -L /home/bridges-testing/bridges-cxx-install/lib/ -pthread -lcurl -l bridges 
</code></pre>
</div>
<div class="success">
<h3 id="cxxlog60-buildanswer">Build Answer for Assignment 60</h3>
<pre><code>Compiling c++_answer/ for assignment in ../assignmentdb/60-Quadtree-CityData/c++_answer
rm quadtree.o
rm quadtree
rm: cannot remove 'quadtree': No such file or directory
make: [Makefile:33: clean] Error 1 (ignored)
g++ -g  -std=c++14 -I /home/bridges-testing/bridges-cxx-install/include/ -c quadtree.cpp -o quadtree.o
quadtree.cpp: In function ‘bool searchQuadTree_R(QuadTreeElement*, Point&amp;)’:
quadtree.cpp:164:1: warning: control reaches end of non-void function [-Wreturn-type]
  164 | }
      | ^
g++ -o quadtree quadtree.o -g -L /home/bridges-testing/bridges-cxx-install/lib/ -pthread -lcurl -l bridges 
</code></pre>
</div>
<div class="failure">
<h3 id="cxxlog60-runanswer">Run Answer for Assignment 60</h3>
<pre><code>Guessing ./quadtree is the right binary file where main is

4422 cities retrieved 
Segmentation fault (core dumped)
could not run c++_answer for assignment in ../assignmentdb/60-Quadtree-CityData/c++_answer
</code></pre>
</div>
    
    </div>
    <div id="cxxlog61" class="logdetails">
      <h2>Assignment 61 full log</h2>
    
<div class="failure">
<h3 id="cxxlog61-buildscaffold">Build Scaffold for Assignment 61</h3>
<pre><code>Compiling c++/ for assignment in ../assignmentdb/61-Flight-Data/c++
make: *** No rule to make target 'clean'.  Stop.
make: *** No targets specified and no makefile found.  Stop.
could not compile c++/ for assignment in ../assignmentdb/61-Flight-Data/c++
</code></pre>
</div>
<div class="success">
<h3 id="cxxlog61-buildanswer">Build Answer for Assignment 61</h3>
<pre><code>Compiling c++_answer/ for assignment in ../assignmentdb/61-Flight-Data/c++_answer
rm flight.o
rm flight
rm: cannot remove 'flight': No such file or directory
make: [Makefile:32: clean] Error 1 (ignored)
g++ -g  -std=c++14 -I /home/bridges-testing/bridges-cxx-install/include/ -c flight.cpp -o flight.o
g++ -o flight flight.o -g -L /home/bridges-testing/bridges-cxx-install/lib/ -pthread -lcurl -l bridges 
</code></pre>
</div>
<div class="failure">
<h3 id="cxxlog61-runanswer">Run Answer for Assignment 61</h3>
<pre><code>Guessing ./flight is the right binary file where main is

Segmentation fault (core dumped)
could not run c++_answer for assignment in ../assignmentdb/61-Flight-Data/c++_answer
</code></pre>
</div>
    
    </div>
    <div id="cxxlog62" class="logdetails">
      <h2>Assignment 62 full log</h2>
    
<div class="failure">
<h3 id="cxxlog62-buildscaffold">Build Scaffold for Assignment 62</h3>
<pre><code>Compiling c++/ for assignment in ../assignmentdb/62-Flags/c++
make: *** No rule to make target 'clean'.  Stop.
make: *** No targets specified and no makefile found.  Stop.
could not compile c++/ for assignment in ../assignmentdb/62-Flags/c++
</code></pre>
</div>
<div class="success">
<h3 id="cxxlog62-buildanswer">Build Answer for Assignment 62</h3>
<pre><code>Compiling c++_answer/ for assignment in ../assignmentdb/62-Flags/c++_answer
rm create_flags.o
rm create_flags
rm: cannot remove 'create_flags': No such file or directory
make: [Makefile:32: clean] Error 1 (ignored)
g++ -g  -std=c++14 -I /home/bridges-testing/bridges-cxx-install/include/ -c create_flags.cpp -o create_flags.o
g++ -o create_flags create_flags.o -g -L /home/bridges-testing/bridges-cxx-install/lib/ -pthread -lcurl -l bridges 
</code></pre>
</div>
<div class="failure">
<h3 id="cxxlog62-runanswer">Run Answer for Assignment 62</h3>
<pre><code>Guessing ./create_flags is the right binary file where main is

Segmentation fault (core dumped)
could not run c++_answer for assignment in ../assignmentdb/62-Flags/c++_answer
</code></pre>
</div>
    
    </div>
    <div id="cxxlog63" class="logdetails">
      <h2>Assignment 63 full log</h2>
    
<div class="failure">
<h3 id="cxxlog63-buildscaffold">Build Scaffold for Assignment 63</h3>
<pre><code>Compiling c++/ for assignment in ../assignmentdb/63-ConvexHull2/c++
make: *** No rule to make target 'clean'.  Stop.
make: *** No targets specified and no makefile found.  Stop.
could not compile c++/ for assignment in ../assignmentdb/63-ConvexHull2/c++
</code></pre>
</div>
<div class="failure">
<h3 id="cxxlog63-buildanswer">Build Answer for Assignment 63</h3>
<pre><code>Compiling c++_answer/ for assignment in ../assignmentdb/63-ConvexHull2/c++_answer
make: *** No rule to make target 'clean'.  Stop.
make: *** No targets specified and no makefile found.  Stop.
could not compile c++_answer/ for assignment in ../assignmentdb/63-ConvexHull2/c++_answer
</code></pre>
</div>
<div class="failure">
<h3 id="cxxlog63-runanswer">Run Answer for Assignment 63</h3>
<pre><code>can't guess a binary file to run
could not run c++_answer for assignment in ../assignmentdb/63-ConvexHull2/c++_answer
</code></pre>
</div>
    
    </div>
    <div id="cxxlog64" class="logdetails">
      <h2>Assignment 64 full log</h2>
    
<div class="success">
<h3 id="cxxlog64-buildscaffold">Build Scaffold for Assignment 64</h3>
<pre><code>Compiling c++/ for assignment in ../assignmentdb/64-Voronoi_Diagram/c++
rm voronoi_diag.o
rm voronoi
rm: cannot remove 'voronoi': No such file or directory
make: [Makefile:32: clean] Error 1 (ignored)
g++ -g  -std=c++14 -I /home/bridges-testing/bridges-cxx-install/include/ -c voronoi_diag.cpp -o voronoi_diag.o
g++ -o voronoi voronoi_diag.o -g -L /home/bridges-testing/bridges-cxx-install/lib/ -pthread -lcurl -l bridges 
</code></pre>
</div>
<div class="success">
<h3 id="cxxlog64-buildanswer">Build Answer for Assignment 64</h3>
<pre><code>Compiling c++_answer/ for assignment in ../assignmentdb/64-Voronoi_Diagram/c++_answer
rm voronoi_diag.o
rm voronoi
rm: cannot remove 'voronoi': No such file or directory
make: [Makefile:32: clean] Error 1 (ignored)
g++ -g  -std=c++14 -I /home/bridges-testing/bridges-cxx-install/include/ -c voronoi_diag.cpp -o voronoi_diag.o
g++ -o voronoi voronoi_diag.o -g -L /home/bridges-testing/bridges-cxx-install/lib/ -pthread -lcurl -l bridges 
</code></pre>
</div>
<div class="failure">
<h3 id="cxxlog64-runanswer">Run Answer for Assignment 64</h3>
<pre><code>Guessing ./voronoi is the right binary file where main is

Segmentation fault (core dumped)
could not run c++_answer for assignment in ../assignmentdb/64-Voronoi_Diagram/c++_answer
</code></pre>
</div>
    
    </div>
    <div id="cxxlog65" class="logdetails">
      <h2>Assignment 65 full log</h2>
    
<div class="success">
<h3 id="cxxlog65-buildscaffold">Build Scaffold for Assignment 65</h3>
<pre><code>Compiling c++/ for assignment in ../assignmentdb/65-Reddit/c++
rm reddit.o
rm reddit
rm: cannot remove 'reddit': No such file or directory
make: [Makefile:32: clean] Error 1 (ignored)
g++ -g  -std=c++14 -I /home/bridges-testing/bridges-cxx-install/include/ -c reddit.cpp -o reddit.o
g++ -o reddit reddit.o -g -L /home/bridges-testing/bridges-cxx-install/lib/ -pthread -lcurl -l bridges 
</code></pre>
</div>
<div class="success">
<h3 id="cxxlog65-buildanswer">Build Answer for Assignment 65</h3>
<pre><code>Compiling c++_answer/ for assignment in ../assignmentdb/65-Reddit/c++_answer
rm reddit.o
rm reddit
rm: cannot remove 'reddit': No such file or directory
make: [Makefile:32: clean] Error 1 (ignored)
g++ -g  -std=c++14 -I /home/bridges-testing/bridges-cxx-install/include/ -c reddit.cpp -o reddit.o
g++ -o reddit reddit.o -g -L /home/bridges-testing/bridges-cxx-install/lib/ -pthread -lcurl -l bridges 
</code></pre>
</div>
<div class="failure">
<h3 id="cxxlog65-runanswer">Run Answer for Assignment 65</h3>
<pre><code>Guessing ./reddit is the right binary file where main is

24
terminate called after throwing an instance of 'bridges::HTTPException'
  what():  HTTPException raised when hitting http://bridges-data-server-reddit.bridgesuncc.org/cache?subreddit=gadgets&amp;time_request=-9999
HTTP code: 500
HTTP/1.1 500 INTERNAL SERVER ERROR
Server: nginx/1.18.0 (Ubuntu)
Date: Fri, 04 Oct 2024 09:22:28 GMT
Content-Type: text/html; charset=utf-8
Content-Length: 290
Connection: keep-alive


&lt;!DOCTYPE HTML PUBLIC &quot;-//W3C//DTD HTML 3.2 Final//EN&quot;&gt;
&lt;title&gt;500 Internal Server Error&lt;/title&gt;
&lt;h1&gt;Internal Server Error&lt;/h1&gt;
&lt;p&gt;The server encountered an internal error and was unable to complete your request. Either the server is overloaded or there is an error in the application.&lt;/p&gt;

Aborted (core dumped)
could not run c++_answer for assignment in ../assignmentdb/65-Reddit/c++_answer
</code></pre>
</div>
    
    </div>
    <div id="cxxlog66" class="logdetails">
      <h2>Assignment 66 full log</h2>
    
<div class="failure">
<h3 id="cxxlog66-buildscaffold">Build Scaffold for Assignment 66</h3>
<pre><code>Compiling c++/ for assignment in ../assignmentdb/66-Chess-Data/c++
rm chess.o
rm: cannot remove 'chess.o': No such file or directory
make: [Makefile:31: clean] Error 1 (ignored)
rm chess
rm: cannot remove 'chess': No such file or directory
make: [Makefile:32: clean] Error 1 (ignored)
g++ -g  -std=c++14 -I /home/bridges-testing/bridges-cxx-install/include/ -c chess.cpp -o chess.o
In file included from chess.cpp:3:
GameJSON.h:1:10: fatal error: json/single_include/nlohmann/json.hpp: No such file or directory
    1 | #include &quot;json/single_include/nlohmann/json.hpp&quot;
      |          ^~~~~~~~~~~~~~~~~~~~~~~~~~~~~~~~~~~~~~~
compilation terminated.
make: *** [Makefile:26: chess.o] Error 1
could not compile c++/ for assignment in ../assignmentdb/66-Chess-Data/c++
</code></pre>
</div>
<div class="failure">
<h3 id="cxxlog66-buildanswer">Build Answer for Assignment 66</h3>
<pre><code>Compiling c++_answer/ for assignment in ../assignmentdb/66-Chess-Data/c++_answer
rm chess.o
rm: cannot remove 'chess.o': No such file or directory
make: [Makefile:31: clean] Error 1 (ignored)
rm chess
rm: cannot remove 'chess': No such file or directory
make: [Makefile:32: clean] Error 1 (ignored)
g++ -g  -std=c++14 -I /home/bridges-testing/bridges-cxx-install/include/ -c chess.cpp -o chess.o
In file included from chess.cpp:3:
GameJSON.h:1:10: fatal error: json/single_include/nlohmann/json.hpp: No such file or directory
    1 | #include &quot;json/single_include/nlohmann/json.hpp&quot;
      |          ^~~~~~~~~~~~~~~~~~~~~~~~~~~~~~~~~~~~~~~
compilation terminated.
make: *** [Makefile:26: chess.o] Error 1
could not compile c++_answer/ for assignment in ../assignmentdb/66-Chess-Data/c++_answer
</code></pre>
</div>
<div class="failure">
<h3 id="cxxlog66-runanswer">Run Answer for Assignment 66</h3>
<pre><code>can't guess a binary file to run
could not run c++_answer for assignment in ../assignmentdb/66-Chess-Data/c++_answer
</code></pre>
</div>
    
    </div>
    <div id="cxxlog67" class="logdetails">
      <h2>Assignment 67 full log</h2>
    
<div class="failure">
<h3 id="cxxlog67-buildscaffold">Build Scaffold for Assignment 67</h3>
<pre><code>assignment 67 has no c++ directory
</code></pre>
</div>
<div class="success">
<h3 id="cxxlog67-buildanswer">Build Answer for Assignment 67</h3>
<pre><code>Compiling c++_answer/ for assignment in ../assignmentdb/67-ControlsTutorialThree/c++_answer
rm Controls_Tutorial_Three.o
rm ControlsTutorialThree
rm: cannot remove 'ControlsTutorialThree': No such file or directory
make: [Makefile:32: clean] Error 1 (ignored)
g++ -g  -std=c++14 -I /home/bridges-testing/bridges-cxx-install/include/ -c Controls_Tutorial_Three.cpp -o Controls_Tutorial_Three.o
g++ -o ControlsTutorialThree Controls_Tutorial_Three.o -g -L /home/bridges-testing/bridges-cxx-install/lib/ -pthread -lcurl -l bridges 
</code></pre>
</div>
<div class="failure">
<h3 id="cxxlog67-runanswer">Run Answer for Assignment 67</h3>
<pre><code>Guessing ./ControlsTutorialThree is the right binary file where main is

[2024-10-04 05:22:31] [connect] Successful connection
[2024-10-04 05:22:31] [connect] WebSocket Connection 54.235.77.118:80 v-2 &quot;WebSocket++/0.8.2&quot; /socket.io/?EIO=4&amp;transport=websocket&amp;t=1728033751 101
sockopen on namespace /
Setting framelimit to 10
Segmentation fault (core dumped)
could not run c++_answer for assignment in ../assignmentdb/67-ControlsTutorialThree/c++_answer
</code></pre>
</div>
    
    </div>
    <div id="cxxlog68" class="logdetails">
      <h2>Assignment 68 full log</h2>
    
<div class="failure">
<h3 id="cxxlog68-buildscaffold">Build Scaffold for Assignment 68</h3>
<pre><code>Compiling c++/ for assignment in ../assignmentdb/68-MusicNotes-CS2/c++
make: *** No rule to make target 'clean'.  Stop.
make: *** No targets specified and no makefile found.  Stop.
could not compile c++/ for assignment in ../assignmentdb/68-MusicNotes-CS2/c++
</code></pre>
</div>
<div class="success">
<h3 id="cxxlog68-buildanswer">Build Answer for Assignment 68</h3>
<pre><code>Compiling c++_answer/ for assignment in ../assignmentdb/68-MusicNotes-CS2/c++_answer
rm MusicNotes.o Note.o
rm Melody
rm: cannot remove 'Melody': No such file or directory
make: [Makefile:32: clean] Error 1 (ignored)
g++ -g  -std=c++14 -I /home/bridges-testing/bridges-cxx-install/include/ -c MusicNotes.cpp -o MusicNotes.o
g++ -g  -std=c++14 -I /home/bridges-testing/bridges-cxx-install/include/ -c Note.cpp -o Note.o
g++ -o Melody MusicNotes.o Note.o -g -L /home/bridges-testing/bridges-cxx-install/lib/ -pthread -lcurl -l bridges 
</code></pre>
</div>
<div class="failure">
<h3 id="cxxlog68-runanswer">Run Answer for Assignment 68</h3>
<pre><code>Guessing ./Melody is the right binary file where main is

octave: 4 - 4
NATURAL 
A: NATURAL 
octave: 4 - 4
NATURAL 
A: NATURAL 
octave: 4 - 4
NATURAL 
A: NATURAL 
octave: 4 - 4
NATURAL 
A: NATURAL 
octave: 4 - 4
NATURAL 
A: NATURAL 
octave: 4 - 4
SHARP 
A: SHARP 
octave: 4 - 4
NATURAL 
A: NATURAL 
octave: 4 - 4
NATURAL 
A: NATURAL 
octave: 4 - 4
NATURAL 
A: NATURAL 
octave: 4 - 4
NATURAL 
A: NATURAL 
octave: 4 - 4
NATURAL 
A: NATURAL 
octave: 4 - 4
NATURAL 
A: NATURAL 
octave: 4 - 4
NATURAL 
A: NATURAL 
octave: 4 - 4
NATURAL 
A: NATURAL 
octave: 5 - 5
NATURAL 
A: NATURAL 
octave: 4 - 4
NATURAL 
A: NATURAL 
octave: 4 - 4
NATURAL 
A: NATURAL 
octave: 4 - 4
SHARP 
A: SHARP 
octave: 4 - 4
NATURAL 
A: NATURAL 
octave: 5 - 5
NATURAL 
A: NATURAL 
octave: 5 - 5
NATURAL 
A: NATURAL 
octave: 4 - 4
NATURAL 
A: NATURAL 
octave: 4 - 4
NATURAL 
A: NATURAL 
octave: 4 - 4
NATURAL 
A: NATURAL 
octave: 4 - 4
NATURAL 
A: NATURAL 
size 1: 25
size 2: 25
0
1
2
3
4
5
6
7
8
9
10
11
12
13
14
15
16
17
18
19
20
21
22
23
24
Segmentation fault (core dumped)
could not run c++_answer for assignment in ../assignmentdb/68-MusicNotes-CS2/c++_answer
</code></pre>
</div>
    
    </div>
    <div id="cxxlog69" class="logdetails">
      <h2>Assignment 69 full log</h2>
    
<div class="success">
<h3 id="cxxlog69-buildscaffold">Build Scaffold for Assignment 69</h3>
<pre><code>Compiling c++/ for assignment in ../assignmentdb/69-SnakeQueue/c++
rm Snake.o
rm snake
rm: cannot remove 'snake': No such file or directory
make: [Makefile:32: clean] Error 1 (ignored)
g++ -g  -std=c++14 -I /home/bridges-testing/bridges-cxx-install/include/ -c Snake.cpp -o Snake.o
Snake.cpp: In member function ‘Block* my_snake_queue::enqueue()’:
Snake.cpp:94:9: warning: no return statement in function returning non-void [-Wreturn-type]
   94 |         }
      |         ^
Snake.cpp: In member function ‘Block* my_snake_queue::dequeue(Block*)’:
Snake.cpp:98:9: warning: no return statement in function returning non-void [-Wreturn-type]
   98 |         }
      |         ^
g++ -o snake Snake.o -g -L /home/bridges-testing/bridges-cxx-install/lib/ -pthread -lcurl -l bridges 
</code></pre>
</div>
<div class="success">
<h3 id="cxxlog69-buildanswer">Build Answer for Assignment 69</h3>
<pre><code>Compiling c++_answer/ for assignment in ../assignmentdb/69-SnakeQueue/c++_answer
rm Snake.o
rm snake
rm: cannot remove 'snake': No such file or directory
make: [Makefile:32: clean] Error 1 (ignored)
g++ -g  -std=c++14 -I /home/bridges-testing/bridges-cxx-install/include/ -c Snake.cpp -o Snake.o
g++ -o snake Snake.o -g -L /home/bridges-testing/bridges-cxx-install/lib/ -pthread -lcurl -l bridges 
</code></pre>
</div>
<div class="failure">
<h3 id="cxxlog69-runanswer">Run Answer for Assignment 69</h3>
<pre><code>Guessing ./snake is the right binary file where main is

[2024-10-04 05:22:42] [connect] Successful connection
[2024-10-04 05:22:42] [connect] WebSocket Connection 54.235.77.118:80 v-2 &quot;WebSocket++/0.8.2&quot; /socket.io/?EIO=4&amp;transport=websocket&amp;t=1728033761 101
sockopen on namespace /
Setting framelimit to 10
Segmentation fault (core dumped)
could not run c++_answer for assignment in ../assignmentdb/69-SnakeQueue/c++_answer
</code></pre>
</div>
    
    </div>
    <div id="cxxlog70" class="logdetails">
      <h2>Assignment 70 full log</h2>
    
<div class="success">
<h3 id="cxxlog70-buildscaffold">Build Scaffold for Assignment 70</h3>
<pre><code>Compiling c++/ for assignment in ../assignmentdb/70-WordleBot/c++
rm wordle.o
rm wordle
rm: cannot remove 'wordle': No such file or directory
make: [Makefile:32: clean] Error 1 (ignored)
g++ -g  -std=c++14 -I /home/bridges-testing/bridges-cxx-install/include/ -c wordle.cpp -o wordle.o
g++ -o wordle wordle.o -g -L /home/bridges-testing/bridges-cxx-install/lib/ -pthread -lcurl -l bridges 
</code></pre>
</div>
<div class="success">
<h3 id="cxxlog70-buildanswer">Build Answer for Assignment 70</h3>
<pre><code>Compiling c++_answer/ for assignment in ../assignmentdb/70-WordleBot/c++_answer
rm wordle.o
rm wordle
rm: cannot remove 'wordle': No such file or directory
make: [Makefile:32: clean] Error 1 (ignored)
g++ -g  -std=c++14 -I /home/bridges-testing/bridges-cxx-install/include/ -c wordle.cpp -o wordle.o
g++ -o wordle wordle.o -g -L /home/bridges-testing/bridges-cxx-install/lib/ -pthread -lcurl -l bridges 
</code></pre>
</div>
<div class="failure">
<h3 id="cxxlog70-runanswer">Run Answer for Assignment 70</h3>
<pre><code>Guessing ./wordle is the right binary file where main is

[2024-10-04 05:22:48] [connect] Successful connection
[2024-10-04 05:22:49] [connect] WebSocket Connection 18.211.231.38:80 v-2 &quot;WebSocket++/0.8.2&quot; /socket.io/?EIO=4&amp;transport=websocket&amp;t=1728033768 101
sockopen on namespace /
Setting framelimit to 10
Segmentation fault (core dumped)
could not run c++_answer for assignment in ../assignmentdb/70-WordleBot/c++_answer
</code></pre>
</div>
    
    </div>
    <div id="cxxlog71" class="logdetails">
      <h2>Assignment 71 full log</h2>
    
<div class="success">
<h3 id="cxxlog71-buildscaffold">Build Scaffold for Assignment 71</h3>
<pre><code>Compiling c++/ for assignment in ../assignmentdb/71-PiEstimation/c++
rm pi_estimation.o
rm Pi_Estimation
rm: cannot remove 'Pi_Estimation': No such file or directory
make: [Makefile:32: clean] Error 1 (ignored)
g++ -g  -std=c++14 -I /home/bridges-testing/bridges-cxx-install/include/ -c pi_estimation.cpp -o pi_estimation.o
g++ -o Pi_Estimation pi_estimation.o -g -L /home/bridges-testing/bridges-cxx-install/lib/ -pthread -lcurl -l bridges 
</code></pre>
</div>
<div class="success">
<h3 id="cxxlog71-buildanswer">Build Answer for Assignment 71</h3>
<pre><code>Compiling c++_answer/ for assignment in ../assignmentdb/71-PiEstimation/c++_answer
rm pi_estimation.o
rm Pi_Estimation
rm: cannot remove 'Pi_Estimation': No such file or directory
make: [Makefile:32: clean] Error 1 (ignored)
g++ -g  -std=c++14 -I /home/bridges-testing/bridges-cxx-install/include/ -c pi_estimation.cpp -o pi_estimation.o
g++ -o Pi_Estimation pi_estimation.o -g -L /home/bridges-testing/bridges-cxx-install/lib/ -pthread -lcurl -l bridges 
</code></pre>
</div>
<div class="failure">
<h3 id="cxxlog71-runanswer">Run Answer for Assignment 71</h3>
<pre><code>Guessing ./Pi_Estimation is the right binary file where main is

Segmentation fault (core dumped)
could not run c++_answer for assignment in ../assignmentdb/71-PiEstimation/c++_answer
</code></pre>
</div>
    
    </div>
    <div id="cxxlog72" class="logdetails">
      <h2>Assignment 72 full log</h2>
    
<div class="success">
<h3 id="cxxlog72-buildscaffold">Build Scaffold for Assignment 72</h3>
<pre><code>Compiling c++/ for assignment in ../assignmentdb/72-PixelDrawing/c++
rm Pixels.o
rm Pixel
rm: cannot remove 'Pixel': No such file or directory
make: [Makefile:32: clean] Error 1 (ignored)
g++ -g  -std=c++14 -I /home/bridges-testing/bridges-cxx-install/include/ -c Pixels.cpp -o Pixels.o
g++ -o Pixel Pixels.o -g -L /home/bridges-testing/bridges-cxx-install/lib/ -pthread -lcurl -l bridges 
</code></pre>
</div>
<div class="success">
<h3 id="cxxlog72-buildanswer">Build Answer for Assignment 72</h3>
<pre><code>Compiling c++_answer/ for assignment in ../assignmentdb/72-PixelDrawing/c++_answer
rm Pixels.o
rm Pixel
rm: cannot remove 'Pixel': No such file or directory
make: [Makefile:32: clean] Error 1 (ignored)
g++ -g  -std=c++14 -I /home/bridges-testing/bridges-cxx-install/include/ -c Pixels.cpp -o Pixels.o
g++ -o Pixel Pixels.o -g -L /home/bridges-testing/bridges-cxx-install/lib/ -pthread -lcurl -l bridges 
</code></pre>
</div>
<div class="failure">
<h3 id="cxxlog72-runanswer">Run Answer for Assignment 72</h3>
<pre><code>Guessing ./Pixel is the right binary file where main is

[2024-10-04 05:23:02] [connect] Successful connection
[2024-10-04 05:23:02] [connect] WebSocket Connection 54.235.77.118:80 v-2 &quot;WebSocket++/0.8.2&quot; /socket.io/?EIO=4&amp;transport=websocket&amp;t=1728033782 101
sockopen on namespace /
Setting framelimit to 10
Segmentation fault (core dumped)
could not run c++_answer for assignment in ../assignmentdb/72-PixelDrawing/c++_answer
</code></pre>
</div>
    
    </div>
    <div id="cxxlog73" class="logdetails">
      <h2>Assignment 73 full log</h2>
    
<div class="failure">
<h3 id="cxxlog73-buildscaffold">Build Scaffold for Assignment 73</h3>
<pre><code>assignment 73 has no c++ directory
</code></pre>
</div>
<div class="success">
<h3 id="cxxlog73-buildanswer">Build Answer for Assignment 73</h3>
<pre><code>Compiling c++_answer/ for assignment in ../assignmentdb/73-ColorEncoding/c++_answer
rm encoding.o
rm Encoding
rm: cannot remove 'Encoding': No such file or directory
make: [Makefile:33: clean] Error 1 (ignored)
g++ -g  -std=c++14 -I /home/bridges-testing/bridges-cxx-install/include/ -c encoding.cpp -o encoding.o
g++ -o Encoding encoding.o -g -L /home/bridges-testing/bridges-cxx-install/lib/ -pthread -lcurl -l bridges 
</code></pre>
</div>
<div class="failure">
<h3 id="cxxlog73-runanswer">Run Answer for Assignment 73</h3>
<pre><code>Guessing ./Encoding is the right binary file where main is

Segmentation fault (core dumped)
could not run c++_answer for assignment in ../assignmentdb/73-ColorEncoding/c++_answer
</code></pre>
</div>
    
    </div>
    <div id="cxxlog74" class="logdetails">
      <h2>Assignment 74 full log</h2>
    
<div class="failure">
<h3 id="cxxlog74-buildscaffold">Build Scaffold for Assignment 74</h3>
<pre><code>assignment 74 has no c++ directory
</code></pre>
</div>
<div class="failure">
<h3 id="cxxlog74-buildanswer">Build Answer for Assignment 74</h3>
<pre><code>assignment 74 has no c++_answer directory
</code></pre>
</div>
<div class="failure">
<h3 id="cxxlog74-runanswer">Run Answer for Assignment 74</h3>
<pre><code>assignment 74 has no c++_answer directory
</code></pre>
</div>
    
    </div>
    <div id="cxxlog75" class="logdetails">
      <h2>Assignment 75 full log</h2>
    
<div class="success">
<h3 id="cxxlog75-buildscaffold">Build Scaffold for Assignment 75</h3>
<pre><code>Compiling c++/ for assignment in ../assignmentdb/75-KochCurve/c++
rm koch.o
rm koch
rm: cannot remove 'koch': No such file or directory
make: [Makefile:32: clean] Error 1 (ignored)
g++ -g  -std=c++14 -I /home/bridges-testing/bridges-cxx-install/include/ -c koch.cpp -o koch.o
g++ -o koch koch.o -g -L /home/bridges-testing/bridges-cxx-install/lib/ -pthread -lcurl -l bridges 
</code></pre>
</div>
<div class="success">
<h3 id="cxxlog75-buildanswer">Build Answer for Assignment 75</h3>
<pre><code>Compiling c++_answer/ for assignment in ../assignmentdb/75-KochCurve/c++_answer
rm koch.o
rm koch
rm: cannot remove 'koch': No such file or directory
make: [Makefile:32: clean] Error 1 (ignored)
g++ -g  -std=c++14 -I /home/bridges-testing/bridges-cxx-install/include/ -c koch.cpp -o koch.o
g++ -o koch koch.o -g -L /home/bridges-testing/bridges-cxx-install/lib/ -pthread -lcurl -l bridges 
</code></pre>
</div>
<div class="failure">
<h3 id="cxxlog75-runanswer">Run Answer for Assignment 75</h3>
<pre><code>Guessing ./koch is the right binary file where main is

Segmentation fault (core dumped)
could not run c++_answer for assignment in ../assignmentdb/75-KochCurve/c++_answer
</code></pre>
</div>
    
    </div>
    <div id="cxxlog76" class="logdetails">
      <h2>Assignment 76 full log</h2>
    
<div class="success">
<h3 id="cxxlog76-buildscaffold">Build Scaffold for Assignment 76</h3>
<pre><code>Compiling c++/ for assignment in ../assignmentdb/76-Zcurve/c++
rm zcurve.o
rm zcurve
rm: cannot remove 'zcurve': No such file or directory
make: [Makefile:32: clean] Error 1 (ignored)
g++ -g  -std=c++14 -I /home/bridges-testing/bridges-cxx-install/include/ -c zcurve.cpp -o zcurve.o
g++ -o zcurve zcurve.o -g -L /home/bridges-testing/bridges-cxx-install/lib/ -pthread -lcurl -l bridges 
</code></pre>
</div>
<div class="success">
<h3 id="cxxlog76-buildanswer">Build Answer for Assignment 76</h3>
<pre><code>Compiling c++_answer/ for assignment in ../assignmentdb/76-Zcurve/c++_answer
rm zcurve.o
rm zcurve
rm: cannot remove 'zcurve': No such file or directory
make: [Makefile:32: clean] Error 1 (ignored)
g++ -g  -std=c++14 -I /home/bridges-testing/bridges-cxx-install/include/ -c zcurve.cpp -o zcurve.o
g++ -o zcurve zcurve.o -g -L /home/bridges-testing/bridges-cxx-install/lib/ -pthread -lcurl -l bridges 
</code></pre>
</div>
<div class="failure">
<h3 id="cxxlog76-runanswer">Run Answer for Assignment 76</h3>
<pre><code>Guessing ./zcurve is the right binary file where main is

Segmentation fault (core dumped)
could not run c++_answer for assignment in ../assignmentdb/76-Zcurve/c++_answer
</code></pre>
</div>
    
    </div>
    <div id="cxxlog77" class="logdetails">
      <h2>Assignment 77 full log</h2>
    
<div class="failure">
<h3 id="cxxlog77-buildscaffold">Build Scaffold for Assignment 77</h3>
<pre><code>assignment 77 has no c++ directory
</code></pre>
</div>
<div class="failure">
<h3 id="cxxlog77-buildanswer">Build Answer for Assignment 77</h3>
<pre><code>assignment 77 has no c++_answer directory
</code></pre>
</div>
<div class="failure">
<h3 id="cxxlog77-runanswer">Run Answer for Assignment 77</h3>
<pre><code>assignment 77 has no c++_answer directory
</code></pre>
</div>
    
    </div>
    <div id="cxxlog78" class="logdetails">
      <h2>Assignment 78 full log</h2>
    
<div class="failure">
<h3 id="cxxlog78-buildscaffold">Build Scaffold for Assignment 78</h3>
<pre><code>assignment 78 has no c++ directory
</code></pre>
</div>
<div class="success">
<h3 id="cxxlog78-buildanswer">Build Answer for Assignment 78</h3>
<pre><code>Compiling c++_answer/ for assignment in ../assignmentdb/78-Thresholding/c++_answer
rm thresholdAudio.o
rm thresholdAudio
rm: cannot remove 'thresholdAudio': No such file or directory
make: [Makefile:32: clean] Error 1 (ignored)
g++ -g  -std=c++14 -I /home/bridges-testing/bridges-cxx-install/include/ -c thresholdAudio.cpp -o thresholdAudio.o
g++ -o thresholdAudio thresholdAudio.o -g -L /home/bridges-testing/bridges-cxx-install/lib/ -pthread -lcurl -l bridges 
</code></pre>
</div>
<div class="failure">
<h3 id="cxxlog78-runanswer">Run Answer for Assignment 78</h3>
<pre><code>Guessing ./thresholdAudio is the right binary file where main is

Segmentation fault (core dumped)
could not run c++_answer for assignment in ../assignmentdb/78-Thresholding/c++_answer
</code></pre>
</div>
    
    </div>
    <div id="cxxlog79" class="logdetails">
      <h2>Assignment 79 full log</h2>
    
<div class="failure">
<h3 id="cxxlog79-buildscaffold">Build Scaffold for Assignment 79</h3>
<pre><code>assignment 79 has no c++ directory
</code></pre>
</div>
<div class="failure">
<h3 id="cxxlog79-buildanswer">Build Answer for Assignment 79</h3>
<pre><code>assignment 79 has no c++_answer directory
</code></pre>
</div>
<div class="failure">
<h3 id="cxxlog79-runanswer">Run Answer for Assignment 79</h3>
<pre><code>assignment 79 has no c++_answer directory
</code></pre>
</div>
    
    </div>
    <div id="cxxlog80" class="logdetails">
      <h2>Assignment 80 full log</h2>
    
<div class="failure">
<h3 id="cxxlog80-buildscaffold">Build Scaffold for Assignment 80</h3>
<pre><code>assignment 80 has no c++ directory
</code></pre>
</div>
<div class="failure">
<h3 id="cxxlog80-buildanswer">Build Answer for Assignment 80</h3>
<pre><code>assignment 80 has no c++_answer directory
</code></pre>
</div>
<div class="failure">
<h3 id="cxxlog80-runanswer">Run Answer for Assignment 80</h3>
<pre><code>assignment 80 has no c++_answer directory
</code></pre>
</div>
    
    </div>
    <div id="cxxlog81" class="logdetails">
      <h2>Assignment 81 full log</h2>
    
<div class="failure">
<h3 id="cxxlog81-buildscaffold">Build Scaffold for Assignment 81</h3>
<pre><code>assignment 81 has no c++ directory
</code></pre>
</div>
<div class="success">
<h3 id="cxxlog81-buildanswer">Build Answer for Assignment 81</h3>
<pre><code>Compiling c++_answer/ for assignment in ../assignmentdb/81-VisualizeAudio/c++_answer
rm visualizeAudio.o
rm visualizeAudio
rm: cannot remove 'visualizeAudio': No such file or directory
make: [Makefile:32: clean] Error 1 (ignored)
g++ -g  -std=c++14 -I /home/bridges-testing/bridges-cxx-install/include/ -c visualizeAudio.cpp -o visualizeAudio.o
g++ -o visualizeAudio visualizeAudio.o -g -L /home/bridges-testing/bridges-cxx-install/lib/ -pthread -lcurl -l bridges 
</code></pre>
</div>
<div class="failure">
<h3 id="cxxlog81-runanswer">Run Answer for Assignment 81</h3>
<pre><code>Guessing ./visualizeAudio is the right binary file where main is

Segmentation fault (core dumped)
could not run c++_answer for assignment in ../assignmentdb/81-VisualizeAudio/c++_answer
</code></pre>
</div>
    
    </div>
    <div id="cxxlog82" class="logdetails">
      <h2>Assignment 82 full log</h2>
    
<div class="failure">
<h3 id="cxxlog82-buildscaffold">Build Scaffold for Assignment 82</h3>
<pre><code>assignment 82 has no c++ directory
</code></pre>
</div>
<div class="failure">
<h3 id="cxxlog82-buildanswer">Build Answer for Assignment 82</h3>
<pre><code>assignment 82 has no c++_answer directory
</code></pre>
</div>
<div class="failure">
<h3 id="cxxlog82-runanswer">Run Answer for Assignment 82</h3>
<pre><code>assignment 82 has no c++_answer directory
</code></pre>
</div>
    
    </div>
    <div id="cxxlog83" class="logdetails">
      <h2>Assignment 83 full log</h2>
    
<div class="failure">
<h3 id="cxxlog83-buildscaffold">Build Scaffold for Assignment 83</h3>
<pre><code>assignment 83 has no c++ directory
</code></pre>
</div>
<div class="failure">
<h3 id="cxxlog83-buildanswer">Build Answer for Assignment 83</h3>
<pre><code>assignment 83 has no c++_answer directory
</code></pre>
</div>
<div class="failure">
<h3 id="cxxlog83-runanswer">Run Answer for Assignment 83</h3>
<pre><code>assignment 83 has no c++_answer directory
</code></pre>
</div>
    
    </div>
    <div id="cxxlog84" class="logdetails">
      <h2>Assignment 84 full log</h2>
    
<div class="failure">
<h3 id="cxxlog84-buildscaffold">Build Scaffold for Assignment 84</h3>
<pre><code>assignment 84 has no c++ directory
</code></pre>
</div>
<div class="failure">
<h3 id="cxxlog84-buildanswer">Build Answer for Assignment 84</h3>
<pre><code>Compiling c++_answer/ for assignment in ../assignmentdb/84-Energy/c++_answer
make: *** No rule to make target 'clean'.  Stop.
make: *** No targets specified and no makefile found.  Stop.
could not compile c++_answer/ for assignment in ../assignmentdb/84-Energy/c++_answer
</code></pre>
</div>
<div class="failure">
<h3 id="cxxlog84-runanswer">Run Answer for Assignment 84</h3>
<pre><code>can't guess a binary file to run
could not run c++_answer for assignment in ../assignmentdb/84-Energy/c++_answer
</code></pre>
</div>
    
    </div>
    <div id="cxxlog85" class="logdetails">
      <h2>Assignment 85 full log</h2>
    
<div class="failure">
<h3 id="cxxlog85-buildscaffold">Build Scaffold for Assignment 85</h3>
<pre><code>assignment 85 has no c++ directory
</code></pre>
</div>
<div class="failure">
<h3 id="cxxlog85-buildanswer">Build Answer for Assignment 85</h3>
<pre><code>Compiling c++_answer/ for assignment in ../assignmentdb/85-ForestCov/c++_answer
make: *** No rule to make target 'clean'.  Stop.
make: *** No targets specified and no makefile found.  Stop.
could not compile c++_answer/ for assignment in ../assignmentdb/85-ForestCov/c++_answer
</code></pre>
</div>
<div class="failure">
<h3 id="cxxlog85-runanswer">Run Answer for Assignment 85</h3>
<pre><code>can't guess a binary file to run
could not run c++_answer for assignment in ../assignmentdb/85-ForestCov/c++_answer
</code></pre>
</div>
    
    </div>
  </body>
